23-Aug-2022 02:14:54.332 INFORMAÇÕES [main] org.apache.catalina.startup.VersionLoggerListener.log Server version name:   Apache Tomcat/10.0.23
23-Aug-2022 02:14:54.334 INFORMAÇÕES [main] org.apache.catalina.startup.VersionLoggerListener.log Server built:          Jul 14 2022 08:16:11 UTC
23-Aug-2022 02:14:54.334 INFORMAÇÕES [main] org.apache.catalina.startup.VersionLoggerListener.log Server version number: 10.0.23.0
23-Aug-2022 02:14:54.334 INFORMAÇÕES [main] org.apache.catalina.startup.VersionLoggerListener.log OS Name:               Windows 10
23-Aug-2022 02:14:54.334 INFORMAÇÕES [main] org.apache.catalina.startup.VersionLoggerListener.log OS Version:            10.0
23-Aug-2022 02:14:54.334 INFORMAÇÕES [main] org.apache.catalina.startup.VersionLoggerListener.log Architecture:          amd64
23-Aug-2022 02:14:54.334 INFORMAÇÕES [main] org.apache.catalina.startup.VersionLoggerListener.log Java Home:             C:\Program Files\Java\jdk1.8.0_202\jre
23-Aug-2022 02:14:54.335 INFORMAÇÕES [main] org.apache.catalina.startup.VersionLoggerListener.log JVM Version:           1.8.0_202-b08
23-Aug-2022 02:14:54.335 INFORMAÇÕES [main] org.apache.catalina.startup.VersionLoggerListener.log JVM Vendor:            Oracle Corporation
23-Aug-2022 02:14:54.335 INFORMAÇÕES [main] org.apache.catalina.startup.VersionLoggerListener.log CATALINA_BASE:         C:\Users\User\OneDrive\Documentos\NetBeansProjects\apache-tomcat-10.0.23
23-Aug-2022 02:14:54.335 INFORMAÇÕES [main] org.apache.catalina.startup.VersionLoggerListener.log CATALINA_HOME:         C:\Users\User\OneDrive\Documentos\NetBeansProjects\apache-tomcat-10.0.23
23-Aug-2022 02:14:54.336 INFORMAÇÕES [main] org.apache.catalina.startup.VersionLoggerListener.log Command line argument: -Djava.util.logging.config.file=C:\Users\User\OneDrive\Documentos\NetBeansProjects\apache-tomcat-10.0.23\conf\logging.properties
23-Aug-2022 02:14:54.336 INFORMAÇÕES [main] org.apache.catalina.startup.VersionLoggerListener.log Command line argument: -Djava.util.logging.manager=org.apache.juli.ClassLoaderLogManager
23-Aug-2022 02:14:54.336 INFORMAÇÕES [main] org.apache.catalina.startup.VersionLoggerListener.log Command line argument: -Dhttp.nonProxyHosts=localhost|127.0.0.1|DESKTOP-2UF3N87
23-Aug-2022 02:14:54.336 INFORMAÇÕES [main] org.apache.catalina.startup.VersionLoggerListener.log Command line argument: -Djdk.tls.ephemeralDHKeySize=2048
23-Aug-2022 02:14:54.336 INFORMAÇÕES [main] org.apache.catalina.startup.VersionLoggerListener.log Command line argument: -Djava.protocol.handler.pkgs=org.apache.catalina.webresources
23-Aug-2022 02:14:54.336 INFORMAÇÕES [main] org.apache.catalina.startup.VersionLoggerListener.log Command line argument: -Dignore.endorsed.dirs=
23-Aug-2022 02:14:54.337 INFORMAÇÕES [main] org.apache.catalina.startup.VersionLoggerListener.log Command line argument: -Dcatalina.base=C:\Users\User\OneDrive\Documentos\NetBeansProjects\apache-tomcat-10.0.23
23-Aug-2022 02:14:54.337 INFORMAÇÕES [main] org.apache.catalina.startup.VersionLoggerListener.log Command line argument: -Dcatalina.home=C:\Users\User\OneDrive\Documentos\NetBeansProjects\apache-tomcat-10.0.23
23-Aug-2022 02:14:54.337 INFORMAÇÕES [main] org.apache.catalina.startup.VersionLoggerListener.log Command line argument: -Djava.io.tmpdir=C:\Users\User\OneDrive\Documentos\NetBeansProjects\apache-tomcat-10.0.23\temp
23-Aug-2022 02:14:54.342 INFORMAÇÕES [main] org.apache.catalina.core.AprLifecycleListener.lifecycleEvent The Apache Tomcat Native library which allows using OpenSSL was not found on the java.library.path: [C:\Program Files\Java\jdk1.8.0_202\bin;C:\WINDOWS\Sun\Java\bin;C:\WINDOWS\system32;C:\WINDOWS;C:\Program Files (x86)\Common Files\Oracle\Java\javapath;C:\WINDOWS\system32;C:\WINDOWS;C:\WINDOWS\System32\Wbem;C:\WINDOWS\System32\WindowsPowerShell\v1.0\;C:\WINDOWS\System32\OpenSSH\;C:\Program Files\Git\cmd;C:\Program Files (x86)\NVIDIA Corporation\PhysX\Common;C:\Program Files\NVIDIA Corporation\NVIDIA NvDLISR;C:\ProgramData\UNIVALI\Portugol Studio;C:\Program Files\wooting-analog-sdk\;C:\Program Files\nodejs\;C:\Program Files (x86)\dotnet\;C:\Users\User\AppData\Local\Microsoft\WindowsApps;C:\Users\User\AppData\Local\Programs\Microsoft VS Code\bin;C:\Users\User\AppData\Roaming\npm;.]
23-Aug-2022 02:14:54.556 INFORMAÇÕES [main] org.apache.coyote.AbstractProtocol.init Initializing ProtocolHandler ["http-nio-8080"]
23-Aug-2022 02:14:54.569 INFORMAÇÕES [main] org.apache.catalina.startup.Catalina.load Server initialization in [348] milliseconds
23-Aug-2022 02:14:54.590 INFORMAÇÕES [main] org.apache.catalina.core.StandardService.startInternal Starting service [Catalina]
23-Aug-2022 02:14:54.590 INFORMAÇÕES [main] org.apache.catalina.core.StandardEngine.startInternal Starting Servlet engine: [Apache Tomcat/10.0.23]
23-Aug-2022 02:14:54.597 INFORMAÇÕES [main] org.apache.catalina.startup.HostConfig.deployDescriptor Deploying deployment descriptor [C:\Users\User\OneDrive\Documentos\NetBeansProjects\apache-tomcat-10.0.23\conf\Catalina\localhost\PessoaWeb.xml]
23-Aug-2022 02:14:54.611 ADVERTÊNCIA [main] org.apache.catalina.startup.HostConfig.deployDescriptor The path attribute with value [/PessoaWeb] in deployment descriptor [C:\Users\User\OneDrive\Documentos\NetBeansProjects\apache-tomcat-10.0.23\conf\Catalina\localhost\PessoaWeb.xml] has been ignored
23-Aug-2022 02:14:55.242 INFORMAÇÕES [main] org.apache.jasper.servlet.TldScanner.scanJars At least one JAR was scanned for TLDs yet contained no TLDs. Enable debug logging for this logger for a complete list of JARs that were scanned but no TLDs were found in them. Skipping unneeded JARs during scanning can improve startup time and JSP compilation time.
23-Aug-2022 02:14:55.357 INFORMAÇÕES [main] org.apache.catalina.startup.HostConfig.deployDescriptor Deployment of deployment descriptor [C:\Users\User\OneDrive\Documentos\NetBeansProjects\apache-tomcat-10.0.23\conf\Catalina\localhost\PessoaWeb.xml] has finished in [758] ms
23-Aug-2022 02:14:55.357 INFORMAÇÕES [main] org.apache.catalina.startup.HostConfig.deployDirectory Diretório de instalação da aplicação web [C:\Users\User\OneDrive\Documentos\NetBeansProjects\apache-tomcat-10.0.23\webapps\docs]
23-Aug-2022 02:14:55.374 INFORMAÇÕES [main] org.apache.catalina.startup.HostConfig.deployDirectory Deployment of web application directory [C:\Users\User\OneDrive\Documentos\NetBeansProjects\apache-tomcat-10.0.23\webapps\docs] has finished in [17] ms
23-Aug-2022 02:14:55.374 INFORMAÇÕES [main] org.apache.catalina.startup.HostConfig.deployDirectory Diretório de instalação da aplicação web [C:\Users\User\OneDrive\Documentos\NetBeansProjects\apache-tomcat-10.0.23\webapps\examples]
23-Aug-2022 02:14:55.894 INFORMAÇÕES [main] org.apache.catalina.startup.HostConfig.deployDirectory Deployment of web application directory [C:\Users\User\OneDrive\Documentos\NetBeansProjects\apache-tomcat-10.0.23\webapps\examples] has finished in [520] ms
23-Aug-2022 02:14:55.894 INFORMAÇÕES [main] org.apache.catalina.startup.HostConfig.deployDirectory Diretório de instalação da aplicação web [C:\Users\User\OneDrive\Documentos\NetBeansProjects\apache-tomcat-10.0.23\webapps\host-manager]
23-Aug-2022 02:14:55.925 INFORMAÇÕES [main] org.apache.catalina.startup.HostConfig.deployDirectory Deployment of web application directory [C:\Users\User\OneDrive\Documentos\NetBeansProjects\apache-tomcat-10.0.23\webapps\host-manager] has finished in [31] ms
23-Aug-2022 02:14:55.925 INFORMAÇÕES [main] org.apache.catalina.startup.HostConfig.deployDirectory Diretório de instalação da aplicação web [C:\Users\User\OneDrive\Documentos\NetBeansProjects\apache-tomcat-10.0.23\webapps\manager]
23-Aug-2022 02:14:55.957 INFORMAÇÕES [main] org.apache.catalina.startup.HostConfig.deployDirectory Deployment of web application directory [C:\Users\User\OneDrive\Documentos\NetBeansProjects\apache-tomcat-10.0.23\webapps\manager] has finished in [32] ms
23-Aug-2022 02:14:55.957 INFORMAÇÕES [main] org.apache.catalina.startup.HostConfig.deployDirectory Diretório de instalação da aplicação web [C:\Users\User\OneDrive\Documentos\NetBeansProjects\apache-tomcat-10.0.23\webapps\ROOT]
23-Aug-2022 02:14:55.974 INFORMAÇÕES [main] org.apache.catalina.startup.HostConfig.deployDirectory Deployment of web application directory [C:\Users\User\OneDrive\Documentos\NetBeansProjects\apache-tomcat-10.0.23\webapps\ROOT] has finished in [17] ms
23-Aug-2022 02:14:55.977 INFORMAÇÕES [main] org.apache.coyote.AbstractProtocol.start Starting ProtocolHandler ["http-nio-8080"]
23-Aug-2022 02:14:55.989 INFORMAÇÕES [main] org.apache.catalina.startup.Catalina.start Server startup in [1419] milliseconds
23-Aug-2022 02:14:57.887 INFORMAÇÕES [http-nio-8080-exec-1] org.apache.catalina.startup.HostConfig.deployDescriptor Deploying deployment descriptor [C:\Users\User\OneDrive\Documentos\NetBeansProjects\apache-tomcat-10.0.23\conf\Catalina\localhost\CrudJava.xml]
23-Aug-2022 02:14:57.888 ADVERTÊNCIA [http-nio-8080-exec-1] org.apache.catalina.startup.HostConfig.deployDescriptor The path attribute with value [/CrudJava] in deployment descriptor [C:\Users\User\OneDrive\Documentos\NetBeansProjects\apache-tomcat-10.0.23\conf\Catalina\localhost\CrudJava.xml] has been ignored
23-Aug-2022 02:14:57.939 INFORMAÇÕES [http-nio-8080-exec-1] org.apache.jasper.servlet.TldScanner.scanJars At least one JAR was scanned for TLDs yet contained no TLDs. Enable debug logging for this logger for a complete list of JARs that were scanned but no TLDs were found in them. Skipping unneeded JARs during scanning can improve startup time and JSP compilation time.
23-Aug-2022 02:14:57.941 INFORMAÇÕES [http-nio-8080-exec-1] org.apache.catalina.startup.HostConfig.deployDescriptor Deployment of deployment descriptor [C:\Users\User\OneDrive\Documentos\NetBeansProjects\apache-tomcat-10.0.23\conf\Catalina\localhost\CrudJava.xml] has finished in [53] ms
23-Aug-2022 02:14:57.945 INFORMAÇÕES [http-nio-8080-exec-2] org.apache.catalina.util.LifecycleBase.start The start() method was called on component [StandardEngine[Catalina].StandardHost[localhost].StandardContext[/CrudJava]] after start() had already been called. The second call will be ignored.
23-Aug-2022 03:50:16.661 INFORMAÇÕES [http-nio-8080-exec-7] org.apache.catalina.core.StandardContext.reload Reloading Context with name [/CrudJava] has started
23-Aug-2022 03:50:16.739 INFORMAÇÕES [http-nio-8080-exec-7] org.apache.jasper.servlet.TldScanner.scanJars At least one JAR was scanned for TLDs yet contained no TLDs. Enable debug logging for this logger for a complete list of JARs that were scanned but no TLDs were found in them. Skipping unneeded JARs during scanning can improve startup time and JSP compilation time.
23-Aug-2022 03:50:16.741 INFORMAÇÕES [http-nio-8080-exec-7] org.apache.catalina.core.StandardContext.reload Reloading Context with name [/CrudJava] is completed
23-Aug-2022 03:50:21.644 INFORMAÇÕES [http-nio-8080-exec-6] org.apache.catalina.core.StandardContext.reload Reloading Context with name [/CrudJava] has started
23-Aug-2022 03:50:21.672 INFORMAÇÕES [http-nio-8080-exec-6] org.apache.jasper.servlet.TldScanner.scanJars At least one JAR was scanned for TLDs yet contained no TLDs. Enable debug logging for this logger for a complete list of JARs that were scanned but no TLDs were found in them. Skipping unneeded JARs during scanning can improve startup time and JSP compilation time.
23-Aug-2022 03:50:21.673 INFORMAÇÕES [http-nio-8080-exec-6] org.apache.catalina.core.StandardContext.reload Reloading Context with name [/CrudJava] is completed
23-Aug-2022 03:50:23.416 INFORMAÇÕES [http-nio-8080-exec-8] org.apache.catalina.core.StandardContext.reload Reloading Context with name [/CrudJava] has started
23-Aug-2022 03:50:23.438 INFORMAÇÕES [http-nio-8080-exec-8] org.apache.jasper.servlet.TldScanner.scanJars At least one JAR was scanned for TLDs yet contained no TLDs. Enable debug logging for this logger for a complete list of JARs that were scanned but no TLDs were found in them. Skipping unneeded JARs during scanning can improve startup time and JSP compilation time.
23-Aug-2022 03:50:23.439 INFORMAÇÕES [http-nio-8080-exec-8] org.apache.catalina.core.StandardContext.reload Reloading Context with name [/CrudJava] is completed
23-Aug-2022 04:04:52.690 INFORMAÇÕES [http-nio-8080-exec-19] org.apache.catalina.core.StandardContext.reload Reloading Context with name [/CrudJava] has started
23-Aug-2022 04:04:52.745 INFORMAÇÕES [http-nio-8080-exec-19] org.apache.jasper.servlet.TldScanner.scanJars At least one JAR was scanned for TLDs yet contained no TLDs. Enable debug logging for this logger for a complete list of JARs that were scanned but no TLDs were found in them. Skipping unneeded JARs during scanning can improve startup time and JSP compilation time.
23-Aug-2022 04:04:52.746 INFORMAÇÕES [http-nio-8080-exec-19] org.apache.catalina.core.StandardContext.reload Reloading Context with name [/CrudJava] is completed
23-Aug-2022 04:05:35.220 INFORMAÇÕES [http-nio-8080-exec-22] org.apache.catalina.core.StandardContext.reload Reloading Context with name [/CrudJava] has started
23-Aug-2022 04:05:35.266 INFORMAÇÕES [http-nio-8080-exec-22] org.apache.jasper.servlet.TldScanner.scanJars At least one JAR was scanned for TLDs yet contained no TLDs. Enable debug logging for this logger for a complete list of JARs that were scanned but no TLDs were found in them. Skipping unneeded JARs during scanning can improve startup time and JSP compilation time.
23-Aug-2022 04:05:35.267 INFORMAÇÕES [http-nio-8080-exec-22] org.apache.catalina.core.StandardContext.reload Reloading Context with name [/CrudJava] is completed
23-Aug-2022 04:06:16.742 INFORMAÇÕES [http-nio-8080-exec-23] org.apache.catalina.core.StandardContext.reload Reloading Context with name [/CrudJava] has started
23-Aug-2022 04:06:16.790 INFORMAÇÕES [http-nio-8080-exec-23] org.apache.jasper.servlet.TldScanner.scanJars At least one JAR was scanned for TLDs yet contained no TLDs. Enable debug logging for this logger for a complete list of JARs that were scanned but no TLDs were found in them. Skipping unneeded JARs during scanning can improve startup time and JSP compilation time.
23-Aug-2022 04:06:16.791 INFORMAÇÕES [http-nio-8080-exec-23] org.apache.catalina.core.StandardContext.reload Reloading Context with name [/CrudJava] is completed
23-Aug-2022 04:06:39.872 INFORMAÇÕES [http-nio-8080-exec-22] org.apache.catalina.core.StandardContext.reload Reloading Context with name [/CrudJava] has started
23-Aug-2022 04:06:39.893 INFORMAÇÕES [http-nio-8080-exec-22] org.apache.jasper.servlet.TldScanner.scanJars At least one JAR was scanned for TLDs yet contained no TLDs. Enable debug logging for this logger for a complete list of JARs that were scanned but no TLDs were found in them. Skipping unneeded JARs during scanning can improve startup time and JSP compilation time.
23-Aug-2022 04:06:39.894 INFORMAÇÕES [http-nio-8080-exec-22] org.apache.catalina.core.StandardContext.reload Reloading Context with name [/CrudJava] is completed
23-Aug-2022 04:07:00.769 INFORMAÇÕES [http-nio-8080-exec-27] org.apache.catalina.core.StandardContext.reload Reloading Context with name [/CrudJava] has started
23-Aug-2022 04:07:00.812 INFORMAÇÕES [http-nio-8080-exec-27] org.apache.jasper.servlet.TldScanner.scanJars At least one JAR was scanned for TLDs yet contained no TLDs. Enable debug logging for this logger for a complete list of JARs that were scanned but no TLDs were found in them. Skipping unneeded JARs during scanning can improve startup time and JSP compilation time.
23-Aug-2022 04:07:00.813 INFORMAÇÕES [http-nio-8080-exec-27] org.apache.catalina.core.StandardContext.reload Reloading Context with name [/CrudJava] is completed
23-Aug-2022 04:07:42.555 INFORMAÇÕES [http-nio-8080-exec-29] org.apache.catalina.core.StandardContext.reload Reloading Context with name [/CrudJava] has started
23-Aug-2022 04:07:42.600 INFORMAÇÕES [http-nio-8080-exec-29] org.apache.jasper.servlet.TldScanner.scanJars At least one JAR was scanned for TLDs yet contained no TLDs. Enable debug logging for this logger for a complete list of JARs that were scanned but no TLDs were found in them. Skipping unneeded JARs during scanning can improve startup time and JSP compilation time.
23-Aug-2022 04:07:42.601 INFORMAÇÕES [http-nio-8080-exec-29] org.apache.catalina.core.StandardContext.reload Reloading Context with name [/CrudJava] is completed
23-Aug-2022 04:07:56.151 INFORMAÇÕES [http-nio-8080-exec-31] org.apache.catalina.core.StandardContext.reload Reloading Context with name [/CrudJava] has started
23-Aug-2022 04:07:56.173 INFORMAÇÕES [http-nio-8080-exec-31] org.apache.jasper.servlet.TldScanner.scanJars At least one JAR was scanned for TLDs yet contained no TLDs. Enable debug logging for this logger for a complete list of JARs that were scanned but no TLDs were found in them. Skipping unneeded JARs during scanning can improve startup time and JSP compilation time.
23-Aug-2022 04:07:56.174 INFORMAÇÕES [http-nio-8080-exec-31] org.apache.catalina.core.StandardContext.reload Reloading Context with name [/CrudJava] is completed
23-Aug-2022 04:08:09.282 INFORMAÇÕES [http-nio-8080-exec-33] org.apache.catalina.core.StandardContext.reload Reloading Context with name [/CrudJava] has started
23-Aug-2022 04:08:09.303 INFORMAÇÕES [http-nio-8080-exec-33] org.apache.jasper.servlet.TldScanner.scanJars At least one JAR was scanned for TLDs yet contained no TLDs. Enable debug logging for this logger for a complete list of JARs that were scanned but no TLDs were found in them. Skipping unneeded JARs during scanning can improve startup time and JSP compilation time.
23-Aug-2022 04:08:09.304 INFORMAÇÕES [http-nio-8080-exec-33] org.apache.catalina.core.StandardContext.reload Reloading Context with name [/CrudJava] is completed
23-Aug-2022 04:08:54.511 INFORMAÇÕES [http-nio-8080-exec-18] org.apache.catalina.core.StandardContext.reload Reloading Context with name [/CrudJava] has started
23-Aug-2022 04:08:54.555 INFORMAÇÕES [http-nio-8080-exec-18] org.apache.jasper.servlet.TldScanner.scanJars At least one JAR was scanned for TLDs yet contained no TLDs. Enable debug logging for this logger for a complete list of JARs that were scanned but no TLDs were found in them. Skipping unneeded JARs during scanning can improve startup time and JSP compilation time.
23-Aug-2022 04:08:54.556 INFORMAÇÕES [http-nio-8080-exec-18] org.apache.catalina.core.StandardContext.reload Reloading Context with name [/CrudJava] is completed
23-Aug-2022 04:09:30.394 INFORMAÇÕES [http-nio-8080-exec-35] org.apache.catalina.core.StandardContext.reload Reloading Context with name [/CrudJava] has started
23-Aug-2022 04:09:30.438 INFORMAÇÕES [http-nio-8080-exec-35] org.apache.jasper.servlet.TldScanner.scanJars At least one JAR was scanned for TLDs yet contained no TLDs. Enable debug logging for this logger for a complete list of JARs that were scanned but no TLDs were found in them. Skipping unneeded JARs during scanning can improve startup time and JSP compilation time.
23-Aug-2022 04:09:30.438 INFORMAÇÕES [http-nio-8080-exec-35] org.apache.catalina.core.StandardContext.reload Reloading Context with name [/CrudJava] is completed
23-Aug-2022 04:14:19.480 INFORMAÇÕES [main] org.apache.catalina.core.StandardServer.await A valid shutdown command was received via the shutdown port. Stopping the Server instance.
23-Aug-2022 04:14:19.481 INFORMAÇÕES [main] org.apache.coyote.AbstractProtocol.pause Pausing ProtocolHandler ["http-nio-8080"]
23-Aug-2022 04:14:19.562 INFORMAÇÕES [main] org.apache.catalina.core.StandardService.stopInternal Stopping service [Catalina]
23-Aug-2022 04:14:19.589 INFORMAÇÕES [main] org.apache.coyote.AbstractProtocol.stop Stopping ProtocolHandler ["http-nio-8080"]
23-Aug-2022 04:14:19.602 INFORMAÇÕES [main] org.apache.coyote.AbstractProtocol.destroy Destroying ProtocolHandler ["http-nio-8080"]
