01-Sep-2022 00:12:08.984 INFORMAÇÕES [main] org.apache.catalina.startup.VersionLoggerListener.log Server version name:   Apache Tomcat/10.0.23
01-Sep-2022 00:12:08.985 INFORMAÇÕES [main] org.apache.catalina.startup.VersionLoggerListener.log Server built:          Jul 14 2022 08:16:11 UTC
01-Sep-2022 00:12:08.985 INFORMAÇÕES [main] org.apache.catalina.startup.VersionLoggerListener.log Server version number: 10.0.23.0
01-Sep-2022 00:12:08.985 INFORMAÇÕES [main] org.apache.catalina.startup.VersionLoggerListener.log OS Name:               Windows 10
01-Sep-2022 00:12:08.985 INFORMAÇÕES [main] org.apache.catalina.startup.VersionLoggerListener.log OS Version:            10.0
01-Sep-2022 00:12:08.985 INFORMAÇÕES [main] org.apache.catalina.startup.VersionLoggerListener.log Architecture:          amd64
01-Sep-2022 00:12:08.985 INFORMAÇÕES [main] org.apache.catalina.startup.VersionLoggerListener.log Java Home:             C:\Program Files\Java\jdk1.8.0_202\jre
01-Sep-2022 00:12:08.986 INFORMAÇÕES [main] org.apache.catalina.startup.VersionLoggerListener.log JVM Version:           1.8.0_202-b08
01-Sep-2022 00:12:08.986 INFORMAÇÕES [main] org.apache.catalina.startup.VersionLoggerListener.log JVM Vendor:            Oracle Corporation
01-Sep-2022 00:12:08.986 INFORMAÇÕES [main] org.apache.catalina.startup.VersionLoggerListener.log CATALINA_BASE:         C:\Users\User\OneDrive\Documentos\NetBeansProjects\apache-tomcat-10.0.23
01-Sep-2022 00:12:08.986 INFORMAÇÕES [main] org.apache.catalina.startup.VersionLoggerListener.log CATALINA_HOME:         C:\Users\User\OneDrive\Documentos\NetBeansProjects\apache-tomcat-10.0.23
01-Sep-2022 00:12:08.987 INFORMAÇÕES [main] org.apache.catalina.startup.VersionLoggerListener.log Command line argument: -Djava.util.logging.config.file=C:\Users\User\OneDrive\Documentos\NetBeansProjects\apache-tomcat-10.0.23\conf\logging.properties
01-Sep-2022 00:12:08.987 INFORMAÇÕES [main] org.apache.catalina.startup.VersionLoggerListener.log Command line argument: -Djava.util.logging.manager=org.apache.juli.ClassLoaderLogManager
01-Sep-2022 00:12:08.987 INFORMAÇÕES [main] org.apache.catalina.startup.VersionLoggerListener.log Command line argument: -Dhttp.nonProxyHosts=localhost|127.0.0.1|DESKTOP-2UF3N87
01-Sep-2022 00:12:08.987 INFORMAÇÕES [main] org.apache.catalina.startup.VersionLoggerListener.log Command line argument: -Djdk.tls.ephemeralDHKeySize=2048
01-Sep-2022 00:12:08.987 INFORMAÇÕES [main] org.apache.catalina.startup.VersionLoggerListener.log Command line argument: -Djava.protocol.handler.pkgs=org.apache.catalina.webresources
01-Sep-2022 00:12:08.987 INFORMAÇÕES [main] org.apache.catalina.startup.VersionLoggerListener.log Command line argument: -Dignore.endorsed.dirs=
01-Sep-2022 00:12:08.987 INFORMAÇÕES [main] org.apache.catalina.startup.VersionLoggerListener.log Command line argument: -Dcatalina.base=C:\Users\User\OneDrive\Documentos\NetBeansProjects\apache-tomcat-10.0.23
01-Sep-2022 00:12:08.987 INFORMAÇÕES [main] org.apache.catalina.startup.VersionLoggerListener.log Command line argument: -Dcatalina.home=C:\Users\User\OneDrive\Documentos\NetBeansProjects\apache-tomcat-10.0.23
01-Sep-2022 00:12:08.987 INFORMAÇÕES [main] org.apache.catalina.startup.VersionLoggerListener.log Command line argument: -Djava.io.tmpdir=C:\Users\User\OneDrive\Documentos\NetBeansProjects\apache-tomcat-10.0.23\temp
01-Sep-2022 00:12:08.993 INFORMAÇÕES [main] org.apache.catalina.core.AprLifecycleListener.lifecycleEvent The Apache Tomcat Native library which allows using OpenSSL was not found on the java.library.path: [C:\Program Files\Java\jdk1.8.0_202\bin;C:\WINDOWS\Sun\Java\bin;C:\WINDOWS\system32;C:\WINDOWS;C:\Program Files (x86)\Common Files\Oracle\Java\javapath;C:\WINDOWS\system32;C:\WINDOWS;C:\WINDOWS\System32\Wbem;C:\WINDOWS\System32\WindowsPowerShell\v1.0\;C:\WINDOWS\System32\OpenSSH\;C:\Program Files\Git\cmd;C:\Program Files (x86)\NVIDIA Corporation\PhysX\Common;C:\Program Files\NVIDIA Corporation\NVIDIA NvDLISR;C:\ProgramData\UNIVALI\Portugol Studio;C:\Program Files\wooting-analog-sdk\;C:\Program Files\nodejs\;C:\Program Files (x86)\dotnet\;C:\Users\User\AppData\Local\Microsoft\WindowsApps;C:\Users\User\AppData\Local\Programs\Microsoft VS Code\bin;C:\Users\User\AppData\Roaming\npm;.]
01-Sep-2022 00:12:09.247 INFORMAÇÕES [main] org.apache.coyote.AbstractProtocol.init Initializing ProtocolHandler ["http-nio-8080"]
01-Sep-2022 00:12:09.260 INFORMAÇÕES [main] org.apache.catalina.startup.Catalina.load Server initialization in [391] milliseconds
01-Sep-2022 00:12:09.279 INFORMAÇÕES [main] org.apache.catalina.core.StandardService.startInternal Starting service [Catalina]
01-Sep-2022 00:12:09.280 INFORMAÇÕES [main] org.apache.catalina.core.StandardEngine.startInternal Starting Servlet engine: [Apache Tomcat/10.0.23]
01-Sep-2022 00:12:09.287 INFORMAÇÕES [main] org.apache.catalina.startup.HostConfig.deployDescriptor Deploying deployment descriptor [C:\Users\User\OneDrive\Documentos\NetBeansProjects\apache-tomcat-10.0.23\conf\Catalina\localhost\Back-End.xml]
01-Sep-2022 00:12:09.301 ADVERTÊNCIA [main] org.apache.catalina.startup.HostConfig.deployDescriptor The path attribute with value [/Back-End] in deployment descriptor [C:\Users\User\OneDrive\Documentos\NetBeansProjects\apache-tomcat-10.0.23\conf\Catalina\localhost\Back-End.xml] has been ignored
01-Sep-2022 00:12:09.928 INFORMAÇÕES [main] org.apache.jasper.servlet.TldScanner.scanJars At least one JAR was scanned for TLDs yet contained no TLDs. Enable debug logging for this logger for a complete list of JARs that were scanned but no TLDs were found in them. Skipping unneeded JARs during scanning can improve startup time and JSP compilation time.
01-Sep-2022 00:12:10.076 ADVERTÊNCIA [main] org.apache.catalina.util.SessionIdGeneratorBase.createSecureRandom Creation of SecureRandom instance for session ID generation using [SHA1PRNG] took [132] milliseconds.
01-Sep-2022 00:12:10.088 INFORMAÇÕES [main] org.apache.catalina.startup.HostConfig.deployDescriptor Deployment of deployment descriptor [C:\Users\User\OneDrive\Documentos\NetBeansProjects\apache-tomcat-10.0.23\conf\Catalina\localhost\Back-End.xml] has finished in [801] ms
01-Sep-2022 00:12:10.089 INFORMAÇÕES [main] org.apache.catalina.startup.HostConfig.deployDescriptor Deploying deployment descriptor [C:\Users\User\OneDrive\Documentos\NetBeansProjects\apache-tomcat-10.0.23\conf\Catalina\localhost\BoxGuard.xml]
01-Sep-2022 00:12:10.090 ADVERTÊNCIA [main] org.apache.catalina.startup.HostConfig.deployDescriptor The path attribute with value [/BoxGuard] in deployment descriptor [C:\Users\User\OneDrive\Documentos\NetBeansProjects\apache-tomcat-10.0.23\conf\Catalina\localhost\BoxGuard.xml] has been ignored
01-Sep-2022 00:12:10.093 GRAVE [main] org.apache.catalina.startup.HostConfig.deployDescriptor Error deploying deployment descriptor [C:\Users\User\OneDrive\Documentos\NetBeansProjects\apache-tomcat-10.0.23\conf\Catalina\localhost\BoxGuard.xml]
	java.lang.IllegalStateException: Error starting child
		at org.apache.catalina.core.ContainerBase.addChildInternal(ContainerBase.java:729)
		at org.apache.catalina.core.ContainerBase.addChild(ContainerBase.java:698)
		at org.apache.catalina.core.StandardHost.addChild(StandardHost.java:747)
		at org.apache.catalina.startup.HostConfig.deployDescriptor(HostConfig.java:693)
		at org.apache.catalina.startup.HostConfig$DeployDescriptor.run(HostConfig.java:1979)
		at java.util.concurrent.Executors$RunnableAdapter.call(Executors.java:511)
		at java.util.concurrent.FutureTask.run(FutureTask.java:266)
		at org.apache.tomcat.util.threads.InlineExecutorService.execute(InlineExecutorService.java:75)
		at java.util.concurrent.AbstractExecutorService.submit(AbstractExecutorService.java:112)
		at org.apache.catalina.startup.HostConfig.deployDescriptors(HostConfig.java:586)
		at org.apache.catalina.startup.HostConfig.deployApps(HostConfig.java:476)
		at org.apache.catalina.startup.HostConfig.start(HostConfig.java:1708)
		at org.apache.catalina.startup.HostConfig.lifecycleEvent(HostConfig.java:320)
		at org.apache.catalina.util.LifecycleBase.fireLifecycleEvent(LifecycleBase.java:123)
		at org.apache.catalina.util.LifecycleBase.setStateInternal(LifecycleBase.java:423)
		at org.apache.catalina.util.LifecycleBase.setState(LifecycleBase.java:366)
		at org.apache.catalina.core.ContainerBase.startInternal(ContainerBase.java:946)
		at org.apache.catalina.core.StandardHost.startInternal(StandardHost.java:886)
		at org.apache.catalina.util.LifecycleBase.start(LifecycleBase.java:183)
		at org.apache.catalina.core.ContainerBase$StartChild.call(ContainerBase.java:1396)
		at org.apache.catalina.core.ContainerBase$StartChild.call(ContainerBase.java:1386)
		at java.util.concurrent.FutureTask.run(FutureTask.java:266)
		at org.apache.tomcat.util.threads.InlineExecutorService.execute(InlineExecutorService.java:75)
		at java.util.concurrent.AbstractExecutorService.submit(AbstractExecutorService.java:134)
		at org.apache.catalina.core.ContainerBase.startInternal(ContainerBase.java:919)
		at org.apache.catalina.core.StandardEngine.startInternal(StandardEngine.java:265)
		at org.apache.catalina.util.LifecycleBase.start(LifecycleBase.java:183)
		at org.apache.catalina.core.StandardService.startInternal(StandardService.java:432)
		at org.apache.catalina.util.LifecycleBase.start(LifecycleBase.java:183)
		at org.apache.catalina.core.StandardServer.startInternal(StandardServer.java:930)
		at org.apache.catalina.util.LifecycleBase.start(LifecycleBase.java:183)
		at org.apache.catalina.startup.Catalina.start(Catalina.java:795)
		at sun.reflect.NativeMethodAccessorImpl.invoke0(Native Method)
		at sun.reflect.NativeMethodAccessorImpl.invoke(NativeMethodAccessorImpl.java:62)
		at sun.reflect.DelegatingMethodAccessorImpl.invoke(DelegatingMethodAccessorImpl.java:43)
		at java.lang.reflect.Method.invoke(Method.java:498)
		at org.apache.catalina.startup.Bootstrap.start(Bootstrap.java:345)
		at org.apache.catalina.startup.Bootstrap.main(Bootstrap.java:476)
	Caused by: org.apache.catalina.LifecycleException: Failed to start component [org.apache.catalina.webresources.StandardRoot@44b3606b]
		at org.apache.catalina.util.LifecycleBase.handleSubClassException(LifecycleBase.java:440)
		at org.apache.catalina.util.LifecycleBase.start(LifecycleBase.java:198)
		at org.apache.catalina.core.StandardContext.resourcesStart(StandardContext.java:4834)
		at org.apache.catalina.core.StandardContext.startInternal(StandardContext.java:4972)
		at org.apache.catalina.util.LifecycleBase.start(LifecycleBase.java:183)
		at org.apache.catalina.core.ContainerBase.addChildInternal(ContainerBase.java:726)
		... 37 more
	Caused by: java.lang.IllegalArgumentException: The main resource set specified [C:\Users\User\OneDrive\Área de Trabalho\BoxGuard\BoxGuard\build\web] is not valid
		at org.apache.catalina.webresources.StandardRoot.createMainResourceSet(StandardRoot.java:762)
		at org.apache.catalina.webresources.StandardRoot.startInternal(StandardRoot.java:719)
		at org.apache.catalina.util.LifecycleBase.start(LifecycleBase.java:183)
		... 41 more
01-Sep-2022 00:12:10.101 INFORMAÇÕES [main] org.apache.catalina.startup.HostConfig.deployDescriptor Deployment of deployment descriptor [C:\Users\User\OneDrive\Documentos\NetBeansProjects\apache-tomcat-10.0.23\conf\Catalina\localhost\BoxGuard.xml] has finished in [12] ms
01-Sep-2022 00:12:10.101 INFORMAÇÕES [main] org.apache.catalina.startup.HostConfig.deployDescriptor Deploying deployment descriptor [C:\Users\User\OneDrive\Documentos\NetBeansProjects\apache-tomcat-10.0.23\conf\Catalina\localhost\CrudJava.xml]
01-Sep-2022 00:12:10.105 ADVERTÊNCIA [main] org.apache.catalina.startup.HostConfig.deployDescriptor The path attribute with value [/CrudJava] in deployment descriptor [C:\Users\User\OneDrive\Documentos\NetBeansProjects\apache-tomcat-10.0.23\conf\Catalina\localhost\CrudJava.xml] has been ignored
01-Sep-2022 00:12:10.603 INFORMAÇÕES [main] org.apache.jasper.servlet.TldScanner.scanJars At least one JAR was scanned for TLDs yet contained no TLDs. Enable debug logging for this logger for a complete list of JARs that were scanned but no TLDs were found in them. Skipping unneeded JARs during scanning can improve startup time and JSP compilation time.
01-Sep-2022 00:12:10.605 INFORMAÇÕES [main] org.apache.catalina.startup.HostConfig.deployDescriptor Deployment of deployment descriptor [C:\Users\User\OneDrive\Documentos\NetBeansProjects\apache-tomcat-10.0.23\conf\Catalina\localhost\CrudJava.xml] has finished in [504] ms
01-Sep-2022 00:12:10.605 INFORMAÇÕES [main] org.apache.catalina.startup.HostConfig.deployDescriptor Deploying deployment descriptor [C:\Users\User\OneDrive\Documentos\NetBeansProjects\apache-tomcat-10.0.23\conf\Catalina\localhost\PessoaWeb.xml]
01-Sep-2022 00:12:10.606 ADVERTÊNCIA [main] org.apache.catalina.startup.HostConfig.deployDescriptor The path attribute with value [/PessoaWeb] in deployment descriptor [C:\Users\User\OneDrive\Documentos\NetBeansProjects\apache-tomcat-10.0.23\conf\Catalina\localhost\PessoaWeb.xml] has been ignored
01-Sep-2022 00:12:10.901 INFORMAÇÕES [main] org.apache.jasper.servlet.TldScanner.scanJars At least one JAR was scanned for TLDs yet contained no TLDs. Enable debug logging for this logger for a complete list of JARs that were scanned but no TLDs were found in them. Skipping unneeded JARs during scanning can improve startup time and JSP compilation time.
01-Sep-2022 00:12:10.903 INFORMAÇÕES [main] org.apache.catalina.startup.HostConfig.deployDescriptor Deployment of deployment descriptor [C:\Users\User\OneDrive\Documentos\NetBeansProjects\apache-tomcat-10.0.23\conf\Catalina\localhost\PessoaWeb.xml] has finished in [298] ms
01-Sep-2022 00:12:10.903 INFORMAÇÕES [main] org.apache.catalina.startup.HostConfig.deployDirectory Diretório de instalação da aplicação web [C:\Users\User\OneDrive\Documentos\NetBeansProjects\apache-tomcat-10.0.23\webapps\docs]
01-Sep-2022 00:12:10.920 INFORMAÇÕES [main] org.apache.catalina.startup.HostConfig.deployDirectory Deployment of web application directory [C:\Users\User\OneDrive\Documentos\NetBeansProjects\apache-tomcat-10.0.23\webapps\docs] has finished in [17] ms
01-Sep-2022 00:12:10.920 INFORMAÇÕES [main] org.apache.catalina.startup.HostConfig.deployDirectory Diretório de instalação da aplicação web [C:\Users\User\OneDrive\Documentos\NetBeansProjects\apache-tomcat-10.0.23\webapps\examples]
01-Sep-2022 00:12:11.189 INFORMAÇÕES [main] org.apache.catalina.startup.HostConfig.deployDirectory Deployment of web application directory [C:\Users\User\OneDrive\Documentos\NetBeansProjects\apache-tomcat-10.0.23\webapps\examples] has finished in [269] ms
01-Sep-2022 00:12:11.190 INFORMAÇÕES [main] org.apache.catalina.startup.HostConfig.deployDirectory Diretório de instalação da aplicação web [C:\Users\User\OneDrive\Documentos\NetBeansProjects\apache-tomcat-10.0.23\webapps\host-manager]
01-Sep-2022 00:12:11.212 INFORMAÇÕES [main] org.apache.catalina.startup.HostConfig.deployDirectory Deployment of web application directory [C:\Users\User\OneDrive\Documentos\NetBeansProjects\apache-tomcat-10.0.23\webapps\host-manager] has finished in [23] ms
01-Sep-2022 00:12:11.213 INFORMAÇÕES [main] org.apache.catalina.startup.HostConfig.deployDirectory Diretório de instalação da aplicação web [C:\Users\User\OneDrive\Documentos\NetBeansProjects\apache-tomcat-10.0.23\webapps\manager]
01-Sep-2022 00:12:11.235 INFORMAÇÕES [main] org.apache.catalina.startup.HostConfig.deployDirectory Deployment of web application directory [C:\Users\User\OneDrive\Documentos\NetBeansProjects\apache-tomcat-10.0.23\webapps\manager] has finished in [22] ms
01-Sep-2022 00:12:11.235 INFORMAÇÕES [main] org.apache.catalina.startup.HostConfig.deployDirectory Diretório de instalação da aplicação web [C:\Users\User\OneDrive\Documentos\NetBeansProjects\apache-tomcat-10.0.23\webapps\ROOT]
01-Sep-2022 00:12:11.250 INFORMAÇÕES [main] org.apache.catalina.startup.HostConfig.deployDirectory Deployment of web application directory [C:\Users\User\OneDrive\Documentos\NetBeansProjects\apache-tomcat-10.0.23\webapps\ROOT] has finished in [15] ms
01-Sep-2022 00:12:11.252 INFORMAÇÕES [main] org.apache.coyote.AbstractProtocol.start Starting ProtocolHandler ["http-nio-8080"]
01-Sep-2022 00:12:11.264 INFORMAÇÕES [main] org.apache.catalina.startup.Catalina.start Server startup in [2004] milliseconds
01-Sep-2022 00:12:12.918 INFORMAÇÕES [http-nio-8080-exec-9] org.apache.catalina.core.StandardContext.reload Reloading Context with name [/Back-End] has started
01-Sep-2022 00:12:13.174 INFORMAÇÕES [http-nio-8080-exec-9] org.apache.jasper.servlet.TldScanner.scanJars At least one JAR was scanned for TLDs yet contained no TLDs. Enable debug logging for this logger for a complete list of JARs that were scanned but no TLDs were found in them. Skipping unneeded JARs during scanning can improve startup time and JSP compilation time.
01-Sep-2022 00:12:13.176 INFORMAÇÕES [http-nio-8080-exec-9] org.apache.catalina.core.StandardContext.reload Reloading Context with name [/Back-End] is completed
