16-Sep-2022 19:53:11.141 INFO [main] org.apache.catalina.startup.VersionLoggerListener.log Server version name:   Apache Tomcat/10.0.23
16-Sep-2022 19:53:11.142 INFO [main] org.apache.catalina.startup.VersionLoggerListener.log Server built:          Jul 14 2022 08:16:11 UTC
16-Sep-2022 19:53:11.142 INFO [main] org.apache.catalina.startup.VersionLoggerListener.log Server version number: 10.0.23.0
16-Sep-2022 19:53:11.142 INFO [main] org.apache.catalina.startup.VersionLoggerListener.log OS Name:               Windows 10
16-Sep-2022 19:53:11.142 INFO [main] org.apache.catalina.startup.VersionLoggerListener.log OS Version:            10.0
16-Sep-2022 19:53:11.142 INFO [main] org.apache.catalina.startup.VersionLoggerListener.log Architecture:          amd64
16-Sep-2022 19:53:11.142 INFO [main] org.apache.catalina.startup.VersionLoggerListener.log Java Home:             C:\Program Files\Java\jdk1.8.0_202\jre
16-Sep-2022 19:53:11.142 INFO [main] org.apache.catalina.startup.VersionLoggerListener.log JVM Version:           1.8.0_202-b08
16-Sep-2022 19:53:11.142 INFO [main] org.apache.catalina.startup.VersionLoggerListener.log JVM Vendor:            Oracle Corporation
16-Sep-2022 19:53:11.142 INFO [main] org.apache.catalina.startup.VersionLoggerListener.log CATALINA_BASE:         C:\Users\User\OneDrive\Documentos\NetBeansProjects\apache-tomcat-10.0.23
16-Sep-2022 19:53:11.142 INFO [main] org.apache.catalina.startup.VersionLoggerListener.log CATALINA_HOME:         C:\Users\User\OneDrive\Documentos\NetBeansProjects\apache-tomcat-10.0.23
16-Sep-2022 19:53:11.143 INFO [main] org.apache.catalina.startup.VersionLoggerListener.log Command line argument: -Djava.util.logging.config.file=C:\Users\User\OneDrive\Documentos\NetBeansProjects\apache-tomcat-10.0.23\conf\logging.properties
16-Sep-2022 19:53:11.144 INFO [main] org.apache.catalina.startup.VersionLoggerListener.log Command line argument: -Djava.util.logging.manager=org.apache.juli.ClassLoaderLogManager
16-Sep-2022 19:53:11.144 INFO [main] org.apache.catalina.startup.VersionLoggerListener.log Command line argument: -Dhttp.nonProxyHosts=localhost|127.0.0.1|DESKTOP-2UF3N87
16-Sep-2022 19:53:11.144 INFO [main] org.apache.catalina.startup.VersionLoggerListener.log Command line argument: -Djdk.tls.ephemeralDHKeySize=2048
16-Sep-2022 19:53:11.144 INFO [main] org.apache.catalina.startup.VersionLoggerListener.log Command line argument: -Djava.protocol.handler.pkgs=org.apache.catalina.webresources
16-Sep-2022 19:53:11.144 INFO [main] org.apache.catalina.startup.VersionLoggerListener.log Command line argument: -Dignore.endorsed.dirs=
16-Sep-2022 19:53:11.144 INFO [main] org.apache.catalina.startup.VersionLoggerListener.log Command line argument: -Dcatalina.base=C:\Users\User\OneDrive\Documentos\NetBeansProjects\apache-tomcat-10.0.23
16-Sep-2022 19:53:11.144 INFO [main] org.apache.catalina.startup.VersionLoggerListener.log Command line argument: -Dcatalina.home=C:\Users\User\OneDrive\Documentos\NetBeansProjects\apache-tomcat-10.0.23
16-Sep-2022 19:53:11.144 INFO [main] org.apache.catalina.startup.VersionLoggerListener.log Command line argument: -Djava.io.tmpdir=C:\Users\User\OneDrive\Documentos\NetBeansProjects\apache-tomcat-10.0.23\temp
16-Sep-2022 19:53:11.149 INFO [main] org.apache.catalina.core.AprLifecycleListener.lifecycleEvent The Apache Tomcat Native library which allows using OpenSSL was not found on the java.library.path: [C:\Program Files\Java\jdk1.8.0_202\bin;C:\WINDOWS\Sun\Java\bin;C:\WINDOWS\system32;C:\WINDOWS;C:\Program Files\Java\zulu18.32.13-ca-jdk18.0.2.1-win_x64\bin;C:\Program Files (x86)\Common Files\Oracle\Java\javapath;C:\WINDOWS\system32;C:\WINDOWS;C:\WINDOWS\System32\Wbem;C:\WINDOWS\System32\WindowsPowerShell\v1.0\;C:\WINDOWS\System32\OpenSSH\;C:\Program Files (x86)\NVIDIA Corporation\PhysX\Common;C:\Program Files\NVIDIA Corporation\NVIDIA NvDLISR;C:\ProgramData\UNIVALI\Portugol Studio;C:\Program Files\wooting-analog-sdk\;C:\Program Files\nodejs\;C:\Program Files (x86)\dotnet\;C:\Program Files\Git\cmd;C:\Users\User\AppData\Local\Microsoft\WindowsApps;C:\Users\User\AppData\Local\Programs\Microsoft VS Code\bin;C:\Users\User\AppData\Roaming\npm;C:\Program Files\heroku\bin;.]
16-Sep-2022 19:53:11.431 INFO [main] org.apache.coyote.AbstractProtocol.init Initializing ProtocolHandler ["http-nio-8080"]
16-Sep-2022 19:53:11.443 INFO [main] org.apache.catalina.startup.Catalina.load Server initialization in [406] milliseconds
16-Sep-2022 19:53:11.465 INFO [main] org.apache.catalina.core.StandardService.startInternal Starting service [Catalina]
16-Sep-2022 19:53:11.466 INFO [main] org.apache.catalina.core.StandardEngine.startInternal Starting Servlet engine: [Apache Tomcat/10.0.23]
16-Sep-2022 19:53:11.472 INFO [main] org.apache.catalina.startup.HostConfig.deployDescriptor Deploying deployment descriptor [C:\Users\User\OneDrive\Documentos\NetBeansProjects\apache-tomcat-10.0.23\conf\Catalina\localhost\Back-End.xml]
16-Sep-2022 19:53:11.490 WARNING [main] org.apache.catalina.startup.HostConfig.deployDescriptor The path attribute with value [/Back-End] in deployment descriptor [C:\Users\User\OneDrive\Documentos\NetBeansProjects\apache-tomcat-10.0.23\conf\Catalina\localhost\Back-End.xml] has been ignored
16-Sep-2022 19:53:12.184 INFO [main] org.apache.jasper.servlet.TldScanner.scanJars At least one JAR was scanned for TLDs yet contained no TLDs. Enable debug logging for this logger for a complete list of JARs that were scanned but no TLDs were found in them. Skipping unneeded JARs during scanning can improve startup time and JSP compilation time.
16-Sep-2022 19:53:12.317 WARNING [main] org.apache.catalina.util.SessionIdGeneratorBase.createSecureRandom Creation of SecureRandom instance for session ID generation using [SHA1PRNG] took [120] milliseconds.
16-Sep-2022 19:53:12.329 INFO [main] org.apache.catalina.startup.HostConfig.deployDescriptor Deployment of deployment descriptor [C:\Users\User\OneDrive\Documentos\NetBeansProjects\apache-tomcat-10.0.23\conf\Catalina\localhost\Back-End.xml] has finished in [857] ms
16-Sep-2022 19:53:12.329 INFO [main] org.apache.catalina.startup.HostConfig.deployDescriptor Deploying deployment descriptor [C:\Users\User\OneDrive\Documentos\NetBeansProjects\apache-tomcat-10.0.23\conf\Catalina\localhost\BoxGuard.xml]
16-Sep-2022 19:53:12.336 WARNING [main] org.apache.catalina.startup.HostConfig.deployDescriptor The path attribute with value [/BoxGuard] in deployment descriptor [C:\Users\User\OneDrive\Documentos\NetBeansProjects\apache-tomcat-10.0.23\conf\Catalina\localhost\BoxGuard.xml] has been ignored
16-Sep-2022 19:53:12.339 SEVERE [main] org.apache.catalina.startup.HostConfig.deployDescriptor Error deploying deployment descriptor [C:\Users\User\OneDrive\Documentos\NetBeansProjects\apache-tomcat-10.0.23\conf\Catalina\localhost\BoxGuard.xml]
	java.lang.IllegalStateException: Error starting child
		at org.apache.catalina.core.ContainerBase.addChildInternal(ContainerBase.java:729)
		at org.apache.catalina.core.ContainerBase.addChild(ContainerBase.java:698)
		at org.apache.catalina.core.StandardHost.addChild(StandardHost.java:747)
		at org.apache.catalina.startup.HostConfig.deployDescriptor(HostConfig.java:693)
		at org.apache.catalina.startup.HostConfig$DeployDescriptor.run(HostConfig.java:1979)
		at java.util.concurrent.Executors$RunnableAdapter.call(Executors.java:511)
		at java.util.concurrent.FutureTask.run(FutureTask.java:266)
		at org.apache.tomcat.util.threads.InlineExecutorService.execute(InlineExecutorService.java:75)
		at java.util.concurrent.AbstractExecutorService.submit(AbstractExecutorService.java:112)
		at org.apache.catalina.startup.HostConfig.deployDescriptors(HostConfig.java:586)
		at org.apache.catalina.startup.HostConfig.deployApps(HostConfig.java:476)
		at org.apache.catalina.startup.HostConfig.start(HostConfig.java:1708)
		at org.apache.catalina.startup.HostConfig.lifecycleEvent(HostConfig.java:320)
		at org.apache.catalina.util.LifecycleBase.fireLifecycleEvent(LifecycleBase.java:123)
		at org.apache.catalina.util.LifecycleBase.setStateInternal(LifecycleBase.java:423)
		at org.apache.catalina.util.LifecycleBase.setState(LifecycleBase.java:366)
		at org.apache.catalina.core.ContainerBase.startInternal(ContainerBase.java:946)
		at org.apache.catalina.core.StandardHost.startInternal(StandardHost.java:886)
		at org.apache.catalina.util.LifecycleBase.start(LifecycleBase.java:183)
		at org.apache.catalina.core.ContainerBase$StartChild.call(ContainerBase.java:1396)
		at org.apache.catalina.core.ContainerBase$StartChild.call(ContainerBase.java:1386)
		at java.util.concurrent.FutureTask.run(FutureTask.java:266)
		at org.apache.tomcat.util.threads.InlineExecutorService.execute(InlineExecutorService.java:75)
		at java.util.concurrent.AbstractExecutorService.submit(AbstractExecutorService.java:134)
		at org.apache.catalina.core.ContainerBase.startInternal(ContainerBase.java:919)
		at org.apache.catalina.core.StandardEngine.startInternal(StandardEngine.java:265)
		at org.apache.catalina.util.LifecycleBase.start(LifecycleBase.java:183)
		at org.apache.catalina.core.StandardService.startInternal(StandardService.java:432)
		at org.apache.catalina.util.LifecycleBase.start(LifecycleBase.java:183)
		at org.apache.catalina.core.StandardServer.startInternal(StandardServer.java:930)
		at org.apache.catalina.util.LifecycleBase.start(LifecycleBase.java:183)
		at org.apache.catalina.startup.Catalina.start(Catalina.java:795)
		at sun.reflect.NativeMethodAccessorImpl.invoke0(Native Method)
		at sun.reflect.NativeMethodAccessorImpl.invoke(NativeMethodAccessorImpl.java:62)
		at sun.reflect.DelegatingMethodAccessorImpl.invoke(DelegatingMethodAccessorImpl.java:43)
		at java.lang.reflect.Method.invoke(Method.java:498)
		at org.apache.catalina.startup.Bootstrap.start(Bootstrap.java:345)
		at org.apache.catalina.startup.Bootstrap.main(Bootstrap.java:476)
	Caused by: org.apache.catalina.LifecycleException: Failed to start component [org.apache.catalina.webresources.StandardRoot@79351f41]
		at org.apache.catalina.util.LifecycleBase.handleSubClassException(LifecycleBase.java:440)
		at org.apache.catalina.util.LifecycleBase.start(LifecycleBase.java:198)
		at org.apache.catalina.core.StandardContext.resourcesStart(StandardContext.java:4834)
		at org.apache.catalina.core.StandardContext.startInternal(StandardContext.java:4972)
		at org.apache.catalina.util.LifecycleBase.start(LifecycleBase.java:183)
		at org.apache.catalina.core.ContainerBase.addChildInternal(ContainerBase.java:726)
		... 37 more
	Caused by: java.lang.IllegalArgumentException: The main resource set specified [C:\Users\User\OneDrive\Área de Trabalho\BoxGuard\BoxGuard\build\web] is not valid
		at org.apache.catalina.webresources.StandardRoot.createMainResourceSet(StandardRoot.java:762)
		at org.apache.catalina.webresources.StandardRoot.startInternal(StandardRoot.java:719)
		at org.apache.catalina.util.LifecycleBase.start(LifecycleBase.java:183)
		... 41 more
16-Sep-2022 19:53:12.348 INFO [main] org.apache.catalina.startup.HostConfig.deployDescriptor Deployment of deployment descriptor [C:\Users\User\OneDrive\Documentos\NetBeansProjects\apache-tomcat-10.0.23\conf\Catalina\localhost\BoxGuard.xml] has finished in [19] ms
16-Sep-2022 19:53:12.348 INFO [main] org.apache.catalina.startup.HostConfig.deployDescriptor Deploying deployment descriptor [C:\Users\User\OneDrive\Documentos\NetBeansProjects\apache-tomcat-10.0.23\conf\Catalina\localhost\CrudJava.xml]
16-Sep-2022 19:53:12.350 WARNING [main] org.apache.catalina.startup.HostConfig.deployDescriptor The path attribute with value [/CrudJava] in deployment descriptor [C:\Users\User\OneDrive\Documentos\NetBeansProjects\apache-tomcat-10.0.23\conf\Catalina\localhost\CrudJava.xml] has been ignored
16-Sep-2022 19:53:12.604 INFO [main] org.apache.jasper.servlet.TldScanner.scanJars At least one JAR was scanned for TLDs yet contained no TLDs. Enable debug logging for this logger for a complete list of JARs that were scanned but no TLDs were found in them. Skipping unneeded JARs during scanning can improve startup time and JSP compilation time.
16-Sep-2022 19:53:12.606 INFO [main] org.apache.catalina.startup.HostConfig.deployDescriptor Deployment of deployment descriptor [C:\Users\User\OneDrive\Documentos\NetBeansProjects\apache-tomcat-10.0.23\conf\Catalina\localhost\CrudJava.xml] has finished in [258] ms
16-Sep-2022 19:53:12.606 INFO [main] org.apache.catalina.startup.HostConfig.deployDescriptor Deploying deployment descriptor [C:\Users\User\OneDrive\Documentos\NetBeansProjects\apache-tomcat-10.0.23\conf\Catalina\localhost\PessoaWeb.xml]
16-Sep-2022 19:53:12.607 WARNING [main] org.apache.catalina.startup.HostConfig.deployDescriptor The path attribute with value [/PessoaWeb] in deployment descriptor [C:\Users\User\OneDrive\Documentos\NetBeansProjects\apache-tomcat-10.0.23\conf\Catalina\localhost\PessoaWeb.xml] has been ignored
16-Sep-2022 19:53:13.070 INFO [main] org.apache.jasper.servlet.TldScanner.scanJars At least one JAR was scanned for TLDs yet contained no TLDs. Enable debug logging for this logger for a complete list of JARs that were scanned but no TLDs were found in them. Skipping unneeded JARs during scanning can improve startup time and JSP compilation time.
16-Sep-2022 19:53:13.072 INFO [main] org.apache.catalina.startup.HostConfig.deployDescriptor Deployment of deployment descriptor [C:\Users\User\OneDrive\Documentos\NetBeansProjects\apache-tomcat-10.0.23\conf\Catalina\localhost\PessoaWeb.xml] has finished in [466] ms
16-Sep-2022 19:53:13.073 INFO [main] org.apache.catalina.startup.HostConfig.deployDirectory Deploying web application directory [C:\Users\User\OneDrive\Documentos\NetBeansProjects\apache-tomcat-10.0.23\webapps\docs]
16-Sep-2022 19:53:13.092 INFO [main] org.apache.catalina.startup.HostConfig.deployDirectory Deployment of web application directory [C:\Users\User\OneDrive\Documentos\NetBeansProjects\apache-tomcat-10.0.23\webapps\docs] has finished in [18] ms
16-Sep-2022 19:53:13.092 INFO [main] org.apache.catalina.startup.HostConfig.deployDirectory Deploying web application directory [C:\Users\User\OneDrive\Documentos\NetBeansProjects\apache-tomcat-10.0.23\webapps\examples]
16-Sep-2022 19:53:13.579 INFO [main] org.apache.catalina.startup.HostConfig.deployDirectory Deployment of web application directory [C:\Users\User\OneDrive\Documentos\NetBeansProjects\apache-tomcat-10.0.23\webapps\examples] has finished in [487] ms
16-Sep-2022 19:53:13.579 INFO [main] org.apache.catalina.startup.HostConfig.deployDirectory Deploying web application directory [C:\Users\User\OneDrive\Documentos\NetBeansProjects\apache-tomcat-10.0.23\webapps\host-manager]
16-Sep-2022 19:53:13.610 INFO [main] org.apache.catalina.startup.HostConfig.deployDirectory Deployment of web application directory [C:\Users\User\OneDrive\Documentos\NetBeansProjects\apache-tomcat-10.0.23\webapps\host-manager] has finished in [31] ms
16-Sep-2022 19:53:13.610 INFO [main] org.apache.catalina.startup.HostConfig.deployDirectory Deploying web application directory [C:\Users\User\OneDrive\Documentos\NetBeansProjects\apache-tomcat-10.0.23\webapps\manager]
16-Sep-2022 19:53:13.637 INFO [main] org.apache.catalina.startup.HostConfig.deployDirectory Deployment of web application directory [C:\Users\User\OneDrive\Documentos\NetBeansProjects\apache-tomcat-10.0.23\webapps\manager] has finished in [27] ms
16-Sep-2022 19:53:13.637 INFO [main] org.apache.catalina.startup.HostConfig.deployDirectory Deploying web application directory [C:\Users\User\OneDrive\Documentos\NetBeansProjects\apache-tomcat-10.0.23\webapps\ROOT]
16-Sep-2022 19:53:13.657 INFO [main] org.apache.catalina.startup.HostConfig.deployDirectory Deployment of web application directory [C:\Users\User\OneDrive\Documentos\NetBeansProjects\apache-tomcat-10.0.23\webapps\ROOT] has finished in [20] ms
16-Sep-2022 19:53:13.660 INFO [main] org.apache.coyote.AbstractProtocol.start Starting ProtocolHandler ["http-nio-8080"]
16-Sep-2022 19:53:13.674 INFO [main] org.apache.catalina.startup.Catalina.start Server startup in [2229] milliseconds
16-Sep-2022 19:56:42.765 INFO [http-nio-8080-exec-3] org.apache.catalina.core.StandardContext.reload Reloading Context with name [/Back-End] has started
16-Sep-2022 19:56:43.067 INFO [http-nio-8080-exec-3] org.apache.jasper.servlet.TldScanner.scanJars At least one JAR was scanned for TLDs yet contained no TLDs. Enable debug logging for this logger for a complete list of JARs that were scanned but no TLDs were found in them. Skipping unneeded JARs during scanning can improve startup time and JSP compilation time.
16-Sep-2022 19:56:43.068 INFO [http-nio-8080-exec-3] org.apache.catalina.core.StandardContext.reload Reloading Context with name [/Back-End] is completed
16-Sep-2022 19:56:43.410 INFO [http-nio-8080-exec-10] org.apache.catalina.core.StandardContext.reload Reloading Context with name [/Back-End] has started
16-Sep-2022 19:56:43.696 INFO [http-nio-8080-exec-10] org.apache.jasper.servlet.TldScanner.scanJars At least one JAR was scanned for TLDs yet contained no TLDs. Enable debug logging for this logger for a complete list of JARs that were scanned but no TLDs were found in them. Skipping unneeded JARs during scanning can improve startup time and JSP compilation time.
16-Sep-2022 19:56:43.698 INFO [http-nio-8080-exec-10] org.apache.catalina.core.StandardContext.reload Reloading Context with name [/Back-End] is completed
16-Sep-2022 19:56:53.703 INFO [http-nio-8080-exec-5] org.apache.catalina.core.StandardContext.reload Reloading Context with name [/Back-End] has started
16-Sep-2022 19:56:53.932 INFO [http-nio-8080-exec-5] org.apache.jasper.servlet.TldScanner.scanJars At least one JAR was scanned for TLDs yet contained no TLDs. Enable debug logging for this logger for a complete list of JARs that were scanned but no TLDs were found in them. Skipping unneeded JARs during scanning can improve startup time and JSP compilation time.
16-Sep-2022 19:56:53.933 INFO [http-nio-8080-exec-5] org.apache.catalina.core.StandardContext.reload Reloading Context with name [/Back-End] is completed
16-Sep-2022 23:11:08.241 INFO [main] org.apache.catalina.core.StandardServer.await A valid shutdown command was received via the shutdown port. Stopping the Server instance.
16-Sep-2022 23:11:08.241 INFO [main] org.apache.coyote.AbstractProtocol.pause Pausing ProtocolHandler ["http-nio-8080"]
16-Sep-2022 23:11:08.358 INFO [main] org.apache.catalina.core.StandardService.stopInternal Stopping service [Catalina]
16-Sep-2022 23:11:08.367 INFO [main] org.apache.coyote.AbstractProtocol.stop Stopping ProtocolHandler ["http-nio-8080"]
16-Sep-2022 23:11:08.369 INFO [main] org.apache.coyote.AbstractProtocol.destroy Destroying ProtocolHandler ["http-nio-8080"]
