02-Sep-2022 11:59:56.614 INFORMAÇÕES [main] org.apache.catalina.startup.VersionLoggerListener.log Server version name:   Apache Tomcat/10.0.23
02-Sep-2022 11:59:56.616 INFORMAÇÕES [main] org.apache.catalina.startup.VersionLoggerListener.log Server built:          Jul 14 2022 08:16:11 UTC
02-Sep-2022 11:59:56.616 INFORMAÇÕES [main] org.apache.catalina.startup.VersionLoggerListener.log Server version number: 10.0.23.0
02-Sep-2022 11:59:56.616 INFORMAÇÕES [main] org.apache.catalina.startup.VersionLoggerListener.log OS Name:               Windows 10
02-Sep-2022 11:59:56.616 INFORMAÇÕES [main] org.apache.catalina.startup.VersionLoggerListener.log OS Version:            10.0
02-Sep-2022 11:59:56.616 INFORMAÇÕES [main] org.apache.catalina.startup.VersionLoggerListener.log Architecture:          amd64
02-Sep-2022 11:59:56.617 INFORMAÇÕES [main] org.apache.catalina.startup.VersionLoggerListener.log Java Home:             C:\Program Files\Java\jdk1.8.0_202\jre
02-Sep-2022 11:59:56.617 INFORMAÇÕES [main] org.apache.catalina.startup.VersionLoggerListener.log JVM Version:           1.8.0_202-b08
02-Sep-2022 11:59:56.617 INFORMAÇÕES [main] org.apache.catalina.startup.VersionLoggerListener.log JVM Vendor:            Oracle Corporation
02-Sep-2022 11:59:56.617 INFORMAÇÕES [main] org.apache.catalina.startup.VersionLoggerListener.log CATALINA_BASE:         C:\Users\User\OneDrive\Documentos\NetBeansProjects\apache-tomcat-10.0.23
02-Sep-2022 11:59:56.617 INFORMAÇÕES [main] org.apache.catalina.startup.VersionLoggerListener.log CATALINA_HOME:         C:\Users\User\OneDrive\Documentos\NetBeansProjects\apache-tomcat-10.0.23
02-Sep-2022 11:59:56.618 INFORMAÇÕES [main] org.apache.catalina.startup.VersionLoggerListener.log Command line argument: -Djava.util.logging.config.file=C:\Users\User\OneDrive\Documentos\NetBeansProjects\apache-tomcat-10.0.23\conf\logging.properties
02-Sep-2022 11:59:56.618 INFORMAÇÕES [main] org.apache.catalina.startup.VersionLoggerListener.log Command line argument: -Djava.util.logging.manager=org.apache.juli.ClassLoaderLogManager
02-Sep-2022 11:59:56.618 INFORMAÇÕES [main] org.apache.catalina.startup.VersionLoggerListener.log Command line argument: -Dhttp.nonProxyHosts=localhost|127.0.0.1|DESKTOP-2UF3N87
02-Sep-2022 11:59:56.618 INFORMAÇÕES [main] org.apache.catalina.startup.VersionLoggerListener.log Command line argument: -Djdk.tls.ephemeralDHKeySize=2048
02-Sep-2022 11:59:56.618 INFORMAÇÕES [main] org.apache.catalina.startup.VersionLoggerListener.log Command line argument: -Djava.protocol.handler.pkgs=org.apache.catalina.webresources
02-Sep-2022 11:59:56.618 INFORMAÇÕES [main] org.apache.catalina.startup.VersionLoggerListener.log Command line argument: -Dignore.endorsed.dirs=
02-Sep-2022 11:59:56.618 INFORMAÇÕES [main] org.apache.catalina.startup.VersionLoggerListener.log Command line argument: -Dcatalina.base=C:\Users\User\OneDrive\Documentos\NetBeansProjects\apache-tomcat-10.0.23
02-Sep-2022 11:59:56.618 INFORMAÇÕES [main] org.apache.catalina.startup.VersionLoggerListener.log Command line argument: -Dcatalina.home=C:\Users\User\OneDrive\Documentos\NetBeansProjects\apache-tomcat-10.0.23
02-Sep-2022 11:59:56.618 INFORMAÇÕES [main] org.apache.catalina.startup.VersionLoggerListener.log Command line argument: -Djava.io.tmpdir=C:\Users\User\OneDrive\Documentos\NetBeansProjects\apache-tomcat-10.0.23\temp
02-Sep-2022 11:59:56.624 INFORMAÇÕES [main] org.apache.catalina.core.AprLifecycleListener.lifecycleEvent The Apache Tomcat Native library which allows using OpenSSL was not found on the java.library.path: [C:\Program Files\Java\jdk1.8.0_202\bin;C:\WINDOWS\Sun\Java\bin;C:\WINDOWS\system32;C:\WINDOWS;C:\Program Files\Java\zulu18.32.13-ca-jdk18.0.2.1-win_x64\bin;C:\Program Files (x86)\Common Files\Oracle\Java\javapath;C:\WINDOWS\system32;C:\WINDOWS;C:\WINDOWS\System32\Wbem;C:\WINDOWS\System32\WindowsPowerShell\v1.0\;C:\WINDOWS\System32\OpenSSH\;C:\Program Files\Git\cmd;C:\Program Files (x86)\NVIDIA Corporation\PhysX\Common;C:\Program Files\NVIDIA Corporation\NVIDIA NvDLISR;C:\ProgramData\UNIVALI\Portugol Studio;C:\Program Files\wooting-analog-sdk\;C:\Program Files\nodejs\;C:\Program Files (x86)\dotnet\;C:\Users\User\AppData\Local\Microsoft\WindowsApps;C:\Users\User\AppData\Local\Programs\Microsoft VS Code\bin;C:\Users\User\AppData\Roaming\npm;.]
02-Sep-2022 11:59:56.903 INFORMAÇÕES [main] org.apache.coyote.AbstractProtocol.init Initializing ProtocolHandler ["http-nio-8080"]
02-Sep-2022 11:59:56.914 INFORMAÇÕES [main] org.apache.catalina.startup.Catalina.load Server initialization in [411] milliseconds
02-Sep-2022 11:59:56.944 INFORMAÇÕES [main] org.apache.catalina.core.StandardService.startInternal Starting service [Catalina]
02-Sep-2022 11:59:56.944 INFORMAÇÕES [main] org.apache.catalina.core.StandardEngine.startInternal Starting Servlet engine: [Apache Tomcat/10.0.23]
02-Sep-2022 11:59:56.952 INFORMAÇÕES [main] org.apache.catalina.startup.HostConfig.deployDescriptor Deploying deployment descriptor [C:\Users\User\OneDrive\Documentos\NetBeansProjects\apache-tomcat-10.0.23\conf\Catalina\localhost\Back-End.xml]
02-Sep-2022 11:59:56.967 ADVERTÊNCIA [main] org.apache.catalina.startup.HostConfig.deployDescriptor The path attribute with value [/Back-End] in deployment descriptor [C:\Users\User\OneDrive\Documentos\NetBeansProjects\apache-tomcat-10.0.23\conf\Catalina\localhost\Back-End.xml] has been ignored
02-Sep-2022 11:59:57.628 INFORMAÇÕES [main] org.apache.jasper.servlet.TldScanner.scanJars At least one JAR was scanned for TLDs yet contained no TLDs. Enable debug logging for this logger for a complete list of JARs that were scanned but no TLDs were found in them. Skipping unneeded JARs during scanning can improve startup time and JSP compilation time.
02-Sep-2022 11:59:57.775 ADVERTÊNCIA [main] org.apache.catalina.util.SessionIdGeneratorBase.createSecureRandom Creation of SecureRandom instance for session ID generation using [SHA1PRNG] took [131] milliseconds.
02-Sep-2022 11:59:57.789 INFORMAÇÕES [main] org.apache.catalina.startup.HostConfig.deployDescriptor Deployment of deployment descriptor [C:\Users\User\OneDrive\Documentos\NetBeansProjects\apache-tomcat-10.0.23\conf\Catalina\localhost\Back-End.xml] has finished in [836] ms
02-Sep-2022 11:59:57.789 INFORMAÇÕES [main] org.apache.catalina.startup.HostConfig.deployDescriptor Deploying deployment descriptor [C:\Users\User\OneDrive\Documentos\NetBeansProjects\apache-tomcat-10.0.23\conf\Catalina\localhost\BoxGuard.xml]
02-Sep-2022 11:59:57.792 ADVERTÊNCIA [main] org.apache.catalina.startup.HostConfig.deployDescriptor The path attribute with value [/BoxGuard] in deployment descriptor [C:\Users\User\OneDrive\Documentos\NetBeansProjects\apache-tomcat-10.0.23\conf\Catalina\localhost\BoxGuard.xml] has been ignored
02-Sep-2022 11:59:57.796 GRAVE [main] org.apache.catalina.startup.HostConfig.deployDescriptor Error deploying deployment descriptor [C:\Users\User\OneDrive\Documentos\NetBeansProjects\apache-tomcat-10.0.23\conf\Catalina\localhost\BoxGuard.xml]
	java.lang.IllegalStateException: Error starting child
		at org.apache.catalina.core.ContainerBase.addChildInternal(ContainerBase.java:729)
		at org.apache.catalina.core.ContainerBase.addChild(ContainerBase.java:698)
		at org.apache.catalina.core.StandardHost.addChild(StandardHost.java:747)
		at org.apache.catalina.startup.HostConfig.deployDescriptor(HostConfig.java:693)
		at org.apache.catalina.startup.HostConfig$DeployDescriptor.run(HostConfig.java:1979)
		at java.util.concurrent.Executors$RunnableAdapter.call(Executors.java:511)
		at java.util.concurrent.FutureTask.run(FutureTask.java:266)
		at org.apache.tomcat.util.threads.InlineExecutorService.execute(InlineExecutorService.java:75)
		at java.util.concurrent.AbstractExecutorService.submit(AbstractExecutorService.java:112)
		at org.apache.catalina.startup.HostConfig.deployDescriptors(HostConfig.java:586)
		at org.apache.catalina.startup.HostConfig.deployApps(HostConfig.java:476)
		at org.apache.catalina.startup.HostConfig.start(HostConfig.java:1708)
		at org.apache.catalina.startup.HostConfig.lifecycleEvent(HostConfig.java:320)
		at org.apache.catalina.util.LifecycleBase.fireLifecycleEvent(LifecycleBase.java:123)
		at org.apache.catalina.util.LifecycleBase.setStateInternal(LifecycleBase.java:423)
		at org.apache.catalina.util.LifecycleBase.setState(LifecycleBase.java:366)
		at org.apache.catalina.core.ContainerBase.startInternal(ContainerBase.java:946)
		at org.apache.catalina.core.StandardHost.startInternal(StandardHost.java:886)
		at org.apache.catalina.util.LifecycleBase.start(LifecycleBase.java:183)
		at org.apache.catalina.core.ContainerBase$StartChild.call(ContainerBase.java:1396)
		at org.apache.catalina.core.ContainerBase$StartChild.call(ContainerBase.java:1386)
		at java.util.concurrent.FutureTask.run(FutureTask.java:266)
		at org.apache.tomcat.util.threads.InlineExecutorService.execute(InlineExecutorService.java:75)
		at java.util.concurrent.AbstractExecutorService.submit(AbstractExecutorService.java:134)
		at org.apache.catalina.core.ContainerBase.startInternal(ContainerBase.java:919)
		at org.apache.catalina.core.StandardEngine.startInternal(StandardEngine.java:265)
		at org.apache.catalina.util.LifecycleBase.start(LifecycleBase.java:183)
		at org.apache.catalina.core.StandardService.startInternal(StandardService.java:432)
		at org.apache.catalina.util.LifecycleBase.start(LifecycleBase.java:183)
		at org.apache.catalina.core.StandardServer.startInternal(StandardServer.java:930)
		at org.apache.catalina.util.LifecycleBase.start(LifecycleBase.java:183)
		at org.apache.catalina.startup.Catalina.start(Catalina.java:795)
		at sun.reflect.NativeMethodAccessorImpl.invoke0(Native Method)
		at sun.reflect.NativeMethodAccessorImpl.invoke(NativeMethodAccessorImpl.java:62)
		at sun.reflect.DelegatingMethodAccessorImpl.invoke(DelegatingMethodAccessorImpl.java:43)
		at java.lang.reflect.Method.invoke(Method.java:498)
		at org.apache.catalina.startup.Bootstrap.start(Bootstrap.java:345)
		at org.apache.catalina.startup.Bootstrap.main(Bootstrap.java:476)
	Caused by: org.apache.catalina.LifecycleException: Failed to start component [org.apache.catalina.webresources.StandardRoot@44b3606b]
		at org.apache.catalina.util.LifecycleBase.handleSubClassException(LifecycleBase.java:440)
		at org.apache.catalina.util.LifecycleBase.start(LifecycleBase.java:198)
		at org.apache.catalina.core.StandardContext.resourcesStart(StandardContext.java:4834)
		at org.apache.catalina.core.StandardContext.startInternal(StandardContext.java:4972)
		at org.apache.catalina.util.LifecycleBase.start(LifecycleBase.java:183)
		at org.apache.catalina.core.ContainerBase.addChildInternal(ContainerBase.java:726)
		... 37 more
	Caused by: java.lang.IllegalArgumentException: The main resource set specified [C:\Users\User\OneDrive\Área de Trabalho\BoxGuard\BoxGuard\build\web] is not valid
		at org.apache.catalina.webresources.StandardRoot.createMainResourceSet(StandardRoot.java:762)
		at org.apache.catalina.webresources.StandardRoot.startInternal(StandardRoot.java:719)
		at org.apache.catalina.util.LifecycleBase.start(LifecycleBase.java:183)
		... 41 more
02-Sep-2022 11:59:57.839 INFORMAÇÕES [main] org.apache.catalina.startup.HostConfig.deployDescriptor Deployment of deployment descriptor [C:\Users\User\OneDrive\Documentos\NetBeansProjects\apache-tomcat-10.0.23\conf\Catalina\localhost\BoxGuard.xml] has finished in [50] ms
02-Sep-2022 11:59:57.840 INFORMAÇÕES [main] org.apache.catalina.startup.HostConfig.deployDescriptor Deploying deployment descriptor [C:\Users\User\OneDrive\Documentos\NetBeansProjects\apache-tomcat-10.0.23\conf\Catalina\localhost\CrudJava.xml]
02-Sep-2022 11:59:57.844 ADVERTÊNCIA [main] org.apache.catalina.startup.HostConfig.deployDescriptor The path attribute with value [/CrudJava] in deployment descriptor [C:\Users\User\OneDrive\Documentos\NetBeansProjects\apache-tomcat-10.0.23\conf\Catalina\localhost\CrudJava.xml] has been ignored
02-Sep-2022 11:59:58.299 INFORMAÇÕES [main] org.apache.jasper.servlet.TldScanner.scanJars At least one JAR was scanned for TLDs yet contained no TLDs. Enable debug logging for this logger for a complete list of JARs that were scanned but no TLDs were found in them. Skipping unneeded JARs during scanning can improve startup time and JSP compilation time.
02-Sep-2022 11:59:58.302 INFORMAÇÕES [main] org.apache.catalina.startup.HostConfig.deployDescriptor Deployment of deployment descriptor [C:\Users\User\OneDrive\Documentos\NetBeansProjects\apache-tomcat-10.0.23\conf\Catalina\localhost\CrudJava.xml] has finished in [462] ms
02-Sep-2022 11:59:58.302 INFORMAÇÕES [main] org.apache.catalina.startup.HostConfig.deployDescriptor Deploying deployment descriptor [C:\Users\User\OneDrive\Documentos\NetBeansProjects\apache-tomcat-10.0.23\conf\Catalina\localhost\PessoaWeb.xml]
02-Sep-2022 11:59:58.303 ADVERTÊNCIA [main] org.apache.catalina.startup.HostConfig.deployDescriptor The path attribute with value [/PessoaWeb] in deployment descriptor [C:\Users\User\OneDrive\Documentos\NetBeansProjects\apache-tomcat-10.0.23\conf\Catalina\localhost\PessoaWeb.xml] has been ignored
02-Sep-2022 11:59:58.898 INFORMAÇÕES [main] org.apache.jasper.servlet.TldScanner.scanJars At least one JAR was scanned for TLDs yet contained no TLDs. Enable debug logging for this logger for a complete list of JARs that were scanned but no TLDs were found in them. Skipping unneeded JARs during scanning can improve startup time and JSP compilation time.
02-Sep-2022 11:59:58.900 INFORMAÇÕES [main] org.apache.catalina.startup.HostConfig.deployDescriptor Deployment of deployment descriptor [C:\Users\User\OneDrive\Documentos\NetBeansProjects\apache-tomcat-10.0.23\conf\Catalina\localhost\PessoaWeb.xml] has finished in [597] ms
02-Sep-2022 11:59:58.900 INFORMAÇÕES [main] org.apache.catalina.startup.HostConfig.deployDirectory Diretório de instalação da aplicação web [C:\Users\User\OneDrive\Documentos\NetBeansProjects\apache-tomcat-10.0.23\webapps\docs]
02-Sep-2022 11:59:58.921 INFORMAÇÕES [main] org.apache.catalina.startup.HostConfig.deployDirectory Deployment of web application directory [C:\Users\User\OneDrive\Documentos\NetBeansProjects\apache-tomcat-10.0.23\webapps\docs] has finished in [21] ms
02-Sep-2022 11:59:58.921 INFORMAÇÕES [main] org.apache.catalina.startup.HostConfig.deployDirectory Diretório de instalação da aplicação web [C:\Users\User\OneDrive\Documentos\NetBeansProjects\apache-tomcat-10.0.23\webapps\examples]
02-Sep-2022 11:59:59.486 INFORMAÇÕES [main] org.apache.catalina.startup.HostConfig.deployDirectory Deployment of web application directory [C:\Users\User\OneDrive\Documentos\NetBeansProjects\apache-tomcat-10.0.23\webapps\examples] has finished in [565] ms
02-Sep-2022 11:59:59.486 INFORMAÇÕES [main] org.apache.catalina.startup.HostConfig.deployDirectory Diretório de instalação da aplicação web [C:\Users\User\OneDrive\Documentos\NetBeansProjects\apache-tomcat-10.0.23\webapps\host-manager]
02-Sep-2022 11:59:59.519 INFORMAÇÕES [main] org.apache.catalina.startup.HostConfig.deployDirectory Deployment of web application directory [C:\Users\User\OneDrive\Documentos\NetBeansProjects\apache-tomcat-10.0.23\webapps\host-manager] has finished in [33] ms
02-Sep-2022 11:59:59.520 INFORMAÇÕES [main] org.apache.catalina.startup.HostConfig.deployDirectory Diretório de instalação da aplicação web [C:\Users\User\OneDrive\Documentos\NetBeansProjects\apache-tomcat-10.0.23\webapps\manager]
02-Sep-2022 11:59:59.547 INFORMAÇÕES [main] org.apache.catalina.startup.HostConfig.deployDirectory Deployment of web application directory [C:\Users\User\OneDrive\Documentos\NetBeansProjects\apache-tomcat-10.0.23\webapps\manager] has finished in [27] ms
02-Sep-2022 11:59:59.547 INFORMAÇÕES [main] org.apache.catalina.startup.HostConfig.deployDirectory Diretório de instalação da aplicação web [C:\Users\User\OneDrive\Documentos\NetBeansProjects\apache-tomcat-10.0.23\webapps\ROOT]
02-Sep-2022 11:59:59.567 INFORMAÇÕES [main] org.apache.catalina.startup.HostConfig.deployDirectory Deployment of web application directory [C:\Users\User\OneDrive\Documentos\NetBeansProjects\apache-tomcat-10.0.23\webapps\ROOT] has finished in [20] ms
02-Sep-2022 11:59:59.570 INFORMAÇÕES [main] org.apache.coyote.AbstractProtocol.start Starting ProtocolHandler ["http-nio-8080"]
02-Sep-2022 11:59:59.582 INFORMAÇÕES [main] org.apache.catalina.startup.Catalina.start Server startup in [2667] milliseconds
02-Sep-2022 12:00:01.327 INFORMAÇÕES [http-nio-8080-exec-2] org.apache.catalina.core.StandardContext.reload Reloading Context with name [/Back-End] has started
02-Sep-2022 12:00:01.620 INFORMAÇÕES [http-nio-8080-exec-2] org.apache.jasper.servlet.TldScanner.scanJars At least one JAR was scanned for TLDs yet contained no TLDs. Enable debug logging for this logger for a complete list of JARs that were scanned but no TLDs were found in them. Skipping unneeded JARs during scanning can improve startup time and JSP compilation time.
02-Sep-2022 12:00:01.622 INFORMAÇÕES [http-nio-8080-exec-2] org.apache.catalina.core.StandardContext.reload Reloading Context with name [/Back-End] is completed
02-Sep-2022 12:01:52.691 INFORMAÇÕES [http-nio-8080-exec-14] org.apache.catalina.core.StandardContext.reload Reloading Context with name [/Back-End] has started
02-Sep-2022 12:01:52.957 INFORMAÇÕES [http-nio-8080-exec-14] org.apache.jasper.servlet.TldScanner.scanJars At least one JAR was scanned for TLDs yet contained no TLDs. Enable debug logging for this logger for a complete list of JARs that were scanned but no TLDs were found in them. Skipping unneeded JARs during scanning can improve startup time and JSP compilation time.
02-Sep-2022 12:01:52.959 INFORMAÇÕES [http-nio-8080-exec-14] org.apache.catalina.core.StandardContext.reload Reloading Context with name [/Back-End] is completed
02-Sep-2022 12:02:02.371 INFORMAÇÕES [http-nio-8080-exec-12] org.apache.catalina.core.StandardContext.reload Reloading Context with name [/Back-End] has started
02-Sep-2022 12:02:02.617 INFORMAÇÕES [http-nio-8080-exec-12] org.apache.jasper.servlet.TldScanner.scanJars At least one JAR was scanned for TLDs yet contained no TLDs. Enable debug logging for this logger for a complete list of JARs that were scanned but no TLDs were found in them. Skipping unneeded JARs during scanning can improve startup time and JSP compilation time.
02-Sep-2022 12:02:02.618 INFORMAÇÕES [http-nio-8080-exec-12] org.apache.catalina.core.StandardContext.reload Reloading Context with name [/Back-End] is completed
02-Sep-2022 12:41:45.206 INFORMAÇÕES [http-nio-8080-exec-22] org.apache.catalina.core.StandardContext.reload Reloading Context with name [/Back-End] has started
02-Sep-2022 12:41:45.477 INFORMAÇÕES [http-nio-8080-exec-22] org.apache.jasper.servlet.TldScanner.scanJars At least one JAR was scanned for TLDs yet contained no TLDs. Enable debug logging for this logger for a complete list of JARs that were scanned but no TLDs were found in them. Skipping unneeded JARs during scanning can improve startup time and JSP compilation time.
02-Sep-2022 12:41:45.479 INFORMAÇÕES [http-nio-8080-exec-22] org.apache.catalina.core.StandardContext.reload Reloading Context with name [/Back-End] is completed
02-Sep-2022 12:42:49.650 INFORMAÇÕES [http-nio-8080-exec-24] org.apache.catalina.core.StandardContext.reload Reloading Context with name [/Back-End] has started
02-Sep-2022 12:42:49.901 INFORMAÇÕES [http-nio-8080-exec-24] org.apache.jasper.servlet.TldScanner.scanJars At least one JAR was scanned for TLDs yet contained no TLDs. Enable debug logging for this logger for a complete list of JARs that were scanned but no TLDs were found in them. Skipping unneeded JARs during scanning can improve startup time and JSP compilation time.
02-Sep-2022 12:42:49.903 INFORMAÇÕES [http-nio-8080-exec-24] org.apache.catalina.core.StandardContext.reload Reloading Context with name [/Back-End] is completed
02-Sep-2022 13:12:16.640 INFORMAÇÕES [main] org.apache.catalina.core.StandardServer.await A valid shutdown command was received via the shutdown port. Stopping the Server instance.
02-Sep-2022 13:12:16.641 INFORMAÇÕES [main] org.apache.coyote.AbstractProtocol.pause Pausing ProtocolHandler ["http-nio-8080"]
02-Sep-2022 13:12:16.767 INFORMAÇÕES [main] org.apache.catalina.core.StandardService.stopInternal Stopping service [Catalina]
02-Sep-2022 13:12:16.779 INFORMAÇÕES [main] org.apache.coyote.AbstractProtocol.stop Stopping ProtocolHandler ["http-nio-8080"]
02-Sep-2022 13:12:16.803 INFORMAÇÕES [main] org.apache.coyote.AbstractProtocol.destroy Destroying ProtocolHandler ["http-nio-8080"]
02-Sep-2022 13:57:01.549 INFORMAÇÕES [main] org.apache.catalina.startup.VersionLoggerListener.log Server version name:   Apache Tomcat/10.0.23
02-Sep-2022 13:57:01.551 INFORMAÇÕES [main] org.apache.catalina.startup.VersionLoggerListener.log Server built:          Jul 14 2022 08:16:11 UTC
02-Sep-2022 13:57:01.551 INFORMAÇÕES [main] org.apache.catalina.startup.VersionLoggerListener.log Server version number: 10.0.23.0
02-Sep-2022 13:57:01.551 INFORMAÇÕES [main] org.apache.catalina.startup.VersionLoggerListener.log OS Name:               Windows 10
02-Sep-2022 13:57:01.551 INFORMAÇÕES [main] org.apache.catalina.startup.VersionLoggerListener.log OS Version:            10.0
02-Sep-2022 13:57:01.551 INFORMAÇÕES [main] org.apache.catalina.startup.VersionLoggerListener.log Architecture:          amd64
02-Sep-2022 13:57:01.551 INFORMAÇÕES [main] org.apache.catalina.startup.VersionLoggerListener.log Java Home:             C:\Program Files\Java\jdk1.8.0_202\jre
02-Sep-2022 13:57:01.551 INFORMAÇÕES [main] org.apache.catalina.startup.VersionLoggerListener.log JVM Version:           1.8.0_202-b08
02-Sep-2022 13:57:01.551 INFORMAÇÕES [main] org.apache.catalina.startup.VersionLoggerListener.log JVM Vendor:            Oracle Corporation
02-Sep-2022 13:57:01.551 INFORMAÇÕES [main] org.apache.catalina.startup.VersionLoggerListener.log CATALINA_BASE:         C:\Users\User\OneDrive\Documentos\NetBeansProjects\apache-tomcat-10.0.23
02-Sep-2022 13:57:01.551 INFORMAÇÕES [main] org.apache.catalina.startup.VersionLoggerListener.log CATALINA_HOME:         C:\Users\User\OneDrive\Documentos\NetBeansProjects\apache-tomcat-10.0.23
02-Sep-2022 13:57:01.552 INFORMAÇÕES [main] org.apache.catalina.startup.VersionLoggerListener.log Command line argument: -Djava.util.logging.config.file=C:\Users\User\OneDrive\Documentos\NetBeansProjects\apache-tomcat-10.0.23\conf\logging.properties
02-Sep-2022 13:57:01.552 INFORMAÇÕES [main] org.apache.catalina.startup.VersionLoggerListener.log Command line argument: -Djava.util.logging.manager=org.apache.juli.ClassLoaderLogManager
02-Sep-2022 13:57:01.552 INFORMAÇÕES [main] org.apache.catalina.startup.VersionLoggerListener.log Command line argument: -Dhttp.nonProxyHosts=localhost|127.0.0.1|DESKTOP-2UF3N87
02-Sep-2022 13:57:01.552 INFORMAÇÕES [main] org.apache.catalina.startup.VersionLoggerListener.log Command line argument: -Djdk.tls.ephemeralDHKeySize=2048
02-Sep-2022 13:57:01.552 INFORMAÇÕES [main] org.apache.catalina.startup.VersionLoggerListener.log Command line argument: -Djava.protocol.handler.pkgs=org.apache.catalina.webresources
02-Sep-2022 13:57:01.552 INFORMAÇÕES [main] org.apache.catalina.startup.VersionLoggerListener.log Command line argument: -Dignore.endorsed.dirs=
02-Sep-2022 13:57:01.552 INFORMAÇÕES [main] org.apache.catalina.startup.VersionLoggerListener.log Command line argument: -Dcatalina.base=C:\Users\User\OneDrive\Documentos\NetBeansProjects\apache-tomcat-10.0.23
02-Sep-2022 13:57:01.553 INFORMAÇÕES [main] org.apache.catalina.startup.VersionLoggerListener.log Command line argument: -Dcatalina.home=C:\Users\User\OneDrive\Documentos\NetBeansProjects\apache-tomcat-10.0.23
02-Sep-2022 13:57:01.553 INFORMAÇÕES [main] org.apache.catalina.startup.VersionLoggerListener.log Command line argument: -Djava.io.tmpdir=C:\Users\User\OneDrive\Documentos\NetBeansProjects\apache-tomcat-10.0.23\temp
02-Sep-2022 13:57:01.559 INFORMAÇÕES [main] org.apache.catalina.core.AprLifecycleListener.lifecycleEvent The Apache Tomcat Native library which allows using OpenSSL was not found on the java.library.path: [C:\Program Files\Java\jdk1.8.0_202\bin;C:\WINDOWS\Sun\Java\bin;C:\WINDOWS\system32;C:\WINDOWS;C:\Program Files\Java\zulu18.32.13-ca-jdk18.0.2.1-win_x64\bin;C:\Program Files (x86)\Common Files\Oracle\Java\javapath;C:\WINDOWS\system32;C:\WINDOWS;C:\WINDOWS\System32\Wbem;C:\WINDOWS\System32\WindowsPowerShell\v1.0\;C:\WINDOWS\System32\OpenSSH\;C:\Program Files\Git\cmd;C:\Program Files (x86)\NVIDIA Corporation\PhysX\Common;C:\Program Files\NVIDIA Corporation\NVIDIA NvDLISR;C:\ProgramData\UNIVALI\Portugol Studio;C:\Program Files\wooting-analog-sdk\;C:\Program Files\nodejs\;C:\Program Files (x86)\dotnet\;C:\Users\User\AppData\Local\Microsoft\WindowsApps;C:\Users\User\AppData\Local\Programs\Microsoft VS Code\bin;C:\Users\User\AppData\Roaming\npm;C:\Program Files\heroku\bin;.]
02-Sep-2022 13:57:01.800 INFORMAÇÕES [main] org.apache.coyote.AbstractProtocol.init Initializing ProtocolHandler ["http-nio-8080"]
02-Sep-2022 13:57:01.812 INFORMAÇÕES [main] org.apache.catalina.startup.Catalina.load Server initialization in [375] milliseconds
02-Sep-2022 13:57:01.833 INFORMAÇÕES [main] org.apache.catalina.core.StandardService.startInternal Starting service [Catalina]
02-Sep-2022 13:57:01.833 INFORMAÇÕES [main] org.apache.catalina.core.StandardEngine.startInternal Starting Servlet engine: [Apache Tomcat/10.0.23]
02-Sep-2022 13:57:01.840 INFORMAÇÕES [main] org.apache.catalina.startup.HostConfig.deployDescriptor Deploying deployment descriptor [C:\Users\User\OneDrive\Documentos\NetBeansProjects\apache-tomcat-10.0.23\conf\Catalina\localhost\Back-End.xml]
02-Sep-2022 13:57:01.854 ADVERTÊNCIA [main] org.apache.catalina.startup.HostConfig.deployDescriptor The path attribute with value [/Back-End] in deployment descriptor [C:\Users\User\OneDrive\Documentos\NetBeansProjects\apache-tomcat-10.0.23\conf\Catalina\localhost\Back-End.xml] has been ignored
02-Sep-2022 13:57:02.280 INFORMAÇÕES [main] org.apache.jasper.servlet.TldScanner.scanJars At least one JAR was scanned for TLDs yet contained no TLDs. Enable debug logging for this logger for a complete list of JARs that were scanned but no TLDs were found in them. Skipping unneeded JARs during scanning can improve startup time and JSP compilation time.
02-Sep-2022 13:57:02.426 ADVERTÊNCIA [main] org.apache.catalina.util.SessionIdGeneratorBase.createSecureRandom Creation of SecureRandom instance for session ID generation using [SHA1PRNG] took [129] milliseconds.
02-Sep-2022 13:57:02.438 INFORMAÇÕES [main] org.apache.catalina.startup.HostConfig.deployDescriptor Deployment of deployment descriptor [C:\Users\User\OneDrive\Documentos\NetBeansProjects\apache-tomcat-10.0.23\conf\Catalina\localhost\Back-End.xml] has finished in [598] ms
02-Sep-2022 13:57:02.438 INFORMAÇÕES [main] org.apache.catalina.startup.HostConfig.deployDescriptor Deploying deployment descriptor [C:\Users\User\OneDrive\Documentos\NetBeansProjects\apache-tomcat-10.0.23\conf\Catalina\localhost\BoxGuard.xml]
02-Sep-2022 13:57:02.439 ADVERTÊNCIA [main] org.apache.catalina.startup.HostConfig.deployDescriptor The path attribute with value [/BoxGuard] in deployment descriptor [C:\Users\User\OneDrive\Documentos\NetBeansProjects\apache-tomcat-10.0.23\conf\Catalina\localhost\BoxGuard.xml] has been ignored
02-Sep-2022 13:57:02.443 GRAVE [main] org.apache.catalina.startup.HostConfig.deployDescriptor Error deploying deployment descriptor [C:\Users\User\OneDrive\Documentos\NetBeansProjects\apache-tomcat-10.0.23\conf\Catalina\localhost\BoxGuard.xml]
	java.lang.IllegalStateException: Error starting child
		at org.apache.catalina.core.ContainerBase.addChildInternal(ContainerBase.java:729)
		at org.apache.catalina.core.ContainerBase.addChild(ContainerBase.java:698)
		at org.apache.catalina.core.StandardHost.addChild(StandardHost.java:747)
		at org.apache.catalina.startup.HostConfig.deployDescriptor(HostConfig.java:693)
		at org.apache.catalina.startup.HostConfig$DeployDescriptor.run(HostConfig.java:1979)
		at java.util.concurrent.Executors$RunnableAdapter.call(Executors.java:511)
		at java.util.concurrent.FutureTask.run(FutureTask.java:266)
		at org.apache.tomcat.util.threads.InlineExecutorService.execute(InlineExecutorService.java:75)
		at java.util.concurrent.AbstractExecutorService.submit(AbstractExecutorService.java:112)
		at org.apache.catalina.startup.HostConfig.deployDescriptors(HostConfig.java:586)
		at org.apache.catalina.startup.HostConfig.deployApps(HostConfig.java:476)
		at org.apache.catalina.startup.HostConfig.start(HostConfig.java:1708)
		at org.apache.catalina.startup.HostConfig.lifecycleEvent(HostConfig.java:320)
		at org.apache.catalina.util.LifecycleBase.fireLifecycleEvent(LifecycleBase.java:123)
		at org.apache.catalina.util.LifecycleBase.setStateInternal(LifecycleBase.java:423)
		at org.apache.catalina.util.LifecycleBase.setState(LifecycleBase.java:366)
		at org.apache.catalina.core.ContainerBase.startInternal(ContainerBase.java:946)
		at org.apache.catalina.core.StandardHost.startInternal(StandardHost.java:886)
		at org.apache.catalina.util.LifecycleBase.start(LifecycleBase.java:183)
		at org.apache.catalina.core.ContainerBase$StartChild.call(ContainerBase.java:1396)
		at org.apache.catalina.core.ContainerBase$StartChild.call(ContainerBase.java:1386)
		at java.util.concurrent.FutureTask.run(FutureTask.java:266)
		at org.apache.tomcat.util.threads.InlineExecutorService.execute(InlineExecutorService.java:75)
		at java.util.concurrent.AbstractExecutorService.submit(AbstractExecutorService.java:134)
		at org.apache.catalina.core.ContainerBase.startInternal(ContainerBase.java:919)
		at org.apache.catalina.core.StandardEngine.startInternal(StandardEngine.java:265)
		at org.apache.catalina.util.LifecycleBase.start(LifecycleBase.java:183)
		at org.apache.catalina.core.StandardService.startInternal(StandardService.java:432)
		at org.apache.catalina.util.LifecycleBase.start(LifecycleBase.java:183)
		at org.apache.catalina.core.StandardServer.startInternal(StandardServer.java:930)
		at org.apache.catalina.util.LifecycleBase.start(LifecycleBase.java:183)
		at org.apache.catalina.startup.Catalina.start(Catalina.java:795)
		at sun.reflect.NativeMethodAccessorImpl.invoke0(Native Method)
		at sun.reflect.NativeMethodAccessorImpl.invoke(NativeMethodAccessorImpl.java:62)
		at sun.reflect.DelegatingMethodAccessorImpl.invoke(DelegatingMethodAccessorImpl.java:43)
		at java.lang.reflect.Method.invoke(Method.java:498)
		at org.apache.catalina.startup.Bootstrap.start(Bootstrap.java:345)
		at org.apache.catalina.startup.Bootstrap.main(Bootstrap.java:476)
	Caused by: org.apache.catalina.LifecycleException: Failed to start component [org.apache.catalina.webresources.StandardRoot@44b3606b]
		at org.apache.catalina.util.LifecycleBase.handleSubClassException(LifecycleBase.java:440)
		at org.apache.catalina.util.LifecycleBase.start(LifecycleBase.java:198)
		at org.apache.catalina.core.StandardContext.resourcesStart(StandardContext.java:4834)
		at org.apache.catalina.core.StandardContext.startInternal(StandardContext.java:4972)
		at org.apache.catalina.util.LifecycleBase.start(LifecycleBase.java:183)
		at org.apache.catalina.core.ContainerBase.addChildInternal(ContainerBase.java:726)
		... 37 more
	Caused by: java.lang.IllegalArgumentException: The main resource set specified [C:\Users\User\OneDrive\Área de Trabalho\BoxGuard\BoxGuard\build\web] is not valid
		at org.apache.catalina.webresources.StandardRoot.createMainResourceSet(StandardRoot.java:762)
		at org.apache.catalina.webresources.StandardRoot.startInternal(StandardRoot.java:719)
		at org.apache.catalina.util.LifecycleBase.start(LifecycleBase.java:183)
		... 41 more
02-Sep-2022 13:57:02.498 INFORMAÇÕES [main] org.apache.catalina.startup.HostConfig.deployDescriptor Deployment of deployment descriptor [C:\Users\User\OneDrive\Documentos\NetBeansProjects\apache-tomcat-10.0.23\conf\Catalina\localhost\BoxGuard.xml] has finished in [60] ms
02-Sep-2022 13:57:02.498 INFORMAÇÕES [main] org.apache.catalina.startup.HostConfig.deployDescriptor Deploying deployment descriptor [C:\Users\User\OneDrive\Documentos\NetBeansProjects\apache-tomcat-10.0.23\conf\Catalina\localhost\CrudJava.xml]
02-Sep-2022 13:57:02.499 ADVERTÊNCIA [main] org.apache.catalina.startup.HostConfig.deployDescriptor The path attribute with value [/CrudJava] in deployment descriptor [C:\Users\User\OneDrive\Documentos\NetBeansProjects\apache-tomcat-10.0.23\conf\Catalina\localhost\CrudJava.xml] has been ignored
02-Sep-2022 13:57:02.996 INFORMAÇÕES [main] org.apache.jasper.servlet.TldScanner.scanJars At least one JAR was scanned for TLDs yet contained no TLDs. Enable debug logging for this logger for a complete list of JARs that were scanned but no TLDs were found in them. Skipping unneeded JARs during scanning can improve startup time and JSP compilation time.
02-Sep-2022 13:57:02.998 INFORMAÇÕES [main] org.apache.catalina.startup.HostConfig.deployDescriptor Deployment of deployment descriptor [C:\Users\User\OneDrive\Documentos\NetBeansProjects\apache-tomcat-10.0.23\conf\Catalina\localhost\CrudJava.xml] has finished in [500] ms
02-Sep-2022 13:57:02.998 INFORMAÇÕES [main] org.apache.catalina.startup.HostConfig.deployDescriptor Deploying deployment descriptor [C:\Users\User\OneDrive\Documentos\NetBeansProjects\apache-tomcat-10.0.23\conf\Catalina\localhost\PessoaWeb.xml]
02-Sep-2022 13:57:02.999 ADVERTÊNCIA [main] org.apache.catalina.startup.HostConfig.deployDescriptor The path attribute with value [/PessoaWeb] in deployment descriptor [C:\Users\User\OneDrive\Documentos\NetBeansProjects\apache-tomcat-10.0.23\conf\Catalina\localhost\PessoaWeb.xml] has been ignored
02-Sep-2022 13:57:03.291 INFORMAÇÕES [main] org.apache.jasper.servlet.TldScanner.scanJars At least one JAR was scanned for TLDs yet contained no TLDs. Enable debug logging for this logger for a complete list of JARs that were scanned but no TLDs were found in them. Skipping unneeded JARs during scanning can improve startup time and JSP compilation time.
02-Sep-2022 13:57:03.294 INFORMAÇÕES [main] org.apache.catalina.startup.HostConfig.deployDescriptor Deployment of deployment descriptor [C:\Users\User\OneDrive\Documentos\NetBeansProjects\apache-tomcat-10.0.23\conf\Catalina\localhost\PessoaWeb.xml] has finished in [295] ms
02-Sep-2022 13:57:03.294 INFORMAÇÕES [main] org.apache.catalina.startup.HostConfig.deployDirectory Diretório de instalação da aplicação web [C:\Users\User\OneDrive\Documentos\NetBeansProjects\apache-tomcat-10.0.23\webapps\docs]
02-Sep-2022 13:57:03.315 INFORMAÇÕES [main] org.apache.catalina.startup.HostConfig.deployDirectory Deployment of web application directory [C:\Users\User\OneDrive\Documentos\NetBeansProjects\apache-tomcat-10.0.23\webapps\docs] has finished in [21] ms
02-Sep-2022 13:57:03.316 INFORMAÇÕES [main] org.apache.catalina.startup.HostConfig.deployDirectory Diretório de instalação da aplicação web [C:\Users\User\OneDrive\Documentos\NetBeansProjects\apache-tomcat-10.0.23\webapps\examples]
02-Sep-2022 13:57:03.585 INFORMAÇÕES [main] org.apache.catalina.startup.HostConfig.deployDirectory Deployment of web application directory [C:\Users\User\OneDrive\Documentos\NetBeansProjects\apache-tomcat-10.0.23\webapps\examples] has finished in [269] ms
02-Sep-2022 13:57:03.585 INFORMAÇÕES [main] org.apache.catalina.startup.HostConfig.deployDirectory Diretório de instalação da aplicação web [C:\Users\User\OneDrive\Documentos\NetBeansProjects\apache-tomcat-10.0.23\webapps\host-manager]
02-Sep-2022 13:57:03.611 INFORMAÇÕES [main] org.apache.catalina.startup.HostConfig.deployDirectory Deployment of web application directory [C:\Users\User\OneDrive\Documentos\NetBeansProjects\apache-tomcat-10.0.23\webapps\host-manager] has finished in [26] ms
02-Sep-2022 13:57:03.611 INFORMAÇÕES [main] org.apache.catalina.startup.HostConfig.deployDirectory Diretório de instalação da aplicação web [C:\Users\User\OneDrive\Documentos\NetBeansProjects\apache-tomcat-10.0.23\webapps\manager]
02-Sep-2022 13:57:03.633 INFORMAÇÕES [main] org.apache.catalina.startup.HostConfig.deployDirectory Deployment of web application directory [C:\Users\User\OneDrive\Documentos\NetBeansProjects\apache-tomcat-10.0.23\webapps\manager] has finished in [22] ms
02-Sep-2022 13:57:03.633 INFORMAÇÕES [main] org.apache.catalina.startup.HostConfig.deployDirectory Diretório de instalação da aplicação web [C:\Users\User\OneDrive\Documentos\NetBeansProjects\apache-tomcat-10.0.23\webapps\ROOT]
02-Sep-2022 13:57:03.648 INFORMAÇÕES [main] org.apache.catalina.startup.HostConfig.deployDirectory Deployment of web application directory [C:\Users\User\OneDrive\Documentos\NetBeansProjects\apache-tomcat-10.0.23\webapps\ROOT] has finished in [15] ms
02-Sep-2022 13:57:03.651 INFORMAÇÕES [main] org.apache.coyote.AbstractProtocol.start Starting ProtocolHandler ["http-nio-8080"]
02-Sep-2022 13:57:03.662 INFORMAÇÕES [main] org.apache.catalina.startup.Catalina.start Server startup in [1849] milliseconds
02-Sep-2022 13:57:05.219 INFORMAÇÕES [http-nio-8080-exec-1] org.apache.catalina.core.StandardContext.reload Reloading Context with name [/Back-End] has started
02-Sep-2022 13:57:05.477 INFORMAÇÕES [http-nio-8080-exec-1] org.apache.jasper.servlet.TldScanner.scanJars At least one JAR was scanned for TLDs yet contained no TLDs. Enable debug logging for this logger for a complete list of JARs that were scanned but no TLDs were found in them. Skipping unneeded JARs during scanning can improve startup time and JSP compilation time.
02-Sep-2022 13:57:05.479 INFORMAÇÕES [http-nio-8080-exec-1] org.apache.catalina.core.StandardContext.reload Reloading Context with name [/Back-End] is completed
02-Sep-2022 13:57:37.486 INFORMAÇÕES [http-nio-8080-exec-2] org.apache.catalina.startup.HostConfig.undeploy Undeploying context [/Back-End]
02-Sep-2022 13:57:37.500 INFORMAÇÕES [http-nio-8080-exec-11] org.apache.catalina.startup.HostConfig.deployDescriptor Deploying deployment descriptor [C:\Users\User\OneDrive\Documentos\NetBeansProjects\apache-tomcat-10.0.23\conf\Catalina\localhost\Back-End.xml]
02-Sep-2022 13:57:37.501 ADVERTÊNCIA [http-nio-8080-exec-11] org.apache.catalina.startup.HostConfig.deployDescriptor The path attribute with value [/Back-End/index.html] in deployment descriptor [C:\Users\User\OneDrive\Documentos\NetBeansProjects\apache-tomcat-10.0.23\conf\Catalina\localhost\Back-End.xml] has been ignored
02-Sep-2022 13:57:37.770 INFORMAÇÕES [http-nio-8080-exec-11] org.apache.jasper.servlet.TldScanner.scanJars At least one JAR was scanned for TLDs yet contained no TLDs. Enable debug logging for this logger for a complete list of JARs that were scanned but no TLDs were found in them. Skipping unneeded JARs during scanning can improve startup time and JSP compilation time.
02-Sep-2022 13:57:37.772 INFORMAÇÕES [http-nio-8080-exec-11] org.apache.catalina.startup.HostConfig.deployDescriptor Deployment of deployment descriptor [C:\Users\User\OneDrive\Documentos\NetBeansProjects\apache-tomcat-10.0.23\conf\Catalina\localhost\Back-End.xml] has finished in [272] ms
02-Sep-2022 13:57:51.781 INFORMAÇÕES [main] org.apache.catalina.core.StandardServer.await A valid shutdown command was received via the shutdown port. Stopping the Server instance.
02-Sep-2022 13:57:51.782 INFORMAÇÕES [main] org.apache.coyote.AbstractProtocol.pause Pausing ProtocolHandler ["http-nio-8080"]
02-Sep-2022 13:57:51.901 INFORMAÇÕES [main] org.apache.catalina.core.StandardService.stopInternal Stopping service [Catalina]
02-Sep-2022 13:57:51.914 INFORMAÇÕES [main] org.apache.coyote.AbstractProtocol.stop Stopping ProtocolHandler ["http-nio-8080"]
02-Sep-2022 13:57:51.930 INFORMAÇÕES [main] org.apache.coyote.AbstractProtocol.destroy Destroying ProtocolHandler ["http-nio-8080"]
02-Sep-2022 13:59:53.489 INFORMAÇÕES [main] org.apache.catalina.startup.VersionLoggerListener.log Server version name:   Apache Tomcat/10.0.23
02-Sep-2022 13:59:53.491 INFORMAÇÕES [main] org.apache.catalina.startup.VersionLoggerListener.log Server built:          Jul 14 2022 08:16:11 UTC
02-Sep-2022 13:59:53.491 INFORMAÇÕES [main] org.apache.catalina.startup.VersionLoggerListener.log Server version number: 10.0.23.0
02-Sep-2022 13:59:53.491 INFORMAÇÕES [main] org.apache.catalina.startup.VersionLoggerListener.log OS Name:               Windows 10
02-Sep-2022 13:59:53.491 INFORMAÇÕES [main] org.apache.catalina.startup.VersionLoggerListener.log OS Version:            10.0
02-Sep-2022 13:59:53.491 INFORMAÇÕES [main] org.apache.catalina.startup.VersionLoggerListener.log Architecture:          amd64
02-Sep-2022 13:59:53.491 INFORMAÇÕES [main] org.apache.catalina.startup.VersionLoggerListener.log Java Home:             C:\Program Files\Java\jdk1.8.0_202\jre
02-Sep-2022 13:59:53.492 INFORMAÇÕES [main] org.apache.catalina.startup.VersionLoggerListener.log JVM Version:           1.8.0_202-b08
02-Sep-2022 13:59:53.492 INFORMAÇÕES [main] org.apache.catalina.startup.VersionLoggerListener.log JVM Vendor:            Oracle Corporation
02-Sep-2022 13:59:53.492 INFORMAÇÕES [main] org.apache.catalina.startup.VersionLoggerListener.log CATALINA_BASE:         C:\Users\User\OneDrive\Documentos\NetBeansProjects\apache-tomcat-10.0.23
02-Sep-2022 13:59:53.492 INFORMAÇÕES [main] org.apache.catalina.startup.VersionLoggerListener.log CATALINA_HOME:         C:\Users\User\OneDrive\Documentos\NetBeansProjects\apache-tomcat-10.0.23
02-Sep-2022 13:59:53.492 INFORMAÇÕES [main] org.apache.catalina.startup.VersionLoggerListener.log Command line argument: -Djava.util.logging.config.file=C:\Users\User\OneDrive\Documentos\NetBeansProjects\apache-tomcat-10.0.23\conf\logging.properties
02-Sep-2022 13:59:53.492 INFORMAÇÕES [main] org.apache.catalina.startup.VersionLoggerListener.log Command line argument: -Djava.util.logging.manager=org.apache.juli.ClassLoaderLogManager
02-Sep-2022 13:59:53.493 INFORMAÇÕES [main] org.apache.catalina.startup.VersionLoggerListener.log Command line argument: -Dhttp.nonProxyHosts=localhost|127.0.0.1|DESKTOP-2UF3N87
02-Sep-2022 13:59:53.493 INFORMAÇÕES [main] org.apache.catalina.startup.VersionLoggerListener.log Command line argument: -Djdk.tls.ephemeralDHKeySize=2048
02-Sep-2022 13:59:53.493 INFORMAÇÕES [main] org.apache.catalina.startup.VersionLoggerListener.log Command line argument: -Djava.protocol.handler.pkgs=org.apache.catalina.webresources
02-Sep-2022 13:59:53.493 INFORMAÇÕES [main] org.apache.catalina.startup.VersionLoggerListener.log Command line argument: -Dignore.endorsed.dirs=
02-Sep-2022 13:59:53.493 INFORMAÇÕES [main] org.apache.catalina.startup.VersionLoggerListener.log Command line argument: -Dcatalina.base=C:\Users\User\OneDrive\Documentos\NetBeansProjects\apache-tomcat-10.0.23
02-Sep-2022 13:59:53.493 INFORMAÇÕES [main] org.apache.catalina.startup.VersionLoggerListener.log Command line argument: -Dcatalina.home=C:\Users\User\OneDrive\Documentos\NetBeansProjects\apache-tomcat-10.0.23
02-Sep-2022 13:59:53.493 INFORMAÇÕES [main] org.apache.catalina.startup.VersionLoggerListener.log Command line argument: -Djava.io.tmpdir=C:\Users\User\OneDrive\Documentos\NetBeansProjects\apache-tomcat-10.0.23\temp
02-Sep-2022 13:59:53.499 INFORMAÇÕES [main] org.apache.catalina.core.AprLifecycleListener.lifecycleEvent The Apache Tomcat Native library which allows using OpenSSL was not found on the java.library.path: [C:\Program Files\Java\jdk1.8.0_202\bin;C:\WINDOWS\Sun\Java\bin;C:\WINDOWS\system32;C:\WINDOWS;C:\Program Files\Java\zulu18.32.13-ca-jdk18.0.2.1-win_x64\bin;C:\Program Files (x86)\Common Files\Oracle\Java\javapath;C:\WINDOWS\system32;C:\WINDOWS;C:\WINDOWS\System32\Wbem;C:\WINDOWS\System32\WindowsPowerShell\v1.0\;C:\WINDOWS\System32\OpenSSH\;C:\Program Files\Git\cmd;C:\Program Files (x86)\NVIDIA Corporation\PhysX\Common;C:\Program Files\NVIDIA Corporation\NVIDIA NvDLISR;C:\ProgramData\UNIVALI\Portugol Studio;C:\Program Files\wooting-analog-sdk\;C:\Program Files\nodejs\;C:\Program Files (x86)\dotnet\;C:\Users\User\AppData\Local\Microsoft\WindowsApps;C:\Users\User\AppData\Local\Programs\Microsoft VS Code\bin;C:\Users\User\AppData\Roaming\npm;C:\Program Files\heroku\bin;.]
02-Sep-2022 13:59:53.751 INFORMAÇÕES [main] org.apache.coyote.AbstractProtocol.init Initializing ProtocolHandler ["http-nio-8080"]
02-Sep-2022 13:59:53.764 INFORMAÇÕES [main] org.apache.catalina.startup.Catalina.load Server initialization in [387] milliseconds
02-Sep-2022 13:59:53.783 INFORMAÇÕES [main] org.apache.catalina.core.StandardService.startInternal Starting service [Catalina]
02-Sep-2022 13:59:53.783 INFORMAÇÕES [main] org.apache.catalina.core.StandardEngine.startInternal Starting Servlet engine: [Apache Tomcat/10.0.23]
02-Sep-2022 13:59:53.790 INFORMAÇÕES [main] org.apache.catalina.startup.HostConfig.deployDescriptor Deploying deployment descriptor [C:\Users\User\OneDrive\Documentos\NetBeansProjects\apache-tomcat-10.0.23\conf\Catalina\localhost\Back-End.xml]
02-Sep-2022 13:59:53.800 ADVERTÊNCIA [main] org.apache.catalina.startup.HostConfig.deployDescriptor The path attribute with value [/Back-End/index.html] in deployment descriptor [C:\Users\User\OneDrive\Documentos\NetBeansProjects\apache-tomcat-10.0.23\conf\Catalina\localhost\Back-End.xml] has been ignored
02-Sep-2022 13:59:54.229 INFORMAÇÕES [main] org.apache.jasper.servlet.TldScanner.scanJars At least one JAR was scanned for TLDs yet contained no TLDs. Enable debug logging for this logger for a complete list of JARs that were scanned but no TLDs were found in them. Skipping unneeded JARs during scanning can improve startup time and JSP compilation time.
02-Sep-2022 13:59:54.378 ADVERTÊNCIA [main] org.apache.catalina.util.SessionIdGeneratorBase.createSecureRandom Creation of SecureRandom instance for session ID generation using [SHA1PRNG] took [134] milliseconds.
02-Sep-2022 13:59:54.391 INFORMAÇÕES [main] org.apache.catalina.startup.HostConfig.deployDescriptor Deployment of deployment descriptor [C:\Users\User\OneDrive\Documentos\NetBeansProjects\apache-tomcat-10.0.23\conf\Catalina\localhost\Back-End.xml] has finished in [602] ms
02-Sep-2022 13:59:54.391 INFORMAÇÕES [main] org.apache.catalina.startup.HostConfig.deployDescriptor Deploying deployment descriptor [C:\Users\User\OneDrive\Documentos\NetBeansProjects\apache-tomcat-10.0.23\conf\Catalina\localhost\BoxGuard.xml]
02-Sep-2022 13:59:54.392 ADVERTÊNCIA [main] org.apache.catalina.startup.HostConfig.deployDescriptor The path attribute with value [/BoxGuard] in deployment descriptor [C:\Users\User\OneDrive\Documentos\NetBeansProjects\apache-tomcat-10.0.23\conf\Catalina\localhost\BoxGuard.xml] has been ignored
02-Sep-2022 13:59:54.395 GRAVE [main] org.apache.catalina.startup.HostConfig.deployDescriptor Error deploying deployment descriptor [C:\Users\User\OneDrive\Documentos\NetBeansProjects\apache-tomcat-10.0.23\conf\Catalina\localhost\BoxGuard.xml]
	java.lang.IllegalStateException: Error starting child
		at org.apache.catalina.core.ContainerBase.addChildInternal(ContainerBase.java:729)
		at org.apache.catalina.core.ContainerBase.addChild(ContainerBase.java:698)
		at org.apache.catalina.core.StandardHost.addChild(StandardHost.java:747)
		at org.apache.catalina.startup.HostConfig.deployDescriptor(HostConfig.java:693)
		at org.apache.catalina.startup.HostConfig$DeployDescriptor.run(HostConfig.java:1979)
		at java.util.concurrent.Executors$RunnableAdapter.call(Executors.java:511)
		at java.util.concurrent.FutureTask.run(FutureTask.java:266)
		at org.apache.tomcat.util.threads.InlineExecutorService.execute(InlineExecutorService.java:75)
		at java.util.concurrent.AbstractExecutorService.submit(AbstractExecutorService.java:112)
		at org.apache.catalina.startup.HostConfig.deployDescriptors(HostConfig.java:586)
		at org.apache.catalina.startup.HostConfig.deployApps(HostConfig.java:476)
		at org.apache.catalina.startup.HostConfig.start(HostConfig.java:1708)
		at org.apache.catalina.startup.HostConfig.lifecycleEvent(HostConfig.java:320)
		at org.apache.catalina.util.LifecycleBase.fireLifecycleEvent(LifecycleBase.java:123)
		at org.apache.catalina.util.LifecycleBase.setStateInternal(LifecycleBase.java:423)
		at org.apache.catalina.util.LifecycleBase.setState(LifecycleBase.java:366)
		at org.apache.catalina.core.ContainerBase.startInternal(ContainerBase.java:946)
		at org.apache.catalina.core.StandardHost.startInternal(StandardHost.java:886)
		at org.apache.catalina.util.LifecycleBase.start(LifecycleBase.java:183)
		at org.apache.catalina.core.ContainerBase$StartChild.call(ContainerBase.java:1396)
		at org.apache.catalina.core.ContainerBase$StartChild.call(ContainerBase.java:1386)
		at java.util.concurrent.FutureTask.run(FutureTask.java:266)
		at org.apache.tomcat.util.threads.InlineExecutorService.execute(InlineExecutorService.java:75)
		at java.util.concurrent.AbstractExecutorService.submit(AbstractExecutorService.java:134)
		at org.apache.catalina.core.ContainerBase.startInternal(ContainerBase.java:919)
		at org.apache.catalina.core.StandardEngine.startInternal(StandardEngine.java:265)
		at org.apache.catalina.util.LifecycleBase.start(LifecycleBase.java:183)
		at org.apache.catalina.core.StandardService.startInternal(StandardService.java:432)
		at org.apache.catalina.util.LifecycleBase.start(LifecycleBase.java:183)
		at org.apache.catalina.core.StandardServer.startInternal(StandardServer.java:930)
		at org.apache.catalina.util.LifecycleBase.start(LifecycleBase.java:183)
		at org.apache.catalina.startup.Catalina.start(Catalina.java:795)
		at sun.reflect.NativeMethodAccessorImpl.invoke0(Native Method)
		at sun.reflect.NativeMethodAccessorImpl.invoke(NativeMethodAccessorImpl.java:62)
		at sun.reflect.DelegatingMethodAccessorImpl.invoke(DelegatingMethodAccessorImpl.java:43)
		at java.lang.reflect.Method.invoke(Method.java:498)
		at org.apache.catalina.startup.Bootstrap.start(Bootstrap.java:345)
		at org.apache.catalina.startup.Bootstrap.main(Bootstrap.java:476)
	Caused by: org.apache.catalina.LifecycleException: Failed to start component [org.apache.catalina.webresources.StandardRoot@44b3606b]
		at org.apache.catalina.util.LifecycleBase.handleSubClassException(LifecycleBase.java:440)
		at org.apache.catalina.util.LifecycleBase.start(LifecycleBase.java:198)
		at org.apache.catalina.core.StandardContext.resourcesStart(StandardContext.java:4834)
		at org.apache.catalina.core.StandardContext.startInternal(StandardContext.java:4972)
		at org.apache.catalina.util.LifecycleBase.start(LifecycleBase.java:183)
		at org.apache.catalina.core.ContainerBase.addChildInternal(ContainerBase.java:726)
		... 37 more
	Caused by: java.lang.IllegalArgumentException: The main resource set specified [C:\Users\User\OneDrive\Área de Trabalho\BoxGuard\BoxGuard\build\web] is not valid
		at org.apache.catalina.webresources.StandardRoot.createMainResourceSet(StandardRoot.java:762)
		at org.apache.catalina.webresources.StandardRoot.startInternal(StandardRoot.java:719)
		at org.apache.catalina.util.LifecycleBase.start(LifecycleBase.java:183)
		... 41 more
02-Sep-2022 13:59:54.447 INFORMAÇÕES [main] org.apache.catalina.startup.HostConfig.deployDescriptor Deployment of deployment descriptor [C:\Users\User\OneDrive\Documentos\NetBeansProjects\apache-tomcat-10.0.23\conf\Catalina\localhost\BoxGuard.xml] has finished in [56] ms
02-Sep-2022 13:59:54.447 INFORMAÇÕES [main] org.apache.catalina.startup.HostConfig.deployDescriptor Deploying deployment descriptor [C:\Users\User\OneDrive\Documentos\NetBeansProjects\apache-tomcat-10.0.23\conf\Catalina\localhost\CrudJava.xml]
02-Sep-2022 13:59:54.448 ADVERTÊNCIA [main] org.apache.catalina.startup.HostConfig.deployDescriptor The path attribute with value [/CrudJava] in deployment descriptor [C:\Users\User\OneDrive\Documentos\NetBeansProjects\apache-tomcat-10.0.23\conf\Catalina\localhost\CrudJava.xml] has been ignored
02-Sep-2022 13:59:54.701 INFORMAÇÕES [main] org.apache.jasper.servlet.TldScanner.scanJars At least one JAR was scanned for TLDs yet contained no TLDs. Enable debug logging for this logger for a complete list of JARs that were scanned but no TLDs were found in them. Skipping unneeded JARs during scanning can improve startup time and JSP compilation time.
02-Sep-2022 13:59:54.704 INFORMAÇÕES [main] org.apache.catalina.startup.HostConfig.deployDescriptor Deployment of deployment descriptor [C:\Users\User\OneDrive\Documentos\NetBeansProjects\apache-tomcat-10.0.23\conf\Catalina\localhost\CrudJava.xml] has finished in [257] ms
02-Sep-2022 13:59:54.704 INFORMAÇÕES [main] org.apache.catalina.startup.HostConfig.deployDescriptor Deploying deployment descriptor [C:\Users\User\OneDrive\Documentos\NetBeansProjects\apache-tomcat-10.0.23\conf\Catalina\localhost\PessoaWeb.xml]
02-Sep-2022 13:59:54.705 ADVERTÊNCIA [main] org.apache.catalina.startup.HostConfig.deployDescriptor The path attribute with value [/PessoaWeb] in deployment descriptor [C:\Users\User\OneDrive\Documentos\NetBeansProjects\apache-tomcat-10.0.23\conf\Catalina\localhost\PessoaWeb.xml] has been ignored
02-Sep-2022 13:59:54.997 INFORMAÇÕES [main] org.apache.jasper.servlet.TldScanner.scanJars At least one JAR was scanned for TLDs yet contained no TLDs. Enable debug logging for this logger for a complete list of JARs that were scanned but no TLDs were found in them. Skipping unneeded JARs during scanning can improve startup time and JSP compilation time.
02-Sep-2022 13:59:54.999 INFORMAÇÕES [main] org.apache.catalina.startup.HostConfig.deployDescriptor Deployment of deployment descriptor [C:\Users\User\OneDrive\Documentos\NetBeansProjects\apache-tomcat-10.0.23\conf\Catalina\localhost\PessoaWeb.xml] has finished in [295] ms
02-Sep-2022 13:59:54.999 INFORMAÇÕES [main] org.apache.catalina.startup.HostConfig.deployDirectory Diretório de instalação da aplicação web [C:\Users\User\OneDrive\Documentos\NetBeansProjects\apache-tomcat-10.0.23\webapps\docs]
02-Sep-2022 13:59:55.016 INFORMAÇÕES [main] org.apache.catalina.startup.HostConfig.deployDirectory Deployment of web application directory [C:\Users\User\OneDrive\Documentos\NetBeansProjects\apache-tomcat-10.0.23\webapps\docs] has finished in [16] ms
02-Sep-2022 13:59:55.016 INFORMAÇÕES [main] org.apache.catalina.startup.HostConfig.deployDirectory Diretório de instalação da aplicação web [C:\Users\User\OneDrive\Documentos\NetBeansProjects\apache-tomcat-10.0.23\webapps\examples]
02-Sep-2022 13:59:55.229 INFORMAÇÕES [main] org.apache.catalina.startup.HostConfig.deployDirectory Deployment of web application directory [C:\Users\User\OneDrive\Documentos\NetBeansProjects\apache-tomcat-10.0.23\webapps\examples] has finished in [213] ms
02-Sep-2022 13:59:55.229 INFORMAÇÕES [main] org.apache.catalina.startup.HostConfig.deployDirectory Diretório de instalação da aplicação web [C:\Users\User\OneDrive\Documentos\NetBeansProjects\apache-tomcat-10.0.23\webapps\host-manager]
02-Sep-2022 13:59:55.252 INFORMAÇÕES [main] org.apache.catalina.startup.HostConfig.deployDirectory Deployment of web application directory [C:\Users\User\OneDrive\Documentos\NetBeansProjects\apache-tomcat-10.0.23\webapps\host-manager] has finished in [23] ms
02-Sep-2022 13:59:55.252 INFORMAÇÕES [main] org.apache.catalina.startup.HostConfig.deployDirectory Diretório de instalação da aplicação web [C:\Users\User\OneDrive\Documentos\NetBeansProjects\apache-tomcat-10.0.23\webapps\manager]
02-Sep-2022 13:59:55.271 INFORMAÇÕES [main] org.apache.catalina.startup.HostConfig.deployDirectory Deployment of web application directory [C:\Users\User\OneDrive\Documentos\NetBeansProjects\apache-tomcat-10.0.23\webapps\manager] has finished in [19] ms
02-Sep-2022 13:59:55.271 INFORMAÇÕES [main] org.apache.catalina.startup.HostConfig.deployDirectory Diretório de instalação da aplicação web [C:\Users\User\OneDrive\Documentos\NetBeansProjects\apache-tomcat-10.0.23\webapps\ROOT]
02-Sep-2022 13:59:55.287 INFORMAÇÕES [main] org.apache.catalina.startup.HostConfig.deployDirectory Deployment of web application directory [C:\Users\User\OneDrive\Documentos\NetBeansProjects\apache-tomcat-10.0.23\webapps\ROOT] has finished in [15] ms
02-Sep-2022 13:59:55.289 INFORMAÇÕES [main] org.apache.coyote.AbstractProtocol.start Starting ProtocolHandler ["http-nio-8080"]
02-Sep-2022 13:59:55.301 INFORMAÇÕES [main] org.apache.catalina.startup.Catalina.start Server startup in [1537] milliseconds
02-Sep-2022 13:59:57.155 INFORMAÇÕES [http-nio-8080-exec-3] org.apache.catalina.startup.HostConfig.undeploy Undeploying context [/Back-End]
02-Sep-2022 13:59:57.174 INFORMAÇÕES [http-nio-8080-exec-7] org.apache.catalina.startup.HostConfig.deployDescriptor Deploying deployment descriptor [C:\Users\User\OneDrive\Documentos\NetBeansProjects\apache-tomcat-10.0.23\conf\Catalina\localhost\Back-End#index.html.xml]
02-Sep-2022 13:59:57.175 ADVERTÊNCIA [http-nio-8080-exec-7] org.apache.catalina.startup.HostConfig.deployDescriptor The path attribute with value [/Back-End/index.html] in deployment descriptor [C:\Users\User\OneDrive\Documentos\NetBeansProjects\apache-tomcat-10.0.23\conf\Catalina\localhost\Back-End#index.html.xml] has been ignored
02-Sep-2022 13:59:57.434 INFORMAÇÕES [http-nio-8080-exec-7] org.apache.jasper.servlet.TldScanner.scanJars At least one JAR was scanned for TLDs yet contained no TLDs. Enable debug logging for this logger for a complete list of JARs that were scanned but no TLDs were found in them. Skipping unneeded JARs during scanning can improve startup time and JSP compilation time.
02-Sep-2022 13:59:57.436 INFORMAÇÕES [http-nio-8080-exec-7] org.apache.catalina.startup.HostConfig.deployDescriptor Deployment of deployment descriptor [C:\Users\User\OneDrive\Documentos\NetBeansProjects\apache-tomcat-10.0.23\conf\Catalina\localhost\Back-End#index.html.xml] has finished in [262] ms
02-Sep-2022 13:59:57.439 INFORMAÇÕES [http-nio-8080-exec-2] org.apache.catalina.util.LifecycleBase.start The start() method was called on component [StandardEngine[Catalina].StandardHost[localhost].StandardContext[/Back-End/index.html]] after start() had already been called. The second call will be ignored.
02-Sep-2022 14:00:31.444 INFORMAÇÕES [main] org.apache.catalina.core.StandardServer.await A valid shutdown command was received via the shutdown port. Stopping the Server instance.
02-Sep-2022 14:00:31.445 INFORMAÇÕES [main] org.apache.coyote.AbstractProtocol.pause Pausing ProtocolHandler ["http-nio-8080"]
02-Sep-2022 14:00:31.565 INFORMAÇÕES [main] org.apache.catalina.core.StandardService.stopInternal Stopping service [Catalina]
02-Sep-2022 14:00:31.578 INFORMAÇÕES [main] org.apache.coyote.AbstractProtocol.stop Stopping ProtocolHandler ["http-nio-8080"]
02-Sep-2022 14:00:31.598 INFORMAÇÕES [main] org.apache.coyote.AbstractProtocol.destroy Destroying ProtocolHandler ["http-nio-8080"]
02-Sep-2022 14:21:13.463 INFORMAÇÕES [main] org.apache.catalina.startup.VersionLoggerListener.log Server version name:   Apache Tomcat/10.0.23
02-Sep-2022 14:21:13.465 INFORMAÇÕES [main] org.apache.catalina.startup.VersionLoggerListener.log Server built:          Jul 14 2022 08:16:11 UTC
02-Sep-2022 14:21:13.465 INFORMAÇÕES [main] org.apache.catalina.startup.VersionLoggerListener.log Server version number: 10.0.23.0
02-Sep-2022 14:21:13.465 INFORMAÇÕES [main] org.apache.catalina.startup.VersionLoggerListener.log OS Name:               Windows 10
02-Sep-2022 14:21:13.465 INFORMAÇÕES [main] org.apache.catalina.startup.VersionLoggerListener.log OS Version:            10.0
02-Sep-2022 14:21:13.465 INFORMAÇÕES [main] org.apache.catalina.startup.VersionLoggerListener.log Architecture:          amd64
02-Sep-2022 14:21:13.465 INFORMAÇÕES [main] org.apache.catalina.startup.VersionLoggerListener.log Java Home:             C:\Program Files\Java\jdk1.8.0_202\jre
02-Sep-2022 14:21:13.465 INFORMAÇÕES [main] org.apache.catalina.startup.VersionLoggerListener.log JVM Version:           1.8.0_202-b08
02-Sep-2022 14:21:13.465 INFORMAÇÕES [main] org.apache.catalina.startup.VersionLoggerListener.log JVM Vendor:            Oracle Corporation
02-Sep-2022 14:21:13.465 INFORMAÇÕES [main] org.apache.catalina.startup.VersionLoggerListener.log CATALINA_BASE:         C:\Users\User\OneDrive\Documentos\NetBeansProjects\apache-tomcat-10.0.23
02-Sep-2022 14:21:13.465 INFORMAÇÕES [main] org.apache.catalina.startup.VersionLoggerListener.log CATALINA_HOME:         C:\Users\User\OneDrive\Documentos\NetBeansProjects\apache-tomcat-10.0.23
02-Sep-2022 14:21:13.466 INFORMAÇÕES [main] org.apache.catalina.startup.VersionLoggerListener.log Command line argument: -Djava.util.logging.config.file=C:\Users\User\OneDrive\Documentos\NetBeansProjects\apache-tomcat-10.0.23\conf\logging.properties
02-Sep-2022 14:21:13.466 INFORMAÇÕES [main] org.apache.catalina.startup.VersionLoggerListener.log Command line argument: -Djava.util.logging.manager=org.apache.juli.ClassLoaderLogManager
02-Sep-2022 14:21:13.466 INFORMAÇÕES [main] org.apache.catalina.startup.VersionLoggerListener.log Command line argument: -Dhttp.nonProxyHosts=localhost|127.0.0.1|DESKTOP-2UF3N87
02-Sep-2022 14:21:13.466 INFORMAÇÕES [main] org.apache.catalina.startup.VersionLoggerListener.log Command line argument: -Djdk.tls.ephemeralDHKeySize=2048
02-Sep-2022 14:21:13.466 INFORMAÇÕES [main] org.apache.catalina.startup.VersionLoggerListener.log Command line argument: -Djava.protocol.handler.pkgs=org.apache.catalina.webresources
02-Sep-2022 14:21:13.466 INFORMAÇÕES [main] org.apache.catalina.startup.VersionLoggerListener.log Command line argument: -Dignore.endorsed.dirs=
02-Sep-2022 14:21:13.466 INFORMAÇÕES [main] org.apache.catalina.startup.VersionLoggerListener.log Command line argument: -Dcatalina.base=C:\Users\User\OneDrive\Documentos\NetBeansProjects\apache-tomcat-10.0.23
02-Sep-2022 14:21:13.467 INFORMAÇÕES [main] org.apache.catalina.startup.VersionLoggerListener.log Command line argument: -Dcatalina.home=C:\Users\User\OneDrive\Documentos\NetBeansProjects\apache-tomcat-10.0.23
02-Sep-2022 14:21:13.467 INFORMAÇÕES [main] org.apache.catalina.startup.VersionLoggerListener.log Command line argument: -Djava.io.tmpdir=C:\Users\User\OneDrive\Documentos\NetBeansProjects\apache-tomcat-10.0.23\temp
02-Sep-2022 14:21:13.473 INFORMAÇÕES [main] org.apache.catalina.core.AprLifecycleListener.lifecycleEvent The Apache Tomcat Native library which allows using OpenSSL was not found on the java.library.path: [C:\Program Files\Java\jdk1.8.0_202\bin;C:\WINDOWS\Sun\Java\bin;C:\WINDOWS\system32;C:\WINDOWS;C:\Program Files\Java\zulu18.32.13-ca-jdk18.0.2.1-win_x64\bin;C:\Program Files (x86)\Common Files\Oracle\Java\javapath;C:\WINDOWS\system32;C:\WINDOWS;C:\WINDOWS\System32\Wbem;C:\WINDOWS\System32\WindowsPowerShell\v1.0\;C:\WINDOWS\System32\OpenSSH\;C:\Program Files\Git\cmd;C:\Program Files (x86)\NVIDIA Corporation\PhysX\Common;C:\Program Files\NVIDIA Corporation\NVIDIA NvDLISR;C:\ProgramData\UNIVALI\Portugol Studio;C:\Program Files\wooting-analog-sdk\;C:\Program Files\nodejs\;C:\Program Files (x86)\dotnet\;C:\Users\User\AppData\Local\Microsoft\WindowsApps;C:\Users\User\AppData\Local\Programs\Microsoft VS Code\bin;C:\Users\User\AppData\Roaming\npm;C:\Program Files\heroku\bin;.]
02-Sep-2022 14:21:13.715 INFORMAÇÕES [main] org.apache.coyote.AbstractProtocol.init Initializing ProtocolHandler ["http-nio-8080"]
02-Sep-2022 14:21:13.728 INFORMAÇÕES [main] org.apache.catalina.startup.Catalina.load Server initialization in [376] milliseconds
02-Sep-2022 14:21:13.748 INFORMAÇÕES [main] org.apache.catalina.core.StandardService.startInternal Starting service [Catalina]
02-Sep-2022 14:21:13.748 INFORMAÇÕES [main] org.apache.catalina.core.StandardEngine.startInternal Starting Servlet engine: [Apache Tomcat/10.0.23]
02-Sep-2022 14:21:13.754 INFORMAÇÕES [main] org.apache.catalina.startup.HostConfig.deployDescriptor Deploying deployment descriptor [C:\Users\User\OneDrive\Documentos\NetBeansProjects\apache-tomcat-10.0.23\conf\Catalina\localhost\Back-End#index.html.xml]
02-Sep-2022 14:21:13.765 ADVERTÊNCIA [main] org.apache.catalina.startup.HostConfig.deployDescriptor The path attribute with value [/Back-End/index.html] in deployment descriptor [C:\Users\User\OneDrive\Documentos\NetBeansProjects\apache-tomcat-10.0.23\conf\Catalina\localhost\Back-End#index.html.xml] has been ignored
02-Sep-2022 14:21:14.189 INFORMAÇÕES [main] org.apache.jasper.servlet.TldScanner.scanJars At least one JAR was scanned for TLDs yet contained no TLDs. Enable debug logging for this logger for a complete list of JARs that were scanned but no TLDs were found in them. Skipping unneeded JARs during scanning can improve startup time and JSP compilation time.
02-Sep-2022 14:21:14.328 ADVERTÊNCIA [main] org.apache.catalina.util.SessionIdGeneratorBase.createSecureRandom Creation of SecureRandom instance for session ID generation using [SHA1PRNG] took [123] milliseconds.
02-Sep-2022 14:21:14.340 INFORMAÇÕES [main] org.apache.catalina.startup.HostConfig.deployDescriptor Deployment of deployment descriptor [C:\Users\User\OneDrive\Documentos\NetBeansProjects\apache-tomcat-10.0.23\conf\Catalina\localhost\Back-End#index.html.xml] has finished in [586] ms
02-Sep-2022 14:21:14.340 INFORMAÇÕES [main] org.apache.catalina.startup.HostConfig.deployDescriptor Deploying deployment descriptor [C:\Users\User\OneDrive\Documentos\NetBeansProjects\apache-tomcat-10.0.23\conf\Catalina\localhost\BoxGuard.xml]
02-Sep-2022 14:21:14.340 ADVERTÊNCIA [main] org.apache.catalina.startup.HostConfig.deployDescriptor The path attribute with value [/BoxGuard] in deployment descriptor [C:\Users\User\OneDrive\Documentos\NetBeansProjects\apache-tomcat-10.0.23\conf\Catalina\localhost\BoxGuard.xml] has been ignored
02-Sep-2022 14:21:14.343 GRAVE [main] org.apache.catalina.startup.HostConfig.deployDescriptor Error deploying deployment descriptor [C:\Users\User\OneDrive\Documentos\NetBeansProjects\apache-tomcat-10.0.23\conf\Catalina\localhost\BoxGuard.xml]
	java.lang.IllegalStateException: Error starting child
		at org.apache.catalina.core.ContainerBase.addChildInternal(ContainerBase.java:729)
		at org.apache.catalina.core.ContainerBase.addChild(ContainerBase.java:698)
		at org.apache.catalina.core.StandardHost.addChild(StandardHost.java:747)
		at org.apache.catalina.startup.HostConfig.deployDescriptor(HostConfig.java:693)
		at org.apache.catalina.startup.HostConfig$DeployDescriptor.run(HostConfig.java:1979)
		at java.util.concurrent.Executors$RunnableAdapter.call(Executors.java:511)
		at java.util.concurrent.FutureTask.run(FutureTask.java:266)
		at org.apache.tomcat.util.threads.InlineExecutorService.execute(InlineExecutorService.java:75)
		at java.util.concurrent.AbstractExecutorService.submit(AbstractExecutorService.java:112)
		at org.apache.catalina.startup.HostConfig.deployDescriptors(HostConfig.java:586)
		at org.apache.catalina.startup.HostConfig.deployApps(HostConfig.java:476)
		at org.apache.catalina.startup.HostConfig.start(HostConfig.java:1708)
		at org.apache.catalina.startup.HostConfig.lifecycleEvent(HostConfig.java:320)
		at org.apache.catalina.util.LifecycleBase.fireLifecycleEvent(LifecycleBase.java:123)
		at org.apache.catalina.util.LifecycleBase.setStateInternal(LifecycleBase.java:423)
		at org.apache.catalina.util.LifecycleBase.setState(LifecycleBase.java:366)
		at org.apache.catalina.core.ContainerBase.startInternal(ContainerBase.java:946)
		at org.apache.catalina.core.StandardHost.startInternal(StandardHost.java:886)
		at org.apache.catalina.util.LifecycleBase.start(LifecycleBase.java:183)
		at org.apache.catalina.core.ContainerBase$StartChild.call(ContainerBase.java:1396)
		at org.apache.catalina.core.ContainerBase$StartChild.call(ContainerBase.java:1386)
		at java.util.concurrent.FutureTask.run(FutureTask.java:266)
		at org.apache.tomcat.util.threads.InlineExecutorService.execute(InlineExecutorService.java:75)
		at java.util.concurrent.AbstractExecutorService.submit(AbstractExecutorService.java:134)
		at org.apache.catalina.core.ContainerBase.startInternal(ContainerBase.java:919)
		at org.apache.catalina.core.StandardEngine.startInternal(StandardEngine.java:265)
		at org.apache.catalina.util.LifecycleBase.start(LifecycleBase.java:183)
		at org.apache.catalina.core.StandardService.startInternal(StandardService.java:432)
		at org.apache.catalina.util.LifecycleBase.start(LifecycleBase.java:183)
		at org.apache.catalina.core.StandardServer.startInternal(StandardServer.java:930)
		at org.apache.catalina.util.LifecycleBase.start(LifecycleBase.java:183)
		at org.apache.catalina.startup.Catalina.start(Catalina.java:795)
		at sun.reflect.NativeMethodAccessorImpl.invoke0(Native Method)
		at sun.reflect.NativeMethodAccessorImpl.invoke(NativeMethodAccessorImpl.java:62)
		at sun.reflect.DelegatingMethodAccessorImpl.invoke(DelegatingMethodAccessorImpl.java:43)
		at java.lang.reflect.Method.invoke(Method.java:498)
		at org.apache.catalina.startup.Bootstrap.start(Bootstrap.java:345)
		at org.apache.catalina.startup.Bootstrap.main(Bootstrap.java:476)
	Caused by: org.apache.catalina.LifecycleException: Failed to start component [org.apache.catalina.webresources.StandardRoot@44b3606b]
		at org.apache.catalina.util.LifecycleBase.handleSubClassException(LifecycleBase.java:440)
		at org.apache.catalina.util.LifecycleBase.start(LifecycleBase.java:198)
		at org.apache.catalina.core.StandardContext.resourcesStart(StandardContext.java:4834)
		at org.apache.catalina.core.StandardContext.startInternal(StandardContext.java:4972)
		at org.apache.catalina.util.LifecycleBase.start(LifecycleBase.java:183)
		at org.apache.catalina.core.ContainerBase.addChildInternal(ContainerBase.java:726)
		... 37 more
	Caused by: java.lang.IllegalArgumentException: The main resource set specified [C:\Users\User\OneDrive\Área de Trabalho\BoxGuard\BoxGuard\build\web] is not valid
		at org.apache.catalina.webresources.StandardRoot.createMainResourceSet(StandardRoot.java:762)
		at org.apache.catalina.webresources.StandardRoot.startInternal(StandardRoot.java:719)
		at org.apache.catalina.util.LifecycleBase.start(LifecycleBase.java:183)
		... 41 more
02-Sep-2022 14:21:14.348 INFORMAÇÕES [main] org.apache.catalina.startup.HostConfig.deployDescriptor Deployment of deployment descriptor [C:\Users\User\OneDrive\Documentos\NetBeansProjects\apache-tomcat-10.0.23\conf\Catalina\localhost\BoxGuard.xml] has finished in [8] ms
02-Sep-2022 14:21:14.348 INFORMAÇÕES [main] org.apache.catalina.startup.HostConfig.deployDescriptor Deploying deployment descriptor [C:\Users\User\OneDrive\Documentos\NetBeansProjects\apache-tomcat-10.0.23\conf\Catalina\localhost\CrudJava.xml]
02-Sep-2022 14:21:14.349 ADVERTÊNCIA [main] org.apache.catalina.startup.HostConfig.deployDescriptor The path attribute with value [/CrudJava] in deployment descriptor [C:\Users\User\OneDrive\Documentos\NetBeansProjects\apache-tomcat-10.0.23\conf\Catalina\localhost\CrudJava.xml] has been ignored
02-Sep-2022 14:21:14.605 INFORMAÇÕES [main] org.apache.jasper.servlet.TldScanner.scanJars At least one JAR was scanned for TLDs yet contained no TLDs. Enable debug logging for this logger for a complete list of JARs that were scanned but no TLDs were found in them. Skipping unneeded JARs during scanning can improve startup time and JSP compilation time.
02-Sep-2022 14:21:14.608 INFORMAÇÕES [main] org.apache.catalina.startup.HostConfig.deployDescriptor Deployment of deployment descriptor [C:\Users\User\OneDrive\Documentos\NetBeansProjects\apache-tomcat-10.0.23\conf\Catalina\localhost\CrudJava.xml] has finished in [260] ms
02-Sep-2022 14:21:14.608 INFORMAÇÕES [main] org.apache.catalina.startup.HostConfig.deployDescriptor Deploying deployment descriptor [C:\Users\User\OneDrive\Documentos\NetBeansProjects\apache-tomcat-10.0.23\conf\Catalina\localhost\PessoaWeb.xml]
02-Sep-2022 14:21:14.609 ADVERTÊNCIA [main] org.apache.catalina.startup.HostConfig.deployDescriptor The path attribute with value [/PessoaWeb] in deployment descriptor [C:\Users\User\OneDrive\Documentos\NetBeansProjects\apache-tomcat-10.0.23\conf\Catalina\localhost\PessoaWeb.xml] has been ignored
02-Sep-2022 14:21:14.899 INFORMAÇÕES [main] org.apache.jasper.servlet.TldScanner.scanJars At least one JAR was scanned for TLDs yet contained no TLDs. Enable debug logging for this logger for a complete list of JARs that were scanned but no TLDs were found in them. Skipping unneeded JARs during scanning can improve startup time and JSP compilation time.
02-Sep-2022 14:21:14.901 INFORMAÇÕES [main] org.apache.catalina.startup.HostConfig.deployDescriptor Deployment of deployment descriptor [C:\Users\User\OneDrive\Documentos\NetBeansProjects\apache-tomcat-10.0.23\conf\Catalina\localhost\PessoaWeb.xml] has finished in [293] ms
02-Sep-2022 14:21:14.902 INFORMAÇÕES [main] org.apache.catalina.startup.HostConfig.deployDirectory Diretório de instalação da aplicação web [C:\Users\User\OneDrive\Documentos\NetBeansProjects\apache-tomcat-10.0.23\webapps\docs]
02-Sep-2022 14:21:14.917 INFORMAÇÕES [main] org.apache.catalina.startup.HostConfig.deployDirectory Deployment of web application directory [C:\Users\User\OneDrive\Documentos\NetBeansProjects\apache-tomcat-10.0.23\webapps\docs] has finished in [15] ms
02-Sep-2022 14:21:14.917 INFORMAÇÕES [main] org.apache.catalina.startup.HostConfig.deployDirectory Diretório de instalação da aplicação web [C:\Users\User\OneDrive\Documentos\NetBeansProjects\apache-tomcat-10.0.23\webapps\examples]
02-Sep-2022 14:21:15.123 INFORMAÇÕES [main] org.apache.catalina.startup.HostConfig.deployDirectory Deployment of web application directory [C:\Users\User\OneDrive\Documentos\NetBeansProjects\apache-tomcat-10.0.23\webapps\examples] has finished in [206] ms
02-Sep-2022 14:21:15.123 INFORMAÇÕES [main] org.apache.catalina.startup.HostConfig.deployDirectory Diretório de instalação da aplicação web [C:\Users\User\OneDrive\Documentos\NetBeansProjects\apache-tomcat-10.0.23\webapps\host-manager]
02-Sep-2022 14:21:15.147 INFORMAÇÕES [main] org.apache.catalina.startup.HostConfig.deployDirectory Deployment of web application directory [C:\Users\User\OneDrive\Documentos\NetBeansProjects\apache-tomcat-10.0.23\webapps\host-manager] has finished in [24] ms
02-Sep-2022 14:21:15.147 INFORMAÇÕES [main] org.apache.catalina.startup.HostConfig.deployDirectory Diretório de instalação da aplicação web [C:\Users\User\OneDrive\Documentos\NetBeansProjects\apache-tomcat-10.0.23\webapps\manager]
02-Sep-2022 14:21:15.166 INFORMAÇÕES [main] org.apache.catalina.startup.HostConfig.deployDirectory Deployment of web application directory [C:\Users\User\OneDrive\Documentos\NetBeansProjects\apache-tomcat-10.0.23\webapps\manager] has finished in [18] ms
02-Sep-2022 14:21:15.166 INFORMAÇÕES [main] org.apache.catalina.startup.HostConfig.deployDirectory Diretório de instalação da aplicação web [C:\Users\User\OneDrive\Documentos\NetBeansProjects\apache-tomcat-10.0.23\webapps\ROOT]
02-Sep-2022 14:21:15.180 INFORMAÇÕES [main] org.apache.catalina.startup.HostConfig.deployDirectory Deployment of web application directory [C:\Users\User\OneDrive\Documentos\NetBeansProjects\apache-tomcat-10.0.23\webapps\ROOT] has finished in [13] ms
02-Sep-2022 14:21:15.183 INFORMAÇÕES [main] org.apache.coyote.AbstractProtocol.start Starting ProtocolHandler ["http-nio-8080"]
02-Sep-2022 14:21:15.194 INFORMAÇÕES [main] org.apache.catalina.startup.Catalina.start Server startup in [1466] milliseconds
02-Sep-2022 18:17:17.037 INFORMAÇÕES [main] org.apache.catalina.core.StandardServer.await A valid shutdown command was received via the shutdown port. Stopping the Server instance.
02-Sep-2022 18:17:17.038 INFORMAÇÕES [main] org.apache.coyote.AbstractProtocol.pause Pausing ProtocolHandler ["http-nio-8080"]
02-Sep-2022 18:17:17.160 INFORMAÇÕES [main] org.apache.catalina.core.StandardService.stopInternal Stopping service [Catalina]
02-Sep-2022 18:17:17.174 INFORMAÇÕES [main] org.apache.coyote.AbstractProtocol.stop Stopping ProtocolHandler ["http-nio-8080"]
02-Sep-2022 18:17:17.194 INFORMAÇÕES [main] org.apache.coyote.AbstractProtocol.destroy Destroying ProtocolHandler ["http-nio-8080"]
