25-Sep-2022 19:46:11.901 INFO [main] org.apache.catalina.startup.VersionLoggerListener.log Server version name:   Apache Tomcat/10.0.23
25-Sep-2022 19:46:11.903 INFO [main] org.apache.catalina.startup.VersionLoggerListener.log Server built:          Jul 14 2022 08:16:11 UTC
25-Sep-2022 19:46:11.903 INFO [main] org.apache.catalina.startup.VersionLoggerListener.log Server version number: 10.0.23.0
25-Sep-2022 19:46:11.903 INFO [main] org.apache.catalina.startup.VersionLoggerListener.log OS Name:               Windows 10
25-Sep-2022 19:46:11.903 INFO [main] org.apache.catalina.startup.VersionLoggerListener.log OS Version:            10.0
25-Sep-2022 19:46:11.903 INFO [main] org.apache.catalina.startup.VersionLoggerListener.log Architecture:          amd64
25-Sep-2022 19:46:11.903 INFO [main] org.apache.catalina.startup.VersionLoggerListener.log Java Home:             C:\Program Files\Java\jdk1.8.0_202\jre
25-Sep-2022 19:46:11.903 INFO [main] org.apache.catalina.startup.VersionLoggerListener.log JVM Version:           1.8.0_202-b08
25-Sep-2022 19:46:11.903 INFO [main] org.apache.catalina.startup.VersionLoggerListener.log JVM Vendor:            Oracle Corporation
25-Sep-2022 19:46:11.903 INFO [main] org.apache.catalina.startup.VersionLoggerListener.log CATALINA_BASE:         C:\Users\User\OneDrive\Documentos\NetBeansProjects\apache-tomcat-10.0.23
25-Sep-2022 19:46:11.903 INFO [main] org.apache.catalina.startup.VersionLoggerListener.log CATALINA_HOME:         C:\Users\User\OneDrive\Documentos\NetBeansProjects\apache-tomcat-10.0.23
25-Sep-2022 19:46:11.905 INFO [main] org.apache.catalina.startup.VersionLoggerListener.log Command line argument: -Djava.util.logging.config.file=C:\Users\User\OneDrive\Documentos\NetBeansProjects\apache-tomcat-10.0.23\conf\logging.properties
25-Sep-2022 19:46:11.905 INFO [main] org.apache.catalina.startup.VersionLoggerListener.log Command line argument: -Djava.util.logging.manager=org.apache.juli.ClassLoaderLogManager
25-Sep-2022 19:46:11.905 INFO [main] org.apache.catalina.startup.VersionLoggerListener.log Command line argument: -Dhttp.nonProxyHosts=localhost|127.0.0.1|DESKTOP-2UF3N87
25-Sep-2022 19:46:11.905 INFO [main] org.apache.catalina.startup.VersionLoggerListener.log Command line argument: -Djdk.tls.ephemeralDHKeySize=2048
25-Sep-2022 19:46:11.905 INFO [main] org.apache.catalina.startup.VersionLoggerListener.log Command line argument: -Djava.protocol.handler.pkgs=org.apache.catalina.webresources
25-Sep-2022 19:46:11.905 INFO [main] org.apache.catalina.startup.VersionLoggerListener.log Command line argument: -Dignore.endorsed.dirs=
25-Sep-2022 19:46:11.905 INFO [main] org.apache.catalina.startup.VersionLoggerListener.log Command line argument: -Dcatalina.base=C:\Users\User\OneDrive\Documentos\NetBeansProjects\apache-tomcat-10.0.23
25-Sep-2022 19:46:11.905 INFO [main] org.apache.catalina.startup.VersionLoggerListener.log Command line argument: -Dcatalina.home=C:\Users\User\OneDrive\Documentos\NetBeansProjects\apache-tomcat-10.0.23
25-Sep-2022 19:46:11.905 INFO [main] org.apache.catalina.startup.VersionLoggerListener.log Command line argument: -Djava.io.tmpdir=C:\Users\User\OneDrive\Documentos\NetBeansProjects\apache-tomcat-10.0.23\temp
25-Sep-2022 19:46:11.911 INFO [main] org.apache.catalina.core.AprLifecycleListener.lifecycleEvent The Apache Tomcat Native library which allows using OpenSSL was not found on the java.library.path: [C:\Program Files\Java\jdk1.8.0_202\bin;C:\WINDOWS\Sun\Java\bin;C:\WINDOWS\system32;C:\WINDOWS;C:\Program Files\Java\zulu18.32.13-ca-jdk18.0.2.1-win_x64\bin;C:\Program Files (x86)\Common Files\Oracle\Java\javapath;C:\WINDOWS\system32;C:\WINDOWS;C:\WINDOWS\System32\Wbem;C:\WINDOWS\System32\WindowsPowerShell\v1.0\;C:\WINDOWS\System32\OpenSSH\;C:\Program Files (x86)\NVIDIA Corporation\PhysX\Common;C:\Program Files\NVIDIA Corporation\NVIDIA NvDLISR;C:\ProgramData\UNIVALI\Portugol Studio;C:\Program Files\wooting-analog-sdk\;C:\Program Files\nodejs\;C:\Program Files (x86)\dotnet\;C:\Program Files\Git\cmd;C:\Users\User\AppData\Local\Microsoft\WindowsApps;C:\Users\User\AppData\Local\Programs\Microsoft VS Code\bin;C:\Users\User\AppData\Roaming\npm;C:\Program Files\heroku\bin;.]
25-Sep-2022 19:46:12.176 INFO [main] org.apache.coyote.AbstractProtocol.init Initializing ProtocolHandler ["http-nio-8080"]
25-Sep-2022 19:46:12.193 INFO [main] org.apache.catalina.startup.Catalina.load Server initialization in [439] milliseconds
25-Sep-2022 19:46:12.225 INFO [main] org.apache.catalina.core.StandardService.startInternal Starting service [Catalina]
25-Sep-2022 19:46:12.225 INFO [main] org.apache.catalina.core.StandardEngine.startInternal Starting Servlet engine: [Apache Tomcat/10.0.23]
25-Sep-2022 19:46:12.234 INFO [main] org.apache.catalina.startup.HostConfig.deployDescriptor Deploying deployment descriptor [C:\Users\User\OneDrive\Documentos\NetBeansProjects\apache-tomcat-10.0.23\conf\Catalina\localhost\Back-End.xml]
25-Sep-2022 19:46:12.255 WARNING [main] org.apache.catalina.startup.HostConfig.deployDescriptor The path attribute with value [/Back-End] in deployment descriptor [C:\Users\User\OneDrive\Documentos\NetBeansProjects\apache-tomcat-10.0.23\conf\Catalina\localhost\Back-End.xml] has been ignored
25-Sep-2022 19:46:12.958 INFO [main] org.apache.jasper.servlet.TldScanner.scanJars At least one JAR was scanned for TLDs yet contained no TLDs. Enable debug logging for this logger for a complete list of JARs that were scanned but no TLDs were found in them. Skipping unneeded JARs during scanning can improve startup time and JSP compilation time.
25-Sep-2022 19:46:13.091 WARNING [main] org.apache.catalina.util.SessionIdGeneratorBase.createSecureRandom Creation of SecureRandom instance for session ID generation using [SHA1PRNG] took [119] milliseconds.
25-Sep-2022 19:46:13.104 INFO [main] org.apache.catalina.startup.HostConfig.deployDescriptor Deployment of deployment descriptor [C:\Users\User\OneDrive\Documentos\NetBeansProjects\apache-tomcat-10.0.23\conf\Catalina\localhost\Back-End.xml] has finished in [870] ms
25-Sep-2022 19:46:13.104 INFO [main] org.apache.catalina.startup.HostConfig.deployDescriptor Deploying deployment descriptor [C:\Users\User\OneDrive\Documentos\NetBeansProjects\apache-tomcat-10.0.23\conf\Catalina\localhost\BoxGuard.xml]
25-Sep-2022 19:46:13.112 WARNING [main] org.apache.catalina.startup.HostConfig.deployDescriptor The path attribute with value [/BoxGuard] in deployment descriptor [C:\Users\User\OneDrive\Documentos\NetBeansProjects\apache-tomcat-10.0.23\conf\Catalina\localhost\BoxGuard.xml] has been ignored
25-Sep-2022 19:46:13.117 SEVERE [main] org.apache.catalina.startup.HostConfig.deployDescriptor Error deploying deployment descriptor [C:\Users\User\OneDrive\Documentos\NetBeansProjects\apache-tomcat-10.0.23\conf\Catalina\localhost\BoxGuard.xml]
	java.lang.IllegalStateException: Error starting child
		at org.apache.catalina.core.ContainerBase.addChildInternal(ContainerBase.java:729)
		at org.apache.catalina.core.ContainerBase.addChild(ContainerBase.java:698)
		at org.apache.catalina.core.StandardHost.addChild(StandardHost.java:747)
		at org.apache.catalina.startup.HostConfig.deployDescriptor(HostConfig.java:693)
		at org.apache.catalina.startup.HostConfig$DeployDescriptor.run(HostConfig.java:1979)
		at java.util.concurrent.Executors$RunnableAdapter.call(Executors.java:511)
		at java.util.concurrent.FutureTask.run(FutureTask.java:266)
		at org.apache.tomcat.util.threads.InlineExecutorService.execute(InlineExecutorService.java:75)
		at java.util.concurrent.AbstractExecutorService.submit(AbstractExecutorService.java:112)
		at org.apache.catalina.startup.HostConfig.deployDescriptors(HostConfig.java:586)
		at org.apache.catalina.startup.HostConfig.deployApps(HostConfig.java:476)
		at org.apache.catalina.startup.HostConfig.start(HostConfig.java:1708)
		at org.apache.catalina.startup.HostConfig.lifecycleEvent(HostConfig.java:320)
		at org.apache.catalina.util.LifecycleBase.fireLifecycleEvent(LifecycleBase.java:123)
		at org.apache.catalina.util.LifecycleBase.setStateInternal(LifecycleBase.java:423)
		at org.apache.catalina.util.LifecycleBase.setState(LifecycleBase.java:366)
		at org.apache.catalina.core.ContainerBase.startInternal(ContainerBase.java:946)
		at org.apache.catalina.core.StandardHost.startInternal(StandardHost.java:886)
		at org.apache.catalina.util.LifecycleBase.start(LifecycleBase.java:183)
		at org.apache.catalina.core.ContainerBase$StartChild.call(ContainerBase.java:1396)
		at org.apache.catalina.core.ContainerBase$StartChild.call(ContainerBase.java:1386)
		at java.util.concurrent.FutureTask.run(FutureTask.java:266)
		at org.apache.tomcat.util.threads.InlineExecutorService.execute(InlineExecutorService.java:75)
		at java.util.concurrent.AbstractExecutorService.submit(AbstractExecutorService.java:134)
		at org.apache.catalina.core.ContainerBase.startInternal(ContainerBase.java:919)
		at org.apache.catalina.core.StandardEngine.startInternal(StandardEngine.java:265)
		at org.apache.catalina.util.LifecycleBase.start(LifecycleBase.java:183)
		at org.apache.catalina.core.StandardService.startInternal(StandardService.java:432)
		at org.apache.catalina.util.LifecycleBase.start(LifecycleBase.java:183)
		at org.apache.catalina.core.StandardServer.startInternal(StandardServer.java:930)
		at org.apache.catalina.util.LifecycleBase.start(LifecycleBase.java:183)
		at org.apache.catalina.startup.Catalina.start(Catalina.java:795)
		at sun.reflect.NativeMethodAccessorImpl.invoke0(Native Method)
		at sun.reflect.NativeMethodAccessorImpl.invoke(NativeMethodAccessorImpl.java:62)
		at sun.reflect.DelegatingMethodAccessorImpl.invoke(DelegatingMethodAccessorImpl.java:43)
		at java.lang.reflect.Method.invoke(Method.java:498)
		at org.apache.catalina.startup.Bootstrap.start(Bootstrap.java:345)
		at org.apache.catalina.startup.Bootstrap.main(Bootstrap.java:476)
	Caused by: org.apache.catalina.LifecycleException: Failed to start component [org.apache.catalina.webresources.StandardRoot@79351f41]
		at org.apache.catalina.util.LifecycleBase.handleSubClassException(LifecycleBase.java:440)
		at org.apache.catalina.util.LifecycleBase.start(LifecycleBase.java:198)
		at org.apache.catalina.core.StandardContext.resourcesStart(StandardContext.java:4834)
		at org.apache.catalina.core.StandardContext.startInternal(StandardContext.java:4972)
		at org.apache.catalina.util.LifecycleBase.start(LifecycleBase.java:183)
		at org.apache.catalina.core.ContainerBase.addChildInternal(ContainerBase.java:726)
		... 37 more
	Caused by: java.lang.IllegalArgumentException: The main resource set specified [C:\Users\User\OneDrive\Área de Trabalho\BoxGuard\BoxGuard\build\web] is not valid
		at org.apache.catalina.webresources.StandardRoot.createMainResourceSet(StandardRoot.java:762)
		at org.apache.catalina.webresources.StandardRoot.startInternal(StandardRoot.java:719)
		at org.apache.catalina.util.LifecycleBase.start(LifecycleBase.java:183)
		... 41 more
25-Sep-2022 19:46:13.157 INFO [main] org.apache.catalina.startup.HostConfig.deployDescriptor Deployment of deployment descriptor [C:\Users\User\OneDrive\Documentos\NetBeansProjects\apache-tomcat-10.0.23\conf\Catalina\localhost\BoxGuard.xml] has finished in [53] ms
25-Sep-2022 19:46:13.158 INFO [main] org.apache.catalina.startup.HostConfig.deployDescriptor Deploying deployment descriptor [C:\Users\User\OneDrive\Documentos\NetBeansProjects\apache-tomcat-10.0.23\conf\Catalina\localhost\CrudJava.xml]
25-Sep-2022 19:46:13.163 WARNING [main] org.apache.catalina.startup.HostConfig.deployDescriptor The path attribute with value [/CrudJava] in deployment descriptor [C:\Users\User\OneDrive\Documentos\NetBeansProjects\apache-tomcat-10.0.23\conf\Catalina\localhost\CrudJava.xml] has been ignored
25-Sep-2022 19:46:13.642 INFO [main] org.apache.jasper.servlet.TldScanner.scanJars At least one JAR was scanned for TLDs yet contained no TLDs. Enable debug logging for this logger for a complete list of JARs that were scanned but no TLDs were found in them. Skipping unneeded JARs during scanning can improve startup time and JSP compilation time.
25-Sep-2022 19:46:13.644 INFO [main] org.apache.catalina.startup.HostConfig.deployDescriptor Deployment of deployment descriptor [C:\Users\User\OneDrive\Documentos\NetBeansProjects\apache-tomcat-10.0.23\conf\Catalina\localhost\CrudJava.xml] has finished in [487] ms
25-Sep-2022 19:46:13.644 INFO [main] org.apache.catalina.startup.HostConfig.deployDescriptor Deploying deployment descriptor [C:\Users\User\OneDrive\Documentos\NetBeansProjects\apache-tomcat-10.0.23\conf\Catalina\localhost\PessoaWeb.xml]
25-Sep-2022 19:46:13.648 WARNING [main] org.apache.catalina.startup.HostConfig.deployDescriptor The path attribute with value [/PessoaWeb] in deployment descriptor [C:\Users\User\OneDrive\Documentos\NetBeansProjects\apache-tomcat-10.0.23\conf\Catalina\localhost\PessoaWeb.xml] has been ignored
25-Sep-2022 19:46:14.132 INFO [main] org.apache.jasper.servlet.TldScanner.scanJars At least one JAR was scanned for TLDs yet contained no TLDs. Enable debug logging for this logger for a complete list of JARs that were scanned but no TLDs were found in them. Skipping unneeded JARs during scanning can improve startup time and JSP compilation time.
25-Sep-2022 19:46:14.134 INFO [main] org.apache.catalina.startup.HostConfig.deployDescriptor Deployment of deployment descriptor [C:\Users\User\OneDrive\Documentos\NetBeansProjects\apache-tomcat-10.0.23\conf\Catalina\localhost\PessoaWeb.xml] has finished in [490] ms
25-Sep-2022 19:46:14.135 INFO [main] org.apache.catalina.startup.HostConfig.deployDirectory Deploying web application directory [C:\Users\User\OneDrive\Documentos\NetBeansProjects\apache-tomcat-10.0.23\webapps\docs]
25-Sep-2022 19:46:14.161 INFO [main] org.apache.catalina.startup.HostConfig.deployDirectory Deployment of web application directory [C:\Users\User\OneDrive\Documentos\NetBeansProjects\apache-tomcat-10.0.23\webapps\docs] has finished in [26] ms
25-Sep-2022 19:46:14.161 INFO [main] org.apache.catalina.startup.HostConfig.deployDirectory Deploying web application directory [C:\Users\User\OneDrive\Documentos\NetBeansProjects\apache-tomcat-10.0.23\webapps\examples]
25-Sep-2022 19:46:14.687 INFO [main] org.apache.catalina.startup.HostConfig.deployDirectory Deployment of web application directory [C:\Users\User\OneDrive\Documentos\NetBeansProjects\apache-tomcat-10.0.23\webapps\examples] has finished in [526] ms
25-Sep-2022 19:46:14.687 INFO [main] org.apache.catalina.startup.HostConfig.deployDirectory Deploying web application directory [C:\Users\User\OneDrive\Documentos\NetBeansProjects\apache-tomcat-10.0.23\webapps\host-manager]
25-Sep-2022 19:46:14.721 INFO [main] org.apache.catalina.startup.HostConfig.deployDirectory Deployment of web application directory [C:\Users\User\OneDrive\Documentos\NetBeansProjects\apache-tomcat-10.0.23\webapps\host-manager] has finished in [34] ms
25-Sep-2022 19:46:14.721 INFO [main] org.apache.catalina.startup.HostConfig.deployDirectory Deploying web application directory [C:\Users\User\OneDrive\Documentos\NetBeansProjects\apache-tomcat-10.0.23\webapps\manager]
25-Sep-2022 19:46:14.753 INFO [main] org.apache.catalina.startup.HostConfig.deployDirectory Deployment of web application directory [C:\Users\User\OneDrive\Documentos\NetBeansProjects\apache-tomcat-10.0.23\webapps\manager] has finished in [31] ms
25-Sep-2022 19:46:14.753 INFO [main] org.apache.catalina.startup.HostConfig.deployDirectory Deploying web application directory [C:\Users\User\OneDrive\Documentos\NetBeansProjects\apache-tomcat-10.0.23\webapps\ROOT]
25-Sep-2022 19:46:14.775 INFO [main] org.apache.catalina.startup.HostConfig.deployDirectory Deployment of web application directory [C:\Users\User\OneDrive\Documentos\NetBeansProjects\apache-tomcat-10.0.23\webapps\ROOT] has finished in [21] ms
25-Sep-2022 19:46:14.778 INFO [main] org.apache.coyote.AbstractProtocol.start Starting ProtocolHandler ["http-nio-8080"]
25-Sep-2022 19:46:14.792 INFO [main] org.apache.catalina.startup.Catalina.start Server startup in [2598] milliseconds
