22-Aug-2022 12:19:36.536 INFORMAÇÕES [main] org.apache.catalina.startup.VersionLoggerListener.log Server version name:   Apache Tomcat/10.0.23
22-Aug-2022 12:19:36.539 INFORMAÇÕES [main] org.apache.catalina.startup.VersionLoggerListener.log Server built:          Jul 14 2022 08:16:11 UTC
22-Aug-2022 12:19:36.539 INFORMAÇÕES [main] org.apache.catalina.startup.VersionLoggerListener.log Server version number: 10.0.23.0
22-Aug-2022 12:19:36.539 INFORMAÇÕES [main] org.apache.catalina.startup.VersionLoggerListener.log OS Name:               Windows 10
22-Aug-2022 12:19:36.539 INFORMAÇÕES [main] org.apache.catalina.startup.VersionLoggerListener.log OS Version:            10.0
22-Aug-2022 12:19:36.539 INFORMAÇÕES [main] org.apache.catalina.startup.VersionLoggerListener.log Architecture:          amd64
22-Aug-2022 12:19:36.539 INFORMAÇÕES [main] org.apache.catalina.startup.VersionLoggerListener.log Java Home:             C:\Program Files\Java\jdk1.8.0_202\jre
22-Aug-2022 12:19:36.539 INFORMAÇÕES [main] org.apache.catalina.startup.VersionLoggerListener.log JVM Version:           1.8.0_202-b08
22-Aug-2022 12:19:36.539 INFORMAÇÕES [main] org.apache.catalina.startup.VersionLoggerListener.log JVM Vendor:            Oracle Corporation
22-Aug-2022 12:19:36.539 INFORMAÇÕES [main] org.apache.catalina.startup.VersionLoggerListener.log CATALINA_BASE:         C:\Users\User\OneDrive\Documentos\NetBeansProjects\apache-tomcat-10.0.23
22-Aug-2022 12:19:36.539 INFORMAÇÕES [main] org.apache.catalina.startup.VersionLoggerListener.log CATALINA_HOME:         C:\Users\User\OneDrive\Documentos\NetBeansProjects\apache-tomcat-10.0.23
22-Aug-2022 12:19:36.541 INFORMAÇÕES [main] org.apache.catalina.startup.VersionLoggerListener.log Command line argument: -Djava.util.logging.config.file=C:\Users\User\OneDrive\Documentos\NetBeansProjects\apache-tomcat-10.0.23\conf\logging.properties
22-Aug-2022 12:19:36.541 INFORMAÇÕES [main] org.apache.catalina.startup.VersionLoggerListener.log Command line argument: -Djava.util.logging.manager=org.apache.juli.ClassLoaderLogManager
22-Aug-2022 12:19:36.541 INFORMAÇÕES [main] org.apache.catalina.startup.VersionLoggerListener.log Command line argument: -Dhttp.nonProxyHosts=localhost|127.0.0.1|DESKTOP-2UF3N87
22-Aug-2022 12:19:36.541 INFORMAÇÕES [main] org.apache.catalina.startup.VersionLoggerListener.log Command line argument: -Djdk.tls.ephemeralDHKeySize=2048
22-Aug-2022 12:19:36.541 INFORMAÇÕES [main] org.apache.catalina.startup.VersionLoggerListener.log Command line argument: -Djava.protocol.handler.pkgs=org.apache.catalina.webresources
22-Aug-2022 12:19:36.541 INFORMAÇÕES [main] org.apache.catalina.startup.VersionLoggerListener.log Command line argument: -Dignore.endorsed.dirs=
22-Aug-2022 12:19:36.541 INFORMAÇÕES [main] org.apache.catalina.startup.VersionLoggerListener.log Command line argument: -Dcatalina.base=C:\Users\User\OneDrive\Documentos\NetBeansProjects\apache-tomcat-10.0.23
22-Aug-2022 12:19:36.541 INFORMAÇÕES [main] org.apache.catalina.startup.VersionLoggerListener.log Command line argument: -Dcatalina.home=C:\Users\User\OneDrive\Documentos\NetBeansProjects\apache-tomcat-10.0.23
22-Aug-2022 12:19:36.542 INFORMAÇÕES [main] org.apache.catalina.startup.VersionLoggerListener.log Command line argument: -Djava.io.tmpdir=C:\Users\User\OneDrive\Documentos\NetBeansProjects\apache-tomcat-10.0.23\temp
22-Aug-2022 12:19:36.547 INFORMAÇÕES [main] org.apache.catalina.core.AprLifecycleListener.lifecycleEvent The Apache Tomcat Native library which allows using OpenSSL was not found on the java.library.path: [C:\Program Files\Java\jdk1.8.0_202\bin;C:\WINDOWS\Sun\Java\bin;C:\WINDOWS\system32;C:\WINDOWS;C:\Program Files (x86)\Common Files\Oracle\Java\javapath;C:\WINDOWS\system32;C:\WINDOWS;C:\WINDOWS\System32\Wbem;C:\WINDOWS\System32\WindowsPowerShell\v1.0\;C:\WINDOWS\System32\OpenSSH\;C:\Program Files\Git\cmd;C:\Program Files (x86)\NVIDIA Corporation\PhysX\Common;C:\Program Files\NVIDIA Corporation\NVIDIA NvDLISR;C:\ProgramData\UNIVALI\Portugol Studio;C:\Program Files\wooting-analog-sdk\;C:\Program Files\nodejs\;C:\Users\User\AppData\Local\Microsoft\WindowsApps;C:\Users\User\AppData\Local\Programs\Microsoft VS Code\bin;C:\Users\User\AppData\Roaming\npm;.]
22-Aug-2022 12:19:36.788 INFORMAÇÕES [main] org.apache.coyote.AbstractProtocol.init Initializing ProtocolHandler ["http-nio-8080"]
22-Aug-2022 12:19:36.803 INFORMAÇÕES [main] org.apache.catalina.startup.Catalina.load Server initialization in [378] milliseconds
22-Aug-2022 12:19:36.830 INFORMAÇÕES [main] org.apache.catalina.core.StandardService.startInternal Starting service [Catalina]
22-Aug-2022 12:19:36.830 INFORMAÇÕES [main] org.apache.catalina.core.StandardEngine.startInternal Starting Servlet engine: [Apache Tomcat/10.0.23]
22-Aug-2022 12:19:36.838 INFORMAÇÕES [main] org.apache.catalina.startup.HostConfig.deployDescriptor Deploying deployment descriptor [C:\Users\User\OneDrive\Documentos\NetBeansProjects\apache-tomcat-10.0.23\conf\Catalina\localhost\PessoaWeb.xml]
22-Aug-2022 12:19:36.853 ADVERTÊNCIA [main] org.apache.catalina.startup.HostConfig.deployDescriptor The path attribute with value [/PessoaWeb] in deployment descriptor [C:\Users\User\OneDrive\Documentos\NetBeansProjects\apache-tomcat-10.0.23\conf\Catalina\localhost\PessoaWeb.xml] has been ignored
22-Aug-2022 12:19:37.362 INFORMAÇÕES [main] org.apache.jasper.servlet.TldScanner.scanJars At least one JAR was scanned for TLDs yet contained no TLDs. Enable debug logging for this logger for a complete list of JARs that were scanned but no TLDs were found in them. Skipping unneeded JARs during scanning can improve startup time and JSP compilation time.
22-Aug-2022 12:19:37.482 INFORMAÇÕES [main] org.apache.catalina.startup.HostConfig.deployDescriptor Deployment of deployment descriptor [C:\Users\User\OneDrive\Documentos\NetBeansProjects\apache-tomcat-10.0.23\conf\Catalina\localhost\PessoaWeb.xml] has finished in [643] ms
22-Aug-2022 12:19:37.482 INFORMAÇÕES [main] org.apache.catalina.startup.HostConfig.deployDirectory Diretório de instalação da aplicação web [C:\Users\User\OneDrive\Documentos\NetBeansProjects\apache-tomcat-10.0.23\webapps\docs]
22-Aug-2022 12:19:37.506 INFORMAÇÕES [main] org.apache.catalina.startup.HostConfig.deployDirectory Deployment of web application directory [C:\Users\User\OneDrive\Documentos\NetBeansProjects\apache-tomcat-10.0.23\webapps\docs] has finished in [24] ms
22-Aug-2022 12:19:37.506 INFORMAÇÕES [main] org.apache.catalina.startup.HostConfig.deployDirectory Diretório de instalação da aplicação web [C:\Users\User\OneDrive\Documentos\NetBeansProjects\apache-tomcat-10.0.23\webapps\examples]
22-Aug-2022 12:19:38.045 INFORMAÇÕES [main] org.apache.catalina.startup.HostConfig.deployDirectory Deployment of web application directory [C:\Users\User\OneDrive\Documentos\NetBeansProjects\apache-tomcat-10.0.23\webapps\examples] has finished in [539] ms
22-Aug-2022 12:19:38.046 INFORMAÇÕES [main] org.apache.catalina.startup.HostConfig.deployDirectory Diretório de instalação da aplicação web [C:\Users\User\OneDrive\Documentos\NetBeansProjects\apache-tomcat-10.0.23\webapps\host-manager]
22-Aug-2022 12:19:38.082 INFORMAÇÕES [main] org.apache.catalina.startup.HostConfig.deployDirectory Deployment of web application directory [C:\Users\User\OneDrive\Documentos\NetBeansProjects\apache-tomcat-10.0.23\webapps\host-manager] has finished in [36] ms
22-Aug-2022 12:19:38.082 INFORMAÇÕES [main] org.apache.catalina.startup.HostConfig.deployDirectory Diretório de instalação da aplicação web [C:\Users\User\OneDrive\Documentos\NetBeansProjects\apache-tomcat-10.0.23\webapps\manager]
22-Aug-2022 12:19:38.112 INFORMAÇÕES [main] org.apache.catalina.startup.HostConfig.deployDirectory Deployment of web application directory [C:\Users\User\OneDrive\Documentos\NetBeansProjects\apache-tomcat-10.0.23\webapps\manager] has finished in [30] ms
22-Aug-2022 12:19:38.112 INFORMAÇÕES [main] org.apache.catalina.startup.HostConfig.deployDirectory Diretório de instalação da aplicação web [C:\Users\User\OneDrive\Documentos\NetBeansProjects\apache-tomcat-10.0.23\webapps\ROOT]
22-Aug-2022 12:19:38.131 INFORMAÇÕES [main] org.apache.catalina.startup.HostConfig.deployDirectory Deployment of web application directory [C:\Users\User\OneDrive\Documentos\NetBeansProjects\apache-tomcat-10.0.23\webapps\ROOT] has finished in [19] ms
22-Aug-2022 12:19:38.134 INFORMAÇÕES [main] org.apache.coyote.AbstractProtocol.start Starting ProtocolHandler ["http-nio-8080"]
22-Aug-2022 12:19:38.151 INFORMAÇÕES [main] org.apache.catalina.startup.Catalina.start Server startup in [1347] milliseconds
22-Aug-2022 12:25:33.886 INFORMAÇÕES [main] org.apache.catalina.core.StandardServer.await A valid shutdown command was received via the shutdown port. Stopping the Server instance.
22-Aug-2022 12:25:33.886 INFORMAÇÕES [main] org.apache.coyote.AbstractProtocol.pause Pausing ProtocolHandler ["http-nio-8080"]
22-Aug-2022 12:25:33.965 INFORMAÇÕES [main] org.apache.catalina.core.StandardService.stopInternal Stopping service [Catalina]
22-Aug-2022 12:25:33.984 INFORMAÇÕES [main] org.apache.coyote.AbstractProtocol.stop Stopping ProtocolHandler ["http-nio-8080"]
22-Aug-2022 12:25:33.989 INFORMAÇÕES [main] org.apache.coyote.AbstractProtocol.destroy Destroying ProtocolHandler ["http-nio-8080"]
22-Aug-2022 12:29:22.978 INFORMAÇÕES [main] org.apache.catalina.startup.VersionLoggerListener.log Server version name:   Apache Tomcat/10.0.23
22-Aug-2022 12:29:22.980 INFORMAÇÕES [main] org.apache.catalina.startup.VersionLoggerListener.log Server built:          Jul 14 2022 08:16:11 UTC
22-Aug-2022 12:29:22.980 INFORMAÇÕES [main] org.apache.catalina.startup.VersionLoggerListener.log Server version number: 10.0.23.0
22-Aug-2022 12:29:22.980 INFORMAÇÕES [main] org.apache.catalina.startup.VersionLoggerListener.log OS Name:               Windows 10
22-Aug-2022 12:29:22.980 INFORMAÇÕES [main] org.apache.catalina.startup.VersionLoggerListener.log OS Version:            10.0
22-Aug-2022 12:29:22.980 INFORMAÇÕES [main] org.apache.catalina.startup.VersionLoggerListener.log Architecture:          amd64
22-Aug-2022 12:29:22.980 INFORMAÇÕES [main] org.apache.catalina.startup.VersionLoggerListener.log Java Home:             C:\Program Files\Java\jdk1.8.0_202\jre
22-Aug-2022 12:29:22.980 INFORMAÇÕES [main] org.apache.catalina.startup.VersionLoggerListener.log JVM Version:           1.8.0_202-b08
22-Aug-2022 12:29:22.980 INFORMAÇÕES [main] org.apache.catalina.startup.VersionLoggerListener.log JVM Vendor:            Oracle Corporation
22-Aug-2022 12:29:22.980 INFORMAÇÕES [main] org.apache.catalina.startup.VersionLoggerListener.log CATALINA_BASE:         C:\Users\User\OneDrive\Documentos\NetBeansProjects\apache-tomcat-10.0.23
22-Aug-2022 12:29:22.980 INFORMAÇÕES [main] org.apache.catalina.startup.VersionLoggerListener.log CATALINA_HOME:         C:\Users\User\OneDrive\Documentos\NetBeansProjects\apache-tomcat-10.0.23
22-Aug-2022 12:29:22.981 INFORMAÇÕES [main] org.apache.catalina.startup.VersionLoggerListener.log Command line argument: -Djava.util.logging.config.file=C:\Users\User\OneDrive\Documentos\NetBeansProjects\apache-tomcat-10.0.23\conf\logging.properties
22-Aug-2022 12:29:22.981 INFORMAÇÕES [main] org.apache.catalina.startup.VersionLoggerListener.log Command line argument: -Djava.util.logging.manager=org.apache.juli.ClassLoaderLogManager
22-Aug-2022 12:29:22.981 INFORMAÇÕES [main] org.apache.catalina.startup.VersionLoggerListener.log Command line argument: -Dhttp.nonProxyHosts=localhost|127.0.0.1|DESKTOP-2UF3N87
22-Aug-2022 12:29:22.982 INFORMAÇÕES [main] org.apache.catalina.startup.VersionLoggerListener.log Command line argument: -Djdk.tls.ephemeralDHKeySize=2048
22-Aug-2022 12:29:22.982 INFORMAÇÕES [main] org.apache.catalina.startup.VersionLoggerListener.log Command line argument: -Djava.protocol.handler.pkgs=org.apache.catalina.webresources
22-Aug-2022 12:29:22.982 INFORMAÇÕES [main] org.apache.catalina.startup.VersionLoggerListener.log Command line argument: -Dignore.endorsed.dirs=
22-Aug-2022 12:29:22.982 INFORMAÇÕES [main] org.apache.catalina.startup.VersionLoggerListener.log Command line argument: -Dcatalina.base=C:\Users\User\OneDrive\Documentos\NetBeansProjects\apache-tomcat-10.0.23
22-Aug-2022 12:29:22.982 INFORMAÇÕES [main] org.apache.catalina.startup.VersionLoggerListener.log Command line argument: -Dcatalina.home=C:\Users\User\OneDrive\Documentos\NetBeansProjects\apache-tomcat-10.0.23
22-Aug-2022 12:29:22.982 INFORMAÇÕES [main] org.apache.catalina.startup.VersionLoggerListener.log Command line argument: -Djava.io.tmpdir=C:\Users\User\OneDrive\Documentos\NetBeansProjects\apache-tomcat-10.0.23\temp
22-Aug-2022 12:29:22.988 INFORMAÇÕES [main] org.apache.catalina.core.AprLifecycleListener.lifecycleEvent The Apache Tomcat Native library which allows using OpenSSL was not found on the java.library.path: [C:\Program Files\Java\jdk1.8.0_202\bin;C:\WINDOWS\Sun\Java\bin;C:\WINDOWS\system32;C:\WINDOWS;C:\Program Files (x86)\Common Files\Oracle\Java\javapath;C:\WINDOWS\system32;C:\WINDOWS;C:\WINDOWS\System32\Wbem;C:\WINDOWS\System32\WindowsPowerShell\v1.0\;C:\WINDOWS\System32\OpenSSH\;C:\Program Files\Git\cmd;C:\Program Files (x86)\NVIDIA Corporation\PhysX\Common;C:\Program Files\NVIDIA Corporation\NVIDIA NvDLISR;C:\ProgramData\UNIVALI\Portugol Studio;C:\Program Files\wooting-analog-sdk\;C:\Program Files\nodejs\;C:\Users\User\AppData\Local\Microsoft\WindowsApps;C:\Users\User\AppData\Local\Programs\Microsoft VS Code\bin;C:\Users\User\AppData\Roaming\npm;.]
22-Aug-2022 12:29:23.231 INFORMAÇÕES [main] org.apache.coyote.AbstractProtocol.init Initializing ProtocolHandler ["http-nio-8080"]
22-Aug-2022 12:29:23.243 INFORMAÇÕES [main] org.apache.catalina.startup.Catalina.load Server initialization in [375] milliseconds
22-Aug-2022 12:29:23.264 INFORMAÇÕES [main] org.apache.catalina.core.StandardService.startInternal Starting service [Catalina]
22-Aug-2022 12:29:23.264 INFORMAÇÕES [main] org.apache.catalina.core.StandardEngine.startInternal Starting Servlet engine: [Apache Tomcat/10.0.23]
22-Aug-2022 12:29:23.272 INFORMAÇÕES [main] org.apache.catalina.startup.HostConfig.deployDescriptor Deploying deployment descriptor [C:\Users\User\OneDrive\Documentos\NetBeansProjects\apache-tomcat-10.0.23\conf\Catalina\localhost\PessoaWeb.xml]
22-Aug-2022 12:29:23.283 ADVERTÊNCIA [main] org.apache.catalina.startup.HostConfig.deployDescriptor The path attribute with value [/PessoaWeb] in deployment descriptor [C:\Users\User\OneDrive\Documentos\NetBeansProjects\apache-tomcat-10.0.23\conf\Catalina\localhost\PessoaWeb.xml] has been ignored
22-Aug-2022 12:29:23.706 INFORMAÇÕES [main] org.apache.jasper.servlet.TldScanner.scanJars At least one JAR was scanned for TLDs yet contained no TLDs. Enable debug logging for this logger for a complete list of JARs that were scanned but no TLDs were found in them. Skipping unneeded JARs during scanning can improve startup time and JSP compilation time.
22-Aug-2022 12:29:23.823 INFORMAÇÕES [main] org.apache.catalina.startup.HostConfig.deployDescriptor Deployment of deployment descriptor [C:\Users\User\OneDrive\Documentos\NetBeansProjects\apache-tomcat-10.0.23\conf\Catalina\localhost\PessoaWeb.xml] has finished in [549] ms
22-Aug-2022 12:29:23.823 INFORMAÇÕES [main] org.apache.catalina.startup.HostConfig.deployDirectory Diretório de instalação da aplicação web [C:\Users\User\OneDrive\Documentos\NetBeansProjects\apache-tomcat-10.0.23\webapps\docs]
22-Aug-2022 12:29:23.840 INFORMAÇÕES [main] org.apache.catalina.startup.HostConfig.deployDirectory Deployment of web application directory [C:\Users\User\OneDrive\Documentos\NetBeansProjects\apache-tomcat-10.0.23\webapps\docs] has finished in [17] ms
22-Aug-2022 12:29:23.841 INFORMAÇÕES [main] org.apache.catalina.startup.HostConfig.deployDirectory Diretório de instalação da aplicação web [C:\Users\User\OneDrive\Documentos\NetBeansProjects\apache-tomcat-10.0.23\webapps\examples]
22-Aug-2022 12:29:24.060 INFORMAÇÕES [main] org.apache.catalina.startup.HostConfig.deployDirectory Deployment of web application directory [C:\Users\User\OneDrive\Documentos\NetBeansProjects\apache-tomcat-10.0.23\webapps\examples] has finished in [219] ms
22-Aug-2022 12:29:24.061 INFORMAÇÕES [main] org.apache.catalina.startup.HostConfig.deployDirectory Diretório de instalação da aplicação web [C:\Users\User\OneDrive\Documentos\NetBeansProjects\apache-tomcat-10.0.23\webapps\host-manager]
22-Aug-2022 12:29:24.086 INFORMAÇÕES [main] org.apache.catalina.startup.HostConfig.deployDirectory Deployment of web application directory [C:\Users\User\OneDrive\Documentos\NetBeansProjects\apache-tomcat-10.0.23\webapps\host-manager] has finished in [25] ms
22-Aug-2022 12:29:24.086 INFORMAÇÕES [main] org.apache.catalina.startup.HostConfig.deployDirectory Diretório de instalação da aplicação web [C:\Users\User\OneDrive\Documentos\NetBeansProjects\apache-tomcat-10.0.23\webapps\manager]
22-Aug-2022 12:29:24.105 INFORMAÇÕES [main] org.apache.catalina.startup.HostConfig.deployDirectory Deployment of web application directory [C:\Users\User\OneDrive\Documentos\NetBeansProjects\apache-tomcat-10.0.23\webapps\manager] has finished in [19] ms
22-Aug-2022 12:29:24.105 INFORMAÇÕES [main] org.apache.catalina.startup.HostConfig.deployDirectory Diretório de instalação da aplicação web [C:\Users\User\OneDrive\Documentos\NetBeansProjects\apache-tomcat-10.0.23\webapps\ROOT]
22-Aug-2022 12:29:24.120 INFORMAÇÕES [main] org.apache.catalina.startup.HostConfig.deployDirectory Deployment of web application directory [C:\Users\User\OneDrive\Documentos\NetBeansProjects\apache-tomcat-10.0.23\webapps\ROOT] has finished in [15] ms
22-Aug-2022 12:29:24.124 INFORMAÇÕES [main] org.apache.coyote.AbstractProtocol.start Starting ProtocolHandler ["http-nio-8080"]
22-Aug-2022 12:29:24.136 INFORMAÇÕES [main] org.apache.catalina.startup.Catalina.start Server startup in [892] milliseconds
22-Aug-2022 12:49:57.905 INFORMAÇÕES [http-nio-8080-exec-1] org.apache.catalina.core.StandardContext.reload Reloading Context with name [/PessoaWeb] has started
22-Aug-2022 12:49:58.382 INFORMAÇÕES [http-nio-8080-exec-1] org.apache.jasper.servlet.TldScanner.scanJars At least one JAR was scanned for TLDs yet contained no TLDs. Enable debug logging for this logger for a complete list of JARs that were scanned but no TLDs were found in them. Skipping unneeded JARs during scanning can improve startup time and JSP compilation time.
22-Aug-2022 12:49:58.383 INFORMAÇÕES [http-nio-8080-exec-1] org.apache.catalina.core.StandardContext.reload Reloading Context with name [/PessoaWeb] is completed
22-Aug-2022 12:50:00.168 INFORMAÇÕES [http-nio-8080-exec-8] org.apache.catalina.core.StandardContext.reload Reloading Context with name [/PessoaWeb] has started
22-Aug-2022 12:50:00.456 INFORMAÇÕES [http-nio-8080-exec-8] org.apache.jasper.servlet.TldScanner.scanJars At least one JAR was scanned for TLDs yet contained no TLDs. Enable debug logging for this logger for a complete list of JARs that were scanned but no TLDs were found in them. Skipping unneeded JARs during scanning can improve startup time and JSP compilation time.
22-Aug-2022 12:50:00.458 INFORMAÇÕES [http-nio-8080-exec-8] org.apache.catalina.core.StandardContext.reload Reloading Context with name [/PessoaWeb] is completed
22-Aug-2022 12:50:21.011 INFORMAÇÕES [http-nio-8080-exec-2] org.apache.catalina.core.StandardContext.reload Reloading Context with name [/PessoaWeb] has started
22-Aug-2022 12:50:21.277 INFORMAÇÕES [http-nio-8080-exec-2] org.apache.jasper.servlet.TldScanner.scanJars At least one JAR was scanned for TLDs yet contained no TLDs. Enable debug logging for this logger for a complete list of JARs that were scanned but no TLDs were found in them. Skipping unneeded JARs during scanning can improve startup time and JSP compilation time.
22-Aug-2022 12:50:21.279 INFORMAÇÕES [http-nio-8080-exec-2] org.apache.catalina.core.StandardContext.reload Reloading Context with name [/PessoaWeb] is completed
22-Aug-2022 12:58:38.372 INFORMAÇÕES [main] org.apache.catalina.core.StandardServer.await A valid shutdown command was received via the shutdown port. Stopping the Server instance.
22-Aug-2022 12:58:38.372 INFORMAÇÕES [main] org.apache.coyote.AbstractProtocol.pause Pausing ProtocolHandler ["http-nio-8080"]
22-Aug-2022 12:58:38.447 INFORMAÇÕES [main] org.apache.catalina.core.StandardService.stopInternal Stopping service [Catalina]
22-Aug-2022 12:58:38.456 INFORMAÇÕES [main] org.apache.coyote.AbstractProtocol.stop Stopping ProtocolHandler ["http-nio-8080"]
22-Aug-2022 12:58:38.459 INFORMAÇÕES [main] org.apache.coyote.AbstractProtocol.destroy Destroying ProtocolHandler ["http-nio-8080"]
22-Aug-2022 12:58:39.767 INFORMAÇÕES [main] org.apache.catalina.startup.VersionLoggerListener.log Server version name:   Apache Tomcat/10.0.23
22-Aug-2022 12:58:39.768 INFORMAÇÕES [main] org.apache.catalina.startup.VersionLoggerListener.log Server built:          Jul 14 2022 08:16:11 UTC
22-Aug-2022 12:58:39.768 INFORMAÇÕES [main] org.apache.catalina.startup.VersionLoggerListener.log Server version number: 10.0.23.0
22-Aug-2022 12:58:39.768 INFORMAÇÕES [main] org.apache.catalina.startup.VersionLoggerListener.log OS Name:               Windows 10
22-Aug-2022 12:58:39.768 INFORMAÇÕES [main] org.apache.catalina.startup.VersionLoggerListener.log OS Version:            10.0
22-Aug-2022 12:58:39.769 INFORMAÇÕES [main] org.apache.catalina.startup.VersionLoggerListener.log Architecture:          amd64
22-Aug-2022 12:58:39.769 INFORMAÇÕES [main] org.apache.catalina.startup.VersionLoggerListener.log Java Home:             C:\Program Files\Java\jdk1.8.0_202\jre
22-Aug-2022 12:58:39.769 INFORMAÇÕES [main] org.apache.catalina.startup.VersionLoggerListener.log JVM Version:           1.8.0_202-b08
22-Aug-2022 12:58:39.769 INFORMAÇÕES [main] org.apache.catalina.startup.VersionLoggerListener.log JVM Vendor:            Oracle Corporation
22-Aug-2022 12:58:39.769 INFORMAÇÕES [main] org.apache.catalina.startup.VersionLoggerListener.log CATALINA_BASE:         C:\Users\User\OneDrive\Documentos\NetBeansProjects\apache-tomcat-10.0.23
22-Aug-2022 12:58:39.769 INFORMAÇÕES [main] org.apache.catalina.startup.VersionLoggerListener.log CATALINA_HOME:         C:\Users\User\OneDrive\Documentos\NetBeansProjects\apache-tomcat-10.0.23
22-Aug-2022 12:58:39.770 INFORMAÇÕES [main] org.apache.catalina.startup.VersionLoggerListener.log Command line argument: -Djava.util.logging.config.file=C:\Users\User\OneDrive\Documentos\NetBeansProjects\apache-tomcat-10.0.23\conf\logging.properties
22-Aug-2022 12:58:39.770 INFORMAÇÕES [main] org.apache.catalina.startup.VersionLoggerListener.log Command line argument: -Djava.util.logging.manager=org.apache.juli.ClassLoaderLogManager
22-Aug-2022 12:58:39.770 INFORMAÇÕES [main] org.apache.catalina.startup.VersionLoggerListener.log Command line argument: -Dhttp.nonProxyHosts=localhost|127.0.0.1|DESKTOP-2UF3N87
22-Aug-2022 12:58:39.770 INFORMAÇÕES [main] org.apache.catalina.startup.VersionLoggerListener.log Command line argument: -Djdk.tls.ephemeralDHKeySize=2048
22-Aug-2022 12:58:39.770 INFORMAÇÕES [main] org.apache.catalina.startup.VersionLoggerListener.log Command line argument: -Djava.protocol.handler.pkgs=org.apache.catalina.webresources
22-Aug-2022 12:58:39.770 INFORMAÇÕES [main] org.apache.catalina.startup.VersionLoggerListener.log Command line argument: -Dignore.endorsed.dirs=
22-Aug-2022 12:58:39.770 INFORMAÇÕES [main] org.apache.catalina.startup.VersionLoggerListener.log Command line argument: -Dcatalina.base=C:\Users\User\OneDrive\Documentos\NetBeansProjects\apache-tomcat-10.0.23
22-Aug-2022 12:58:39.770 INFORMAÇÕES [main] org.apache.catalina.startup.VersionLoggerListener.log Command line argument: -Dcatalina.home=C:\Users\User\OneDrive\Documentos\NetBeansProjects\apache-tomcat-10.0.23
22-Aug-2022 12:58:39.770 INFORMAÇÕES [main] org.apache.catalina.startup.VersionLoggerListener.log Command line argument: -Djava.io.tmpdir=C:\Users\User\OneDrive\Documentos\NetBeansProjects\apache-tomcat-10.0.23\temp
22-Aug-2022 12:58:39.776 INFORMAÇÕES [main] org.apache.catalina.core.AprLifecycleListener.lifecycleEvent The Apache Tomcat Native library which allows using OpenSSL was not found on the java.library.path: [C:\Program Files\Java\jdk1.8.0_202\bin;C:\WINDOWS\Sun\Java\bin;C:\WINDOWS\system32;C:\WINDOWS;C:\Program Files (x86)\Common Files\Oracle\Java\javapath;C:\WINDOWS\system32;C:\WINDOWS;C:\WINDOWS\System32\Wbem;C:\WINDOWS\System32\WindowsPowerShell\v1.0\;C:\WINDOWS\System32\OpenSSH\;C:\Program Files\Git\cmd;C:\Program Files (x86)\NVIDIA Corporation\PhysX\Common;C:\Program Files\NVIDIA Corporation\NVIDIA NvDLISR;C:\ProgramData\UNIVALI\Portugol Studio;C:\Program Files\wooting-analog-sdk\;C:\Program Files\nodejs\;C:\Users\User\AppData\Local\Microsoft\WindowsApps;C:\Users\User\AppData\Local\Programs\Microsoft VS Code\bin;C:\Users\User\AppData\Roaming\npm;.]
22-Aug-2022 12:58:40.015 INFORMAÇÕES [main] org.apache.coyote.AbstractProtocol.init Initializing ProtocolHandler ["http-nio-8080"]
22-Aug-2022 12:58:40.027 INFORMAÇÕES [main] org.apache.catalina.startup.Catalina.load Server initialization in [370] milliseconds
22-Aug-2022 12:58:40.045 INFORMAÇÕES [main] org.apache.catalina.core.StandardService.startInternal Starting service [Catalina]
22-Aug-2022 12:58:40.045 INFORMAÇÕES [main] org.apache.catalina.core.StandardEngine.startInternal Starting Servlet engine: [Apache Tomcat/10.0.23]
22-Aug-2022 12:58:40.052 INFORMAÇÕES [main] org.apache.catalina.startup.HostConfig.deployDescriptor Deploying deployment descriptor [C:\Users\User\OneDrive\Documentos\NetBeansProjects\apache-tomcat-10.0.23\conf\Catalina\localhost\PessoaWeb.xml]
22-Aug-2022 12:58:40.063 ADVERTÊNCIA [main] org.apache.catalina.startup.HostConfig.deployDescriptor The path attribute with value [/PessoaWeb] in deployment descriptor [C:\Users\User\OneDrive\Documentos\NetBeansProjects\apache-tomcat-10.0.23\conf\Catalina\localhost\PessoaWeb.xml] has been ignored
22-Aug-2022 12:58:40.520 INFORMAÇÕES [main] org.apache.jasper.servlet.TldScanner.scanJars At least one JAR was scanned for TLDs yet contained no TLDs. Enable debug logging for this logger for a complete list of JARs that were scanned but no TLDs were found in them. Skipping unneeded JARs during scanning can improve startup time and JSP compilation time.
22-Aug-2022 12:58:40.633 INFORMAÇÕES [main] org.apache.catalina.startup.HostConfig.deployDescriptor Deployment of deployment descriptor [C:\Users\User\OneDrive\Documentos\NetBeansProjects\apache-tomcat-10.0.23\conf\Catalina\localhost\PessoaWeb.xml] has finished in [579] ms
22-Aug-2022 12:58:40.634 INFORMAÇÕES [main] org.apache.catalina.startup.HostConfig.deployDirectory Diretório de instalação da aplicação web [C:\Users\User\OneDrive\Documentos\NetBeansProjects\apache-tomcat-10.0.23\webapps\docs]
22-Aug-2022 12:58:40.650 INFORMAÇÕES [main] org.apache.catalina.startup.HostConfig.deployDirectory Deployment of web application directory [C:\Users\User\OneDrive\Documentos\NetBeansProjects\apache-tomcat-10.0.23\webapps\docs] has finished in [16] ms
22-Aug-2022 12:58:40.650 INFORMAÇÕES [main] org.apache.catalina.startup.HostConfig.deployDirectory Diretório de instalação da aplicação web [C:\Users\User\OneDrive\Documentos\NetBeansProjects\apache-tomcat-10.0.23\webapps\examples]
22-Aug-2022 12:58:40.865 INFORMAÇÕES [main] org.apache.catalina.startup.HostConfig.deployDirectory Deployment of web application directory [C:\Users\User\OneDrive\Documentos\NetBeansProjects\apache-tomcat-10.0.23\webapps\examples] has finished in [214] ms
22-Aug-2022 12:58:40.865 INFORMAÇÕES [main] org.apache.catalina.startup.HostConfig.deployDirectory Diretório de instalação da aplicação web [C:\Users\User\OneDrive\Documentos\NetBeansProjects\apache-tomcat-10.0.23\webapps\host-manager]
22-Aug-2022 12:58:40.887 INFORMAÇÕES [main] org.apache.catalina.startup.HostConfig.deployDirectory Deployment of web application directory [C:\Users\User\OneDrive\Documentos\NetBeansProjects\apache-tomcat-10.0.23\webapps\host-manager] has finished in [22] ms
22-Aug-2022 12:58:40.887 INFORMAÇÕES [main] org.apache.catalina.startup.HostConfig.deployDirectory Diretório de instalação da aplicação web [C:\Users\User\OneDrive\Documentos\NetBeansProjects\apache-tomcat-10.0.23\webapps\manager]
22-Aug-2022 12:58:40.910 INFORMAÇÕES [main] org.apache.catalina.startup.HostConfig.deployDirectory Deployment of web application directory [C:\Users\User\OneDrive\Documentos\NetBeansProjects\apache-tomcat-10.0.23\webapps\manager] has finished in [23] ms
22-Aug-2022 12:58:40.911 INFORMAÇÕES [main] org.apache.catalina.startup.HostConfig.deployDirectory Diretório de instalação da aplicação web [C:\Users\User\OneDrive\Documentos\NetBeansProjects\apache-tomcat-10.0.23\webapps\ROOT]
22-Aug-2022 12:58:40.927 INFORMAÇÕES [main] org.apache.catalina.startup.HostConfig.deployDirectory Deployment of web application directory [C:\Users\User\OneDrive\Documentos\NetBeansProjects\apache-tomcat-10.0.23\webapps\ROOT] has finished in [17] ms
22-Aug-2022 12:58:40.929 INFORMAÇÕES [main] org.apache.coyote.AbstractProtocol.start Starting ProtocolHandler ["http-nio-8080"]
22-Aug-2022 12:58:40.941 INFORMAÇÕES [main] org.apache.catalina.startup.Catalina.start Server startup in [914] milliseconds
22-Aug-2022 12:59:21.883 INFORMAÇÕES [http-nio-8080-exec-4] org.apache.catalina.startup.HostConfig.undeploy Undeploying context [/PessoaWeb]
22-Aug-2022 12:59:21.898 INFORMAÇÕES [http-nio-8080-exec-2] org.apache.catalina.startup.HostConfig.deployDescriptor Deploying deployment descriptor [C:\Users\User\OneDrive\Documentos\NetBeansProjects\apache-tomcat-10.0.23\conf\Catalina\localhost\PessoaWeb.xml]
22-Aug-2022 12:59:21.899 ADVERTÊNCIA [http-nio-8080-exec-2] org.apache.catalina.startup.HostConfig.deployDescriptor The path attribute with value [/PessoaWeb/js/indexPessoa.html] in deployment descriptor [C:\Users\User\OneDrive\Documentos\NetBeansProjects\apache-tomcat-10.0.23\conf\Catalina\localhost\PessoaWeb.xml] has been ignored
22-Aug-2022 12:59:22.191 INFORMAÇÕES [http-nio-8080-exec-2] org.apache.jasper.servlet.TldScanner.scanJars At least one JAR was scanned for TLDs yet contained no TLDs. Enable debug logging for this logger for a complete list of JARs that were scanned but no TLDs were found in them. Skipping unneeded JARs during scanning can improve startup time and JSP compilation time.
22-Aug-2022 12:59:22.194 INFORMAÇÕES [http-nio-8080-exec-2] org.apache.catalina.startup.HostConfig.deployDescriptor Deployment of deployment descriptor [C:\Users\User\OneDrive\Documentos\NetBeansProjects\apache-tomcat-10.0.23\conf\Catalina\localhost\PessoaWeb.xml] has finished in [296] ms
22-Aug-2022 12:59:32.612 INFORMAÇÕES [http-nio-8080-exec-12] org.apache.catalina.startup.HostConfig.undeploy Undeploying context [/PessoaWeb]
22-Aug-2022 12:59:32.626 INFORMAÇÕES [http-nio-8080-exec-8] org.apache.catalina.startup.HostConfig.deployDescriptor Deploying deployment descriptor [C:\Users\User\OneDrive\Documentos\NetBeansProjects\apache-tomcat-10.0.23\conf\Catalina\localhost\PessoaWeb#js#indexPessoa.html.xml]
22-Aug-2022 12:59:32.626 ADVERTÊNCIA [http-nio-8080-exec-8] org.apache.catalina.startup.HostConfig.deployDescriptor The path attribute with value [/PessoaWeb/js/indexPessoa.html] in deployment descriptor [C:\Users\User\OneDrive\Documentos\NetBeansProjects\apache-tomcat-10.0.23\conf\Catalina\localhost\PessoaWeb#js#indexPessoa.html.xml] has been ignored
22-Aug-2022 12:59:32.918 INFORMAÇÕES [http-nio-8080-exec-8] org.apache.jasper.servlet.TldScanner.scanJars At least one JAR was scanned for TLDs yet contained no TLDs. Enable debug logging for this logger for a complete list of JARs that were scanned but no TLDs were found in them. Skipping unneeded JARs during scanning can improve startup time and JSP compilation time.
22-Aug-2022 12:59:32.921 INFORMAÇÕES [http-nio-8080-exec-8] org.apache.catalina.startup.HostConfig.deployDescriptor Deployment of deployment descriptor [C:\Users\User\OneDrive\Documentos\NetBeansProjects\apache-tomcat-10.0.23\conf\Catalina\localhost\PessoaWeb#js#indexPessoa.html.xml] has finished in [295] ms
22-Aug-2022 12:59:32.924 INFORMAÇÕES [http-nio-8080-exec-2] org.apache.catalina.util.LifecycleBase.start The start() method was called on component [StandardEngine[Catalina].StandardHost[localhost].StandardContext[/PessoaWeb/js/indexPessoa.html]] after start() had already been called. The second call will be ignored.
22-Aug-2022 12:59:54.244 INFORMAÇÕES [http-nio-8080-exec-8] org.apache.catalina.startup.HostConfig.undeploy Undeploying context [/PessoaWeb/js/indexPessoa.html]
22-Aug-2022 12:59:54.254 INFORMAÇÕES [http-nio-8080-exec-15] org.apache.catalina.startup.HostConfig.deployDescriptor Deploying deployment descriptor [C:\Users\User\OneDrive\Documentos\NetBeansProjects\apache-tomcat-10.0.23\conf\Catalina\localhost\PessoaWeb#js#indexPessoa.html.xml]
22-Aug-2022 12:59:54.254 ADVERTÊNCIA [http-nio-8080-exec-15] org.apache.catalina.core.StandardContext.setPath A context path must either be an empty string or start with a '/' and do not end with a '/'. The path [/PessoaWeb/js/indexPessoa.html/] does not meet these criteria and has been changed to [/PessoaWeb/js/indexPessoa.html]
22-Aug-2022 12:59:54.254 ADVERTÊNCIA [http-nio-8080-exec-15] org.apache.catalina.startup.HostConfig.deployDescriptor The path attribute with value [/PessoaWeb/js/indexPessoa.html] in deployment descriptor [C:\Users\User\OneDrive\Documentos\NetBeansProjects\apache-tomcat-10.0.23\conf\Catalina\localhost\PessoaWeb#js#indexPessoa.html.xml] has been ignored
22-Aug-2022 12:59:54.532 INFORMAÇÕES [http-nio-8080-exec-15] org.apache.jasper.servlet.TldScanner.scanJars At least one JAR was scanned for TLDs yet contained no TLDs. Enable debug logging for this logger for a complete list of JARs that were scanned but no TLDs were found in them. Skipping unneeded JARs during scanning can improve startup time and JSP compilation time.
22-Aug-2022 12:59:54.535 INFORMAÇÕES [http-nio-8080-exec-15] org.apache.catalina.startup.HostConfig.deployDescriptor Deployment of deployment descriptor [C:\Users\User\OneDrive\Documentos\NetBeansProjects\apache-tomcat-10.0.23\conf\Catalina\localhost\PessoaWeb#js#indexPessoa.html.xml] has finished in [281] ms
22-Aug-2022 12:59:57.784 INFORMAÇÕES [http-nio-8080-exec-2] org.apache.catalina.startup.HostConfig.undeploy Undeploying context [/PessoaWeb/js/indexPessoa.html]
22-Aug-2022 12:59:57.798 INFORMAÇÕES [http-nio-8080-exec-16] org.apache.catalina.startup.HostConfig.deployDescriptor Deploying deployment descriptor [C:\Users\User\OneDrive\Documentos\NetBeansProjects\apache-tomcat-10.0.23\conf\Catalina\localhost\PessoaWeb#js#indexPessoa.html.xml]
22-Aug-2022 12:59:57.798 ADVERTÊNCIA [http-nio-8080-exec-16] org.apache.catalina.core.StandardContext.setPath A context path must either be an empty string or start with a '/' and do not end with a '/'. The path [/PessoaWeb/js/indexPessoa.html/] does not meet these criteria and has been changed to [/PessoaWeb/js/indexPessoa.html]
22-Aug-2022 12:59:57.798 ADVERTÊNCIA [http-nio-8080-exec-16] org.apache.catalina.startup.HostConfig.deployDescriptor The path attribute with value [/PessoaWeb/js/indexPessoa.html] in deployment descriptor [C:\Users\User\OneDrive\Documentos\NetBeansProjects\apache-tomcat-10.0.23\conf\Catalina\localhost\PessoaWeb#js#indexPessoa.html.xml] has been ignored
22-Aug-2022 12:59:58.076 INFORMAÇÕES [http-nio-8080-exec-16] org.apache.jasper.servlet.TldScanner.scanJars At least one JAR was scanned for TLDs yet contained no TLDs. Enable debug logging for this logger for a complete list of JARs that were scanned but no TLDs were found in them. Skipping unneeded JARs during scanning can improve startup time and JSP compilation time.
22-Aug-2022 12:59:58.079 INFORMAÇÕES [http-nio-8080-exec-16] org.apache.catalina.startup.HostConfig.deployDescriptor Deployment of deployment descriptor [C:\Users\User\OneDrive\Documentos\NetBeansProjects\apache-tomcat-10.0.23\conf\Catalina\localhost\PessoaWeb#js#indexPessoa.html.xml] has finished in [282] ms
22-Aug-2022 12:59:58.082 INFORMAÇÕES [http-nio-8080-exec-14] org.apache.catalina.util.LifecycleBase.start The start() method was called on component [StandardEngine[Catalina].StandardHost[localhost].StandardContext[/PessoaWeb/js/indexPessoa.html]] after start() had already been called. The second call will be ignored.
22-Aug-2022 13:00:48.548 INFORMAÇÕES [http-nio-8080-exec-2] org.apache.catalina.startup.HostConfig.undeploy Undeploying context [/PessoaWeb/js/indexPessoa.html]
22-Aug-2022 13:00:48.560 INFORMAÇÕES [http-nio-8080-exec-11] org.apache.catalina.startup.HostConfig.deployDescriptor Deploying deployment descriptor [C:\Users\User\OneDrive\Documentos\NetBeansProjects\apache-tomcat-10.0.23\conf\Catalina\localhost\PessoaWeb#js#indexPessoa.html.xml]
22-Aug-2022 13:00:48.560 ADVERTÊNCIA [http-nio-8080-exec-11] org.apache.catalina.startup.HostConfig.deployDescriptor The path attribute with value [/PessoaWeb/js/indexPessoa.html] in deployment descriptor [C:\Users\User\OneDrive\Documentos\NetBeansProjects\apache-tomcat-10.0.23\conf\Catalina\localhost\PessoaWeb#js#indexPessoa.html.xml] has been ignored
22-Aug-2022 13:00:48.836 INFORMAÇÕES [http-nio-8080-exec-11] org.apache.jasper.servlet.TldScanner.scanJars At least one JAR was scanned for TLDs yet contained no TLDs. Enable debug logging for this logger for a complete list of JARs that were scanned but no TLDs were found in them. Skipping unneeded JARs during scanning can improve startup time and JSP compilation time.
22-Aug-2022 13:00:48.838 INFORMAÇÕES [http-nio-8080-exec-11] org.apache.catalina.startup.HostConfig.deployDescriptor Deployment of deployment descriptor [C:\Users\User\OneDrive\Documentos\NetBeansProjects\apache-tomcat-10.0.23\conf\Catalina\localhost\PessoaWeb#js#indexPessoa.html.xml] has finished in [279] ms
22-Aug-2022 13:00:48.841 INFORMAÇÕES [http-nio-8080-exec-20] org.apache.catalina.util.LifecycleBase.start The start() method was called on component [StandardEngine[Catalina].StandardHost[localhost].StandardContext[/PessoaWeb/js/indexPessoa.html]] after start() had already been called. The second call will be ignored.
22-Aug-2022 13:01:49.076 INFORMAÇÕES [http-nio-8080-exec-11] org.apache.catalina.startup.HostConfig.undeploy Undeploying context [/PessoaWeb/js/indexPessoa.html]
22-Aug-2022 13:01:49.087 INFORMAÇÕES [http-nio-8080-exec-2] org.apache.catalina.startup.HostConfig.deployDescriptor Deploying deployment descriptor [C:\Users\User\OneDrive\Documentos\NetBeansProjects\apache-tomcat-10.0.23\conf\Catalina\localhost\PessoaWeb#js#indexPessoa.html.xml]
22-Aug-2022 13:01:49.087 ADVERTÊNCIA [http-nio-8080-exec-2] org.apache.catalina.startup.HostConfig.deployDescriptor The path attribute with value [/PessoaWeb] in deployment descriptor [C:\Users\User\OneDrive\Documentos\NetBeansProjects\apache-tomcat-10.0.23\conf\Catalina\localhost\PessoaWeb#js#indexPessoa.html.xml] has been ignored
22-Aug-2022 13:01:49.355 INFORMAÇÕES [http-nio-8080-exec-2] org.apache.jasper.servlet.TldScanner.scanJars At least one JAR was scanned for TLDs yet contained no TLDs. Enable debug logging for this logger for a complete list of JARs that were scanned but no TLDs were found in them. Skipping unneeded JARs during scanning can improve startup time and JSP compilation time.
22-Aug-2022 13:01:49.358 INFORMAÇÕES [http-nio-8080-exec-2] org.apache.catalina.startup.HostConfig.deployDescriptor Deployment of deployment descriptor [C:\Users\User\OneDrive\Documentos\NetBeansProjects\apache-tomcat-10.0.23\conf\Catalina\localhost\PessoaWeb#js#indexPessoa.html.xml] has finished in [271] ms
22-Aug-2022 13:01:49.866 INFORMAÇÕES [http-nio-8080-exec-28] org.apache.catalina.startup.HostConfig.undeploy Undeploying context [/PessoaWeb/js/indexPessoa.html]
22-Aug-2022 13:01:49.879 INFORMAÇÕES [http-nio-8080-exec-25] org.apache.catalina.startup.HostConfig.deployDescriptor Deploying deployment descriptor [C:\Users\User\OneDrive\Documentos\NetBeansProjects\apache-tomcat-10.0.23\conf\Catalina\localhost\PessoaWeb.xml]
22-Aug-2022 13:01:49.879 ADVERTÊNCIA [http-nio-8080-exec-25] org.apache.catalina.startup.HostConfig.deployDescriptor The path attribute with value [/PessoaWeb] in deployment descriptor [C:\Users\User\OneDrive\Documentos\NetBeansProjects\apache-tomcat-10.0.23\conf\Catalina\localhost\PessoaWeb.xml] has been ignored
22-Aug-2022 13:01:50.145 INFORMAÇÕES [http-nio-8080-exec-25] org.apache.jasper.servlet.TldScanner.scanJars At least one JAR was scanned for TLDs yet contained no TLDs. Enable debug logging for this logger for a complete list of JARs that were scanned but no TLDs were found in them. Skipping unneeded JARs during scanning can improve startup time and JSP compilation time.
22-Aug-2022 13:01:50.148 INFORMAÇÕES [http-nio-8080-exec-25] org.apache.catalina.startup.HostConfig.deployDescriptor Deployment of deployment descriptor [C:\Users\User\OneDrive\Documentos\NetBeansProjects\apache-tomcat-10.0.23\conf\Catalina\localhost\PessoaWeb.xml] has finished in [269] ms
22-Aug-2022 13:01:50.150 INFORMAÇÕES [http-nio-8080-exec-29] org.apache.catalina.util.LifecycleBase.start The start() method was called on component [StandardEngine[Catalina].StandardHost[localhost].StandardContext[/PessoaWeb]] after start() had already been called. The second call will be ignored.
22-Aug-2022 15:04:01.971 INFORMAÇÕES [main] org.apache.catalina.core.StandardServer.await A valid shutdown command was received via the shutdown port. Stopping the Server instance.
22-Aug-2022 15:04:01.972 INFORMAÇÕES [main] org.apache.coyote.AbstractProtocol.pause Pausing ProtocolHandler ["http-nio-8080"]
22-Aug-2022 15:04:02.048 INFORMAÇÕES [main] org.apache.catalina.core.StandardService.stopInternal Stopping service [Catalina]
22-Aug-2022 15:04:02.056 INFORMAÇÕES [main] org.apache.coyote.AbstractProtocol.stop Stopping ProtocolHandler ["http-nio-8080"]
22-Aug-2022 15:04:02.058 INFORMAÇÕES [main] org.apache.coyote.AbstractProtocol.destroy Destroying ProtocolHandler ["http-nio-8080"]
22-Aug-2022 15:04:18.853 INFORMAÇÕES [main] org.apache.catalina.startup.VersionLoggerListener.log Server version name:   Apache Tomcat/10.0.23
22-Aug-2022 15:04:18.855 INFORMAÇÕES [main] org.apache.catalina.startup.VersionLoggerListener.log Server built:          Jul 14 2022 08:16:11 UTC
22-Aug-2022 15:04:18.855 INFORMAÇÕES [main] org.apache.catalina.startup.VersionLoggerListener.log Server version number: 10.0.23.0
22-Aug-2022 15:04:18.855 INFORMAÇÕES [main] org.apache.catalina.startup.VersionLoggerListener.log OS Name:               Windows 10
22-Aug-2022 15:04:18.855 INFORMAÇÕES [main] org.apache.catalina.startup.VersionLoggerListener.log OS Version:            10.0
22-Aug-2022 15:04:18.855 INFORMAÇÕES [main] org.apache.catalina.startup.VersionLoggerListener.log Architecture:          amd64
22-Aug-2022 15:04:18.856 INFORMAÇÕES [main] org.apache.catalina.startup.VersionLoggerListener.log Java Home:             C:\Program Files\Java\jdk1.8.0_202\jre
22-Aug-2022 15:04:18.856 INFORMAÇÕES [main] org.apache.catalina.startup.VersionLoggerListener.log JVM Version:           1.8.0_202-b08
22-Aug-2022 15:04:18.856 INFORMAÇÕES [main] org.apache.catalina.startup.VersionLoggerListener.log JVM Vendor:            Oracle Corporation
22-Aug-2022 15:04:18.856 INFORMAÇÕES [main] org.apache.catalina.startup.VersionLoggerListener.log CATALINA_BASE:         C:\Users\User\OneDrive\Documentos\NetBeansProjects\apache-tomcat-10.0.23
22-Aug-2022 15:04:18.856 INFORMAÇÕES [main] org.apache.catalina.startup.VersionLoggerListener.log CATALINA_HOME:         C:\Users\User\OneDrive\Documentos\NetBeansProjects\apache-tomcat-10.0.23
22-Aug-2022 15:04:18.857 INFORMAÇÕES [main] org.apache.catalina.startup.VersionLoggerListener.log Command line argument: -Djava.util.logging.config.file=C:\Users\User\OneDrive\Documentos\NetBeansProjects\apache-tomcat-10.0.23\conf\logging.properties
22-Aug-2022 15:04:18.857 INFORMAÇÕES [main] org.apache.catalina.startup.VersionLoggerListener.log Command line argument: -Djava.util.logging.manager=org.apache.juli.ClassLoaderLogManager
22-Aug-2022 15:04:18.857 INFORMAÇÕES [main] org.apache.catalina.startup.VersionLoggerListener.log Command line argument: -Dhttp.nonProxyHosts=localhost|127.0.0.1|DESKTOP-2UF3N87
22-Aug-2022 15:04:18.857 INFORMAÇÕES [main] org.apache.catalina.startup.VersionLoggerListener.log Command line argument: -Djdk.tls.ephemeralDHKeySize=2048
22-Aug-2022 15:04:18.857 INFORMAÇÕES [main] org.apache.catalina.startup.VersionLoggerListener.log Command line argument: -Djava.protocol.handler.pkgs=org.apache.catalina.webresources
22-Aug-2022 15:04:18.857 INFORMAÇÕES [main] org.apache.catalina.startup.VersionLoggerListener.log Command line argument: -Dignore.endorsed.dirs=
22-Aug-2022 15:04:18.857 INFORMAÇÕES [main] org.apache.catalina.startup.VersionLoggerListener.log Command line argument: -Dcatalina.base=C:\Users\User\OneDrive\Documentos\NetBeansProjects\apache-tomcat-10.0.23
22-Aug-2022 15:04:18.857 INFORMAÇÕES [main] org.apache.catalina.startup.VersionLoggerListener.log Command line argument: -Dcatalina.home=C:\Users\User\OneDrive\Documentos\NetBeansProjects\apache-tomcat-10.0.23
22-Aug-2022 15:04:18.857 INFORMAÇÕES [main] org.apache.catalina.startup.VersionLoggerListener.log Command line argument: -Djava.io.tmpdir=C:\Users\User\OneDrive\Documentos\NetBeansProjects\apache-tomcat-10.0.23\temp
22-Aug-2022 15:04:18.863 INFORMAÇÕES [main] org.apache.catalina.core.AprLifecycleListener.lifecycleEvent The Apache Tomcat Native library which allows using OpenSSL was not found on the java.library.path: [C:\Program Files\Java\jdk1.8.0_202\bin;C:\WINDOWS\Sun\Java\bin;C:\WINDOWS\system32;C:\WINDOWS;C:\Program Files (x86)\Common Files\Oracle\Java\javapath;C:\WINDOWS\system32;C:\WINDOWS;C:\WINDOWS\System32\Wbem;C:\WINDOWS\System32\WindowsPowerShell\v1.0\;C:\WINDOWS\System32\OpenSSH\;C:\Program Files\Git\cmd;C:\Program Files (x86)\NVIDIA Corporation\PhysX\Common;C:\Program Files\NVIDIA Corporation\NVIDIA NvDLISR;C:\ProgramData\UNIVALI\Portugol Studio;C:\Program Files\wooting-analog-sdk\;C:\Program Files\nodejs\;C:\Program Files (x86)\dotnet\;C:\Users\User\AppData\Local\Microsoft\WindowsApps;C:\Users\User\AppData\Local\Programs\Microsoft VS Code\bin;C:\Users\User\AppData\Roaming\npm;.]
22-Aug-2022 15:04:19.087 INFORMAÇÕES [main] org.apache.coyote.AbstractProtocol.init Initializing ProtocolHandler ["http-nio-8080"]
22-Aug-2022 15:04:19.100 INFORMAÇÕES [main] org.apache.catalina.startup.Catalina.load Server initialization in [364] milliseconds
22-Aug-2022 15:04:19.119 INFORMAÇÕES [main] org.apache.catalina.core.StandardService.startInternal Starting service [Catalina]
22-Aug-2022 15:04:19.119 INFORMAÇÕES [main] org.apache.catalina.core.StandardEngine.startInternal Starting Servlet engine: [Apache Tomcat/10.0.23]
22-Aug-2022 15:04:19.126 INFORMAÇÕES [main] org.apache.catalina.startup.HostConfig.deployDescriptor Deploying deployment descriptor [C:\Users\User\OneDrive\Documentos\NetBeansProjects\apache-tomcat-10.0.23\conf\Catalina\localhost\PessoaWeb.xml]
22-Aug-2022 15:04:19.137 ADVERTÊNCIA [main] org.apache.catalina.startup.HostConfig.deployDescriptor The path attribute with value [/PessoaWeb] in deployment descriptor [C:\Users\User\OneDrive\Documentos\NetBeansProjects\apache-tomcat-10.0.23\conf\Catalina\localhost\PessoaWeb.xml] has been ignored
22-Aug-2022 15:04:19.613 INFORMAÇÕES [main] org.apache.jasper.servlet.TldScanner.scanJars At least one JAR was scanned for TLDs yet contained no TLDs. Enable debug logging for this logger for a complete list of JARs that were scanned but no TLDs were found in them. Skipping unneeded JARs during scanning can improve startup time and JSP compilation time.
22-Aug-2022 15:04:19.742 INFORMAÇÕES [main] org.apache.catalina.startup.HostConfig.deployDescriptor Deployment of deployment descriptor [C:\Users\User\OneDrive\Documentos\NetBeansProjects\apache-tomcat-10.0.23\conf\Catalina\localhost\PessoaWeb.xml] has finished in [614] ms
22-Aug-2022 15:04:19.742 INFORMAÇÕES [main] org.apache.catalina.startup.HostConfig.deployDirectory Diretório de instalação da aplicação web [C:\Users\User\OneDrive\Documentos\NetBeansProjects\apache-tomcat-10.0.23\webapps\docs]
22-Aug-2022 15:04:19.758 INFORMAÇÕES [main] org.apache.catalina.startup.HostConfig.deployDirectory Deployment of web application directory [C:\Users\User\OneDrive\Documentos\NetBeansProjects\apache-tomcat-10.0.23\webapps\docs] has finished in [16] ms
22-Aug-2022 15:04:19.759 INFORMAÇÕES [main] org.apache.catalina.startup.HostConfig.deployDirectory Diretório de instalação da aplicação web [C:\Users\User\OneDrive\Documentos\NetBeansProjects\apache-tomcat-10.0.23\webapps\examples]
22-Aug-2022 15:04:19.978 INFORMAÇÕES [main] org.apache.catalina.startup.HostConfig.deployDirectory Deployment of web application directory [C:\Users\User\OneDrive\Documentos\NetBeansProjects\apache-tomcat-10.0.23\webapps\examples] has finished in [219] ms
22-Aug-2022 15:04:19.979 INFORMAÇÕES [main] org.apache.catalina.startup.HostConfig.deployDirectory Diretório de instalação da aplicação web [C:\Users\User\OneDrive\Documentos\NetBeansProjects\apache-tomcat-10.0.23\webapps\host-manager]
22-Aug-2022 15:04:20.002 INFORMAÇÕES [main] org.apache.catalina.startup.HostConfig.deployDirectory Deployment of web application directory [C:\Users\User\OneDrive\Documentos\NetBeansProjects\apache-tomcat-10.0.23\webapps\host-manager] has finished in [23] ms
22-Aug-2022 15:04:20.002 INFORMAÇÕES [main] org.apache.catalina.startup.HostConfig.deployDirectory Diretório de instalação da aplicação web [C:\Users\User\OneDrive\Documentos\NetBeansProjects\apache-tomcat-10.0.23\webapps\manager]
22-Aug-2022 15:04:20.021 INFORMAÇÕES [main] org.apache.catalina.startup.HostConfig.deployDirectory Deployment of web application directory [C:\Users\User\OneDrive\Documentos\NetBeansProjects\apache-tomcat-10.0.23\webapps\manager] has finished in [19] ms
22-Aug-2022 15:04:20.021 INFORMAÇÕES [main] org.apache.catalina.startup.HostConfig.deployDirectory Diretório de instalação da aplicação web [C:\Users\User\OneDrive\Documentos\NetBeansProjects\apache-tomcat-10.0.23\webapps\ROOT]
22-Aug-2022 15:04:20.038 INFORMAÇÕES [main] org.apache.catalina.startup.HostConfig.deployDirectory Deployment of web application directory [C:\Users\User\OneDrive\Documentos\NetBeansProjects\apache-tomcat-10.0.23\webapps\ROOT] has finished in [17] ms
22-Aug-2022 15:04:20.040 INFORMAÇÕES [main] org.apache.coyote.AbstractProtocol.start Starting ProtocolHandler ["http-nio-8080"]
22-Aug-2022 15:04:20.052 INFORMAÇÕES [main] org.apache.catalina.startup.Catalina.start Server startup in [951] milliseconds
22-Aug-2022 15:08:19.875 INFORMAÇÕES [http-nio-8080-exec-2] org.apache.catalina.core.StandardContext.reload Reloading Context with name [/PessoaWeb] has started
22-Aug-2022 15:08:20.167 INFORMAÇÕES [http-nio-8080-exec-2] org.apache.jasper.servlet.TldScanner.scanJars At least one JAR was scanned for TLDs yet contained no TLDs. Enable debug logging for this logger for a complete list of JARs that were scanned but no TLDs were found in them. Skipping unneeded JARs during scanning can improve startup time and JSP compilation time.
22-Aug-2022 15:08:20.168 INFORMAÇÕES [http-nio-8080-exec-2] org.apache.catalina.core.StandardContext.reload Reloading Context with name [/PessoaWeb] is completed
22-Aug-2022 15:08:24.226 INFORMAÇÕES [http-nio-8080-exec-3] org.apache.catalina.core.StandardContext.reload Reloading Context with name [/PessoaWeb] has started
22-Aug-2022 15:08:24.492 INFORMAÇÕES [http-nio-8080-exec-3] org.apache.jasper.servlet.TldScanner.scanJars At least one JAR was scanned for TLDs yet contained no TLDs. Enable debug logging for this logger for a complete list of JARs that were scanned but no TLDs were found in them. Skipping unneeded JARs during scanning can improve startup time and JSP compilation time.
22-Aug-2022 15:08:24.494 INFORMAÇÕES [http-nio-8080-exec-3] org.apache.catalina.core.StandardContext.reload Reloading Context with name [/PessoaWeb] is completed
22-Aug-2022 15:15:54.642 INFORMAÇÕES [http-nio-8080-exec-22] org.apache.catalina.core.StandardContext.reload Reloading Context with name [/PessoaWeb] has started
22-Aug-2022 15:15:54.938 INFORMAÇÕES [http-nio-8080-exec-22] org.apache.jasper.servlet.TldScanner.scanJars At least one JAR was scanned for TLDs yet contained no TLDs. Enable debug logging for this logger for a complete list of JARs that were scanned but no TLDs were found in them. Skipping unneeded JARs during scanning can improve startup time and JSP compilation time.
22-Aug-2022 15:15:54.939 INFORMAÇÕES [http-nio-8080-exec-22] org.apache.catalina.core.StandardContext.reload Reloading Context with name [/PessoaWeb] is completed
22-Aug-2022 15:18:19.089 INFORMAÇÕES [http-nio-8080-exec-25] org.apache.catalina.core.StandardContext.reload Reloading Context with name [/PessoaWeb] has started
22-Aug-2022 15:18:19.360 INFORMAÇÕES [http-nio-8080-exec-25] org.apache.jasper.servlet.TldScanner.scanJars At least one JAR was scanned for TLDs yet contained no TLDs. Enable debug logging for this logger for a complete list of JARs that were scanned but no TLDs were found in them. Skipping unneeded JARs during scanning can improve startup time and JSP compilation time.
22-Aug-2022 15:18:19.361 INFORMAÇÕES [http-nio-8080-exec-25] org.apache.catalina.core.StandardContext.reload Reloading Context with name [/PessoaWeb] is completed
22-Aug-2022 15:30:49.926 INFORMAÇÕES [http-nio-8080-exec-36] org.apache.catalina.core.StandardContext.reload Reloading Context with name [/PessoaWeb] has started
22-Aug-2022 15:30:50.204 INFORMAÇÕES [http-nio-8080-exec-36] org.apache.jasper.servlet.TldScanner.scanJars At least one JAR was scanned for TLDs yet contained no TLDs. Enable debug logging for this logger for a complete list of JARs that were scanned but no TLDs were found in them. Skipping unneeded JARs during scanning can improve startup time and JSP compilation time.
22-Aug-2022 15:30:50.205 INFORMAÇÕES [http-nio-8080-exec-36] org.apache.catalina.core.StandardContext.reload Reloading Context with name [/PessoaWeb] is completed
22-Aug-2022 15:31:34.759 INFORMAÇÕES [http-nio-8080-exec-28] org.apache.catalina.core.StandardContext.reload Reloading Context with name [/PessoaWeb] has started
22-Aug-2022 15:31:35.024 INFORMAÇÕES [http-nio-8080-exec-28] org.apache.jasper.servlet.TldScanner.scanJars At least one JAR was scanned for TLDs yet contained no TLDs. Enable debug logging for this logger for a complete list of JARs that were scanned but no TLDs were found in them. Skipping unneeded JARs during scanning can improve startup time and JSP compilation time.
22-Aug-2022 15:31:35.025 INFORMAÇÕES [http-nio-8080-exec-28] org.apache.catalina.core.StandardContext.reload Reloading Context with name [/PessoaWeb] is completed
22-Aug-2022 15:33:14.542 INFORMAÇÕES [http-nio-8080-exec-44] org.apache.catalina.core.StandardContext.reload Reloading Context with name [/PessoaWeb] has started
22-Aug-2022 15:33:14.819 INFORMAÇÕES [http-nio-8080-exec-44] org.apache.jasper.servlet.TldScanner.scanJars At least one JAR was scanned for TLDs yet contained no TLDs. Enable debug logging for this logger for a complete list of JARs that were scanned but no TLDs were found in them. Skipping unneeded JARs during scanning can improve startup time and JSP compilation time.
22-Aug-2022 15:33:14.820 INFORMAÇÕES [http-nio-8080-exec-44] org.apache.catalina.core.StandardContext.reload Reloading Context with name [/PessoaWeb] is completed
22-Aug-2022 15:36:40.069 INFORMAÇÕES [main] org.apache.catalina.core.StandardServer.await A valid shutdown command was received via the shutdown port. Stopping the Server instance.
22-Aug-2022 15:36:40.069 INFORMAÇÕES [main] org.apache.coyote.AbstractProtocol.pause Pausing ProtocolHandler ["http-nio-8080"]
22-Aug-2022 15:36:40.146 INFORMAÇÕES [main] org.apache.catalina.core.StandardService.stopInternal Stopping service [Catalina]
22-Aug-2022 15:36:40.154 INFORMAÇÕES [main] org.apache.coyote.AbstractProtocol.stop Stopping ProtocolHandler ["http-nio-8080"]
22-Aug-2022 15:36:40.156 INFORMAÇÕES [main] org.apache.coyote.AbstractProtocol.destroy Destroying ProtocolHandler ["http-nio-8080"]
22-Aug-2022 15:36:43.236 INFORMAÇÕES [main] org.apache.catalina.startup.VersionLoggerListener.log Server version name:   Apache Tomcat/10.0.23
22-Aug-2022 15:36:43.238 INFORMAÇÕES [main] org.apache.catalina.startup.VersionLoggerListener.log Server built:          Jul 14 2022 08:16:11 UTC
22-Aug-2022 15:36:43.238 INFORMAÇÕES [main] org.apache.catalina.startup.VersionLoggerListener.log Server version number: 10.0.23.0
22-Aug-2022 15:36:43.238 INFORMAÇÕES [main] org.apache.catalina.startup.VersionLoggerListener.log OS Name:               Windows 10
22-Aug-2022 15:36:43.238 INFORMAÇÕES [main] org.apache.catalina.startup.VersionLoggerListener.log OS Version:            10.0
22-Aug-2022 15:36:43.238 INFORMAÇÕES [main] org.apache.catalina.startup.VersionLoggerListener.log Architecture:          amd64
22-Aug-2022 15:36:43.238 INFORMAÇÕES [main] org.apache.catalina.startup.VersionLoggerListener.log Java Home:             C:\Program Files\Java\jdk1.8.0_202\jre
22-Aug-2022 15:36:43.238 INFORMAÇÕES [main] org.apache.catalina.startup.VersionLoggerListener.log JVM Version:           1.8.0_202-b08
22-Aug-2022 15:36:43.238 INFORMAÇÕES [main] org.apache.catalina.startup.VersionLoggerListener.log JVM Vendor:            Oracle Corporation
22-Aug-2022 15:36:43.238 INFORMAÇÕES [main] org.apache.catalina.startup.VersionLoggerListener.log CATALINA_BASE:         C:\Users\User\OneDrive\Documentos\NetBeansProjects\apache-tomcat-10.0.23
22-Aug-2022 15:36:43.238 INFORMAÇÕES [main] org.apache.catalina.startup.VersionLoggerListener.log CATALINA_HOME:         C:\Users\User\OneDrive\Documentos\NetBeansProjects\apache-tomcat-10.0.23
22-Aug-2022 15:36:43.240 INFORMAÇÕES [main] org.apache.catalina.startup.VersionLoggerListener.log Command line argument: -Djava.util.logging.config.file=C:\Users\User\OneDrive\Documentos\NetBeansProjects\apache-tomcat-10.0.23\conf\logging.properties
22-Aug-2022 15:36:43.240 INFORMAÇÕES [main] org.apache.catalina.startup.VersionLoggerListener.log Command line argument: -Djava.util.logging.manager=org.apache.juli.ClassLoaderLogManager
22-Aug-2022 15:36:43.240 INFORMAÇÕES [main] org.apache.catalina.startup.VersionLoggerListener.log Command line argument: -Dhttp.nonProxyHosts=localhost|127.0.0.1|DESKTOP-2UF3N87
22-Aug-2022 15:36:43.240 INFORMAÇÕES [main] org.apache.catalina.startup.VersionLoggerListener.log Command line argument: -Djdk.tls.ephemeralDHKeySize=2048
22-Aug-2022 15:36:43.240 INFORMAÇÕES [main] org.apache.catalina.startup.VersionLoggerListener.log Command line argument: -Djava.protocol.handler.pkgs=org.apache.catalina.webresources
22-Aug-2022 15:36:43.240 INFORMAÇÕES [main] org.apache.catalina.startup.VersionLoggerListener.log Command line argument: -agentlib:jdwp=transport=dt_shmem,address=tomcat_shared_memory_id,server=y,suspend=n
22-Aug-2022 15:36:43.240 INFORMAÇÕES [main] org.apache.catalina.startup.VersionLoggerListener.log Command line argument: -Dignore.endorsed.dirs=
22-Aug-2022 15:36:43.240 INFORMAÇÕES [main] org.apache.catalina.startup.VersionLoggerListener.log Command line argument: -Dcatalina.base=C:\Users\User\OneDrive\Documentos\NetBeansProjects\apache-tomcat-10.0.23
22-Aug-2022 15:36:43.240 INFORMAÇÕES [main] org.apache.catalina.startup.VersionLoggerListener.log Command line argument: -Dcatalina.home=C:\Users\User\OneDrive\Documentos\NetBeansProjects\apache-tomcat-10.0.23
22-Aug-2022 15:36:43.240 INFORMAÇÕES [main] org.apache.catalina.startup.VersionLoggerListener.log Command line argument: -Djava.io.tmpdir=C:\Users\User\OneDrive\Documentos\NetBeansProjects\apache-tomcat-10.0.23\temp
22-Aug-2022 15:36:43.246 INFORMAÇÕES [main] org.apache.catalina.core.AprLifecycleListener.lifecycleEvent The Apache Tomcat Native library which allows using OpenSSL was not found on the java.library.path: [C:\Program Files\Java\jdk1.8.0_202\bin;C:\WINDOWS\Sun\Java\bin;C:\WINDOWS\system32;C:\WINDOWS;C:\Program Files (x86)\Common Files\Oracle\Java\javapath;C:\WINDOWS\system32;C:\WINDOWS;C:\WINDOWS\System32\Wbem;C:\WINDOWS\System32\WindowsPowerShell\v1.0\;C:\WINDOWS\System32\OpenSSH\;C:\Program Files\Git\cmd;C:\Program Files (x86)\NVIDIA Corporation\PhysX\Common;C:\Program Files\NVIDIA Corporation\NVIDIA NvDLISR;C:\ProgramData\UNIVALI\Portugol Studio;C:\Program Files\wooting-analog-sdk\;C:\Program Files\nodejs\;C:\Program Files (x86)\dotnet\;C:\Users\User\AppData\Local\Microsoft\WindowsApps;C:\Users\User\AppData\Local\Programs\Microsoft VS Code\bin;C:\Users\User\AppData\Roaming\npm;.]
22-Aug-2022 15:36:43.468 INFORMAÇÕES [main] org.apache.coyote.AbstractProtocol.init Initializing ProtocolHandler ["http-nio-8080"]
22-Aug-2022 15:36:43.480 INFORMAÇÕES [main] org.apache.catalina.startup.Catalina.load Server initialization in [371] milliseconds
22-Aug-2022 15:36:43.502 INFORMAÇÕES [main] org.apache.catalina.core.StandardService.startInternal Starting service [Catalina]
22-Aug-2022 15:36:43.502 INFORMAÇÕES [main] org.apache.catalina.core.StandardEngine.startInternal Starting Servlet engine: [Apache Tomcat/10.0.23]
22-Aug-2022 15:36:43.510 INFORMAÇÕES [main] org.apache.catalina.startup.HostConfig.deployDescriptor Deploying deployment descriptor [C:\Users\User\OneDrive\Documentos\NetBeansProjects\apache-tomcat-10.0.23\conf\Catalina\localhost\PessoaWeb.xml]
22-Aug-2022 15:36:43.524 ADVERTÊNCIA [main] org.apache.catalina.startup.HostConfig.deployDescriptor The path attribute with value [/PessoaWeb] in deployment descriptor [C:\Users\User\OneDrive\Documentos\NetBeansProjects\apache-tomcat-10.0.23\conf\Catalina\localhost\PessoaWeb.xml] has been ignored
22-Aug-2022 15:36:43.990 INFORMAÇÕES [main] org.apache.jasper.servlet.TldScanner.scanJars At least one JAR was scanned for TLDs yet contained no TLDs. Enable debug logging for this logger for a complete list of JARs that were scanned but no TLDs were found in them. Skipping unneeded JARs during scanning can improve startup time and JSP compilation time.
22-Aug-2022 15:36:44.110 INFORMAÇÕES [main] org.apache.catalina.startup.HostConfig.deployDescriptor Deployment of deployment descriptor [C:\Users\User\OneDrive\Documentos\NetBeansProjects\apache-tomcat-10.0.23\conf\Catalina\localhost\PessoaWeb.xml] has finished in [598] ms
22-Aug-2022 15:36:44.110 INFORMAÇÕES [main] org.apache.catalina.startup.HostConfig.deployDirectory Diretório de instalação da aplicação web [C:\Users\User\OneDrive\Documentos\NetBeansProjects\apache-tomcat-10.0.23\webapps\docs]
22-Aug-2022 15:36:44.127 INFORMAÇÕES [main] org.apache.catalina.startup.HostConfig.deployDirectory Deployment of web application directory [C:\Users\User\OneDrive\Documentos\NetBeansProjects\apache-tomcat-10.0.23\webapps\docs] has finished in [17] ms
22-Aug-2022 15:36:44.127 INFORMAÇÕES [main] org.apache.catalina.startup.HostConfig.deployDirectory Diretório de instalação da aplicação web [C:\Users\User\OneDrive\Documentos\NetBeansProjects\apache-tomcat-10.0.23\webapps\examples]
22-Aug-2022 15:36:44.349 INFORMAÇÕES [main] org.apache.catalina.startup.HostConfig.deployDirectory Deployment of web application directory [C:\Users\User\OneDrive\Documentos\NetBeansProjects\apache-tomcat-10.0.23\webapps\examples] has finished in [222] ms
22-Aug-2022 15:36:44.349 INFORMAÇÕES [main] org.apache.catalina.startup.HostConfig.deployDirectory Diretório de instalação da aplicação web [C:\Users\User\OneDrive\Documentos\NetBeansProjects\apache-tomcat-10.0.23\webapps\host-manager]
22-Aug-2022 15:36:44.372 INFORMAÇÕES [main] org.apache.catalina.startup.HostConfig.deployDirectory Deployment of web application directory [C:\Users\User\OneDrive\Documentos\NetBeansProjects\apache-tomcat-10.0.23\webapps\host-manager] has finished in [23] ms
22-Aug-2022 15:36:44.373 INFORMAÇÕES [main] org.apache.catalina.startup.HostConfig.deployDirectory Diretório de instalação da aplicação web [C:\Users\User\OneDrive\Documentos\NetBeansProjects\apache-tomcat-10.0.23\webapps\manager]
22-Aug-2022 15:36:44.393 INFORMAÇÕES [main] org.apache.catalina.startup.HostConfig.deployDirectory Deployment of web application directory [C:\Users\User\OneDrive\Documentos\NetBeansProjects\apache-tomcat-10.0.23\webapps\manager] has finished in [20] ms
22-Aug-2022 15:36:44.393 INFORMAÇÕES [main] org.apache.catalina.startup.HostConfig.deployDirectory Diretório de instalação da aplicação web [C:\Users\User\OneDrive\Documentos\NetBeansProjects\apache-tomcat-10.0.23\webapps\ROOT]
22-Aug-2022 15:36:44.408 INFORMAÇÕES [main] org.apache.catalina.startup.HostConfig.deployDirectory Deployment of web application directory [C:\Users\User\OneDrive\Documentos\NetBeansProjects\apache-tomcat-10.0.23\webapps\ROOT] has finished in [15] ms
22-Aug-2022 15:36:44.411 INFORMAÇÕES [main] org.apache.coyote.AbstractProtocol.start Starting ProtocolHandler ["http-nio-8080"]
22-Aug-2022 15:36:44.423 INFORMAÇÕES [main] org.apache.catalina.startup.Catalina.start Server startup in [943] milliseconds
22-Aug-2022 15:36:45.656 INFORMAÇÕES [http-nio-8080-exec-3] org.apache.catalina.startup.HostConfig.undeploy Undeploying context [/PessoaWeb]
22-Aug-2022 15:36:45.683 INFORMAÇÕES [http-nio-8080-exec-10] org.apache.catalina.startup.HostConfig.deployDescriptor Deploying deployment descriptor [C:\Users\User\OneDrive\Documentos\NetBeansProjects\apache-tomcat-10.0.23\conf\Catalina\localhost\PessoaWeb.xml]
22-Aug-2022 15:36:45.684 ADVERTÊNCIA [http-nio-8080-exec-10] org.apache.catalina.startup.HostConfig.deployDescriptor The path attribute with value [/PessoaWeb] in deployment descriptor [C:\Users\User\OneDrive\Documentos\NetBeansProjects\apache-tomcat-10.0.23\conf\Catalina\localhost\PessoaWeb.xml] has been ignored
22-Aug-2022 15:36:45.993 INFORMAÇÕES [http-nio-8080-exec-10] org.apache.jasper.servlet.TldScanner.scanJars At least one JAR was scanned for TLDs yet contained no TLDs. Enable debug logging for this logger for a complete list of JARs that were scanned but no TLDs were found in them. Skipping unneeded JARs during scanning can improve startup time and JSP compilation time.
22-Aug-2022 15:36:45.996 INFORMAÇÕES [http-nio-8080-exec-10] org.apache.catalina.startup.HostConfig.deployDescriptor Deployment of deployment descriptor [C:\Users\User\OneDrive\Documentos\NetBeansProjects\apache-tomcat-10.0.23\conf\Catalina\localhost\PessoaWeb.xml] has finished in [313] ms
22-Aug-2022 15:36:45.999 INFORMAÇÕES [http-nio-8080-exec-6] org.apache.catalina.util.LifecycleBase.start The start() method was called on component [StandardEngine[Catalina].StandardHost[localhost].StandardContext[/PessoaWeb]] after start() had already been called. The second call will be ignored.
22-Aug-2022 15:45:09.998 INFORMAÇÕES [main] org.apache.catalina.core.StandardServer.await A valid shutdown command was received via the shutdown port. Stopping the Server instance.
22-Aug-2022 15:45:09.999 INFORMAÇÕES [main] org.apache.coyote.AbstractProtocol.pause Pausing ProtocolHandler ["http-nio-8080"]
22-Aug-2022 15:45:10.075 INFORMAÇÕES [main] org.apache.catalina.core.StandardService.stopInternal Stopping service [Catalina]
22-Aug-2022 15:45:10.085 INFORMAÇÕES [main] org.apache.coyote.AbstractProtocol.stop Stopping ProtocolHandler ["http-nio-8080"]
22-Aug-2022 15:45:10.089 INFORMAÇÕES [main] org.apache.coyote.AbstractProtocol.destroy Destroying ProtocolHandler ["http-nio-8080"]
22-Aug-2022 15:45:33.390 INFORMAÇÕES [main] org.apache.catalina.startup.VersionLoggerListener.log Server version name:   Apache Tomcat/10.0.23
22-Aug-2022 15:45:33.391 INFORMAÇÕES [main] org.apache.catalina.startup.VersionLoggerListener.log Server built:          Jul 14 2022 08:16:11 UTC
22-Aug-2022 15:45:33.391 INFORMAÇÕES [main] org.apache.catalina.startup.VersionLoggerListener.log Server version number: 10.0.23.0
22-Aug-2022 15:45:33.392 INFORMAÇÕES [main] org.apache.catalina.startup.VersionLoggerListener.log OS Name:               Windows 10
22-Aug-2022 15:45:33.392 INFORMAÇÕES [main] org.apache.catalina.startup.VersionLoggerListener.log OS Version:            10.0
22-Aug-2022 15:45:33.392 INFORMAÇÕES [main] org.apache.catalina.startup.VersionLoggerListener.log Architecture:          amd64
22-Aug-2022 15:45:33.392 INFORMAÇÕES [main] org.apache.catalina.startup.VersionLoggerListener.log Java Home:             C:\Program Files\Java\jdk1.8.0_202\jre
22-Aug-2022 15:45:33.392 INFORMAÇÕES [main] org.apache.catalina.startup.VersionLoggerListener.log JVM Version:           1.8.0_202-b08
22-Aug-2022 15:45:33.392 INFORMAÇÕES [main] org.apache.catalina.startup.VersionLoggerListener.log JVM Vendor:            Oracle Corporation
22-Aug-2022 15:45:33.392 INFORMAÇÕES [main] org.apache.catalina.startup.VersionLoggerListener.log CATALINA_BASE:         C:\Users\User\OneDrive\Documentos\NetBeansProjects\apache-tomcat-10.0.23
22-Aug-2022 15:45:33.392 INFORMAÇÕES [main] org.apache.catalina.startup.VersionLoggerListener.log CATALINA_HOME:         C:\Users\User\OneDrive\Documentos\NetBeansProjects\apache-tomcat-10.0.23
22-Aug-2022 15:45:33.393 INFORMAÇÕES [main] org.apache.catalina.startup.VersionLoggerListener.log Command line argument: -Djava.util.logging.config.file=C:\Users\User\OneDrive\Documentos\NetBeansProjects\apache-tomcat-10.0.23\conf\logging.properties
22-Aug-2022 15:45:33.393 INFORMAÇÕES [main] org.apache.catalina.startup.VersionLoggerListener.log Command line argument: -Djava.util.logging.manager=org.apache.juli.ClassLoaderLogManager
22-Aug-2022 15:45:33.393 INFORMAÇÕES [main] org.apache.catalina.startup.VersionLoggerListener.log Command line argument: -Dhttp.nonProxyHosts=localhost|127.0.0.1|DESKTOP-2UF3N87
22-Aug-2022 15:45:33.393 INFORMAÇÕES [main] org.apache.catalina.startup.VersionLoggerListener.log Command line argument: -Djdk.tls.ephemeralDHKeySize=2048
22-Aug-2022 15:45:33.393 INFORMAÇÕES [main] org.apache.catalina.startup.VersionLoggerListener.log Command line argument: -Djava.protocol.handler.pkgs=org.apache.catalina.webresources
22-Aug-2022 15:45:33.393 INFORMAÇÕES [main] org.apache.catalina.startup.VersionLoggerListener.log Command line argument: -Dignore.endorsed.dirs=
22-Aug-2022 15:45:33.393 INFORMAÇÕES [main] org.apache.catalina.startup.VersionLoggerListener.log Command line argument: -Dcatalina.base=C:\Users\User\OneDrive\Documentos\NetBeansProjects\apache-tomcat-10.0.23
22-Aug-2022 15:45:33.393 INFORMAÇÕES [main] org.apache.catalina.startup.VersionLoggerListener.log Command line argument: -Dcatalina.home=C:\Users\User\OneDrive\Documentos\NetBeansProjects\apache-tomcat-10.0.23
22-Aug-2022 15:45:33.393 INFORMAÇÕES [main] org.apache.catalina.startup.VersionLoggerListener.log Command line argument: -Djava.io.tmpdir=C:\Users\User\OneDrive\Documentos\NetBeansProjects\apache-tomcat-10.0.23\temp
22-Aug-2022 15:45:33.399 INFORMAÇÕES [main] org.apache.catalina.core.AprLifecycleListener.lifecycleEvent The Apache Tomcat Native library which allows using OpenSSL was not found on the java.library.path: [C:\Program Files\Java\jdk1.8.0_202\bin;C:\WINDOWS\Sun\Java\bin;C:\WINDOWS\system32;C:\WINDOWS;C:\Program Files (x86)\Common Files\Oracle\Java\javapath;C:\WINDOWS\system32;C:\WINDOWS;C:\WINDOWS\System32\Wbem;C:\WINDOWS\System32\WindowsPowerShell\v1.0\;C:\WINDOWS\System32\OpenSSH\;C:\Program Files\Git\cmd;C:\Program Files (x86)\NVIDIA Corporation\PhysX\Common;C:\Program Files\NVIDIA Corporation\NVIDIA NvDLISR;C:\ProgramData\UNIVALI\Portugol Studio;C:\Program Files\wooting-analog-sdk\;C:\Program Files\nodejs\;C:\Program Files (x86)\dotnet\;C:\Users\User\AppData\Local\Microsoft\WindowsApps;C:\Users\User\AppData\Local\Programs\Microsoft VS Code\bin;C:\Users\User\AppData\Roaming\npm;.]
22-Aug-2022 15:45:33.638 INFORMAÇÕES [main] org.apache.coyote.AbstractProtocol.init Initializing ProtocolHandler ["http-nio-8080"]
22-Aug-2022 15:45:33.651 INFORMAÇÕES [main] org.apache.catalina.startup.Catalina.load Server initialization in [369] milliseconds
22-Aug-2022 15:45:33.670 INFORMAÇÕES [main] org.apache.catalina.core.StandardService.startInternal Starting service [Catalina]
22-Aug-2022 15:45:33.670 INFORMAÇÕES [main] org.apache.catalina.core.StandardEngine.startInternal Starting Servlet engine: [Apache Tomcat/10.0.23]
22-Aug-2022 15:45:33.677 INFORMAÇÕES [main] org.apache.catalina.startup.HostConfig.deployDescriptor Deploying deployment descriptor [C:\Users\User\OneDrive\Documentos\NetBeansProjects\apache-tomcat-10.0.23\conf\Catalina\localhost\PessoaWeb.xml]
22-Aug-2022 15:45:33.687 ADVERTÊNCIA [main] org.apache.catalina.startup.HostConfig.deployDescriptor The path attribute with value [/PessoaWeb] in deployment descriptor [C:\Users\User\OneDrive\Documentos\NetBeansProjects\apache-tomcat-10.0.23\conf\Catalina\localhost\PessoaWeb.xml] has been ignored
22-Aug-2022 15:45:34.129 INFORMAÇÕES [main] org.apache.jasper.servlet.TldScanner.scanJars At least one JAR was scanned for TLDs yet contained no TLDs. Enable debug logging for this logger for a complete list of JARs that were scanned but no TLDs were found in them. Skipping unneeded JARs during scanning can improve startup time and JSP compilation time.
22-Aug-2022 15:45:34.246 INFORMAÇÕES [main] org.apache.catalina.startup.HostConfig.deployDescriptor Deployment of deployment descriptor [C:\Users\User\OneDrive\Documentos\NetBeansProjects\apache-tomcat-10.0.23\conf\Catalina\localhost\PessoaWeb.xml] has finished in [568] ms
22-Aug-2022 15:45:34.246 INFORMAÇÕES [main] org.apache.catalina.startup.HostConfig.deployDirectory Diretório de instalação da aplicação web [C:\Users\User\OneDrive\Documentos\NetBeansProjects\apache-tomcat-10.0.23\webapps\docs]
22-Aug-2022 15:45:34.262 INFORMAÇÕES [main] org.apache.catalina.startup.HostConfig.deployDirectory Deployment of web application directory [C:\Users\User\OneDrive\Documentos\NetBeansProjects\apache-tomcat-10.0.23\webapps\docs] has finished in [16] ms
22-Aug-2022 15:45:34.262 INFORMAÇÕES [main] org.apache.catalina.startup.HostConfig.deployDirectory Diretório de instalação da aplicação web [C:\Users\User\OneDrive\Documentos\NetBeansProjects\apache-tomcat-10.0.23\webapps\examples]
22-Aug-2022 15:45:34.482 INFORMAÇÕES [main] org.apache.catalina.startup.HostConfig.deployDirectory Deployment of web application directory [C:\Users\User\OneDrive\Documentos\NetBeansProjects\apache-tomcat-10.0.23\webapps\examples] has finished in [219] ms
22-Aug-2022 15:45:34.482 INFORMAÇÕES [main] org.apache.catalina.startup.HostConfig.deployDirectory Diretório de instalação da aplicação web [C:\Users\User\OneDrive\Documentos\NetBeansProjects\apache-tomcat-10.0.23\webapps\host-manager]
22-Aug-2022 15:45:34.503 INFORMAÇÕES [main] org.apache.catalina.startup.HostConfig.deployDirectory Deployment of web application directory [C:\Users\User\OneDrive\Documentos\NetBeansProjects\apache-tomcat-10.0.23\webapps\host-manager] has finished in [21] ms
22-Aug-2022 15:45:34.503 INFORMAÇÕES [main] org.apache.catalina.startup.HostConfig.deployDirectory Diretório de instalação da aplicação web [C:\Users\User\OneDrive\Documentos\NetBeansProjects\apache-tomcat-10.0.23\webapps\manager]
22-Aug-2022 15:45:34.523 INFORMAÇÕES [main] org.apache.catalina.startup.HostConfig.deployDirectory Deployment of web application directory [C:\Users\User\OneDrive\Documentos\NetBeansProjects\apache-tomcat-10.0.23\webapps\manager] has finished in [20] ms
22-Aug-2022 15:45:34.523 INFORMAÇÕES [main] org.apache.catalina.startup.HostConfig.deployDirectory Diretório de instalação da aplicação web [C:\Users\User\OneDrive\Documentos\NetBeansProjects\apache-tomcat-10.0.23\webapps\ROOT]
22-Aug-2022 15:45:34.539 INFORMAÇÕES [main] org.apache.catalina.startup.HostConfig.deployDirectory Deployment of web application directory [C:\Users\User\OneDrive\Documentos\NetBeansProjects\apache-tomcat-10.0.23\webapps\ROOT] has finished in [16] ms
22-Aug-2022 15:45:34.541 INFORMAÇÕES [main] org.apache.coyote.AbstractProtocol.start Starting ProtocolHandler ["http-nio-8080"]
22-Aug-2022 15:45:34.552 INFORMAÇÕES [main] org.apache.catalina.startup.Catalina.start Server startup in [901] milliseconds
22-Aug-2022 15:46:48.231 INFORMAÇÕES [http-nio-8080-exec-8] org.apache.catalina.core.StandardContext.reload Reloading Context with name [/PessoaWeb] has started
22-Aug-2022 15:46:48.523 INFORMAÇÕES [http-nio-8080-exec-8] org.apache.jasper.servlet.TldScanner.scanJars At least one JAR was scanned for TLDs yet contained no TLDs. Enable debug logging for this logger for a complete list of JARs that were scanned but no TLDs were found in them. Skipping unneeded JARs during scanning can improve startup time and JSP compilation time.
22-Aug-2022 15:46:48.525 INFORMAÇÕES [http-nio-8080-exec-8] org.apache.catalina.core.StandardContext.reload Reloading Context with name [/PessoaWeb] is completed
22-Aug-2022 15:46:58.520 INFORMAÇÕES [http-nio-8080-exec-11] org.apache.catalina.core.StandardContext.reload Reloading Context with name [/PessoaWeb] has started
22-Aug-2022 15:46:58.796 INFORMAÇÕES [http-nio-8080-exec-11] org.apache.jasper.servlet.TldScanner.scanJars At least one JAR was scanned for TLDs yet contained no TLDs. Enable debug logging for this logger for a complete list of JARs that were scanned but no TLDs were found in them. Skipping unneeded JARs during scanning can improve startup time and JSP compilation time.
22-Aug-2022 15:46:58.797 INFORMAÇÕES [http-nio-8080-exec-11] org.apache.catalina.core.StandardContext.reload Reloading Context with name [/PessoaWeb] is completed
22-Aug-2022 15:47:25.526 INFORMAÇÕES [http-nio-8080-exec-5] org.apache.catalina.core.StandardContext.reload Reloading Context with name [/PessoaWeb] has started
22-Aug-2022 15:47:25.813 INFORMAÇÕES [http-nio-8080-exec-5] org.apache.jasper.servlet.TldScanner.scanJars At least one JAR was scanned for TLDs yet contained no TLDs. Enable debug logging for this logger for a complete list of JARs that were scanned but no TLDs were found in them. Skipping unneeded JARs during scanning can improve startup time and JSP compilation time.
22-Aug-2022 15:47:25.814 INFORMAÇÕES [http-nio-8080-exec-5] org.apache.catalina.core.StandardContext.reload Reloading Context with name [/PessoaWeb] is completed
22-Aug-2022 15:48:11.020 INFORMAÇÕES [http-nio-8080-exec-15] org.apache.catalina.core.StandardContext.reload Reloading Context with name [/PessoaWeb] has started
22-Aug-2022 15:48:11.306 INFORMAÇÕES [http-nio-8080-exec-15] org.apache.jasper.servlet.TldScanner.scanJars At least one JAR was scanned for TLDs yet contained no TLDs. Enable debug logging for this logger for a complete list of JARs that were scanned but no TLDs were found in them. Skipping unneeded JARs during scanning can improve startup time and JSP compilation time.
22-Aug-2022 15:48:11.307 INFORMAÇÕES [http-nio-8080-exec-15] org.apache.catalina.core.StandardContext.reload Reloading Context with name [/PessoaWeb] is completed
22-Aug-2022 15:48:12.476 INFORMAÇÕES [http-nio-8080-exec-9] org.apache.catalina.core.StandardContext.reload Reloading Context with name [/PessoaWeb] has started
22-Aug-2022 15:48:12.735 INFORMAÇÕES [http-nio-8080-exec-9] org.apache.jasper.servlet.TldScanner.scanJars At least one JAR was scanned for TLDs yet contained no TLDs. Enable debug logging for this logger for a complete list of JARs that were scanned but no TLDs were found in them. Skipping unneeded JARs during scanning can improve startup time and JSP compilation time.
22-Aug-2022 15:48:12.737 INFORMAÇÕES [http-nio-8080-exec-9] org.apache.catalina.core.StandardContext.reload Reloading Context with name [/PessoaWeb] is completed
22-Aug-2022 15:50:35.985 INFORMAÇÕES [http-nio-8080-exec-23] org.apache.catalina.core.StandardContext.reload Reloading Context with name [/PessoaWeb] has started
22-Aug-2022 15:50:36.262 INFORMAÇÕES [http-nio-8080-exec-23] org.apache.jasper.servlet.TldScanner.scanJars At least one JAR was scanned for TLDs yet contained no TLDs. Enable debug logging for this logger for a complete list of JARs that were scanned but no TLDs were found in them. Skipping unneeded JARs during scanning can improve startup time and JSP compilation time.
22-Aug-2022 15:50:36.264 INFORMAÇÕES [http-nio-8080-exec-23] org.apache.catalina.core.StandardContext.reload Reloading Context with name [/PessoaWeb] is completed
22-Aug-2022 15:50:43.546 INFORMAÇÕES [http-nio-8080-exec-32] org.apache.catalina.core.StandardContext.reload Reloading Context with name [/PessoaWeb] has started
22-Aug-2022 15:50:43.805 INFORMAÇÕES [http-nio-8080-exec-32] org.apache.jasper.servlet.TldScanner.scanJars At least one JAR was scanned for TLDs yet contained no TLDs. Enable debug logging for this logger for a complete list of JARs that were scanned but no TLDs were found in them. Skipping unneeded JARs during scanning can improve startup time and JSP compilation time.
22-Aug-2022 15:50:43.806 INFORMAÇÕES [http-nio-8080-exec-32] org.apache.catalina.core.StandardContext.reload Reloading Context with name [/PessoaWeb] is completed
22-Aug-2022 15:56:35.459 INFORMAÇÕES [http-nio-8080-exec-34] org.apache.catalina.core.StandardContext.reload Reloading Context with name [/PessoaWeb] has started
22-Aug-2022 15:56:35.732 INFORMAÇÕES [http-nio-8080-exec-34] org.apache.jasper.servlet.TldScanner.scanJars At least one JAR was scanned for TLDs yet contained no TLDs. Enable debug logging for this logger for a complete list of JARs that were scanned but no TLDs were found in them. Skipping unneeded JARs during scanning can improve startup time and JSP compilation time.
22-Aug-2022 15:56:35.733 INFORMAÇÕES [http-nio-8080-exec-34] org.apache.catalina.core.StandardContext.reload Reloading Context with name [/PessoaWeb] is completed
22-Aug-2022 15:59:19.946 INFORMAÇÕES [http-nio-8080-exec-49] org.apache.catalina.core.StandardContext.reload Reloading Context with name [/PessoaWeb] has started
22-Aug-2022 15:59:20.219 INFORMAÇÕES [http-nio-8080-exec-49] org.apache.jasper.servlet.TldScanner.scanJars At least one JAR was scanned for TLDs yet contained no TLDs. Enable debug logging for this logger for a complete list of JARs that were scanned but no TLDs were found in them. Skipping unneeded JARs during scanning can improve startup time and JSP compilation time.
22-Aug-2022 15:59:20.220 INFORMAÇÕES [http-nio-8080-exec-49] org.apache.catalina.core.StandardContext.reload Reloading Context with name [/PessoaWeb] is completed
22-Aug-2022 16:01:43.813 INFORMAÇÕES [http-nio-8080-exec-58] org.apache.catalina.core.StandardContext.reload Reloading Context with name [/PessoaWeb] has started
22-Aug-2022 16:01:44.081 INFORMAÇÕES [http-nio-8080-exec-58] org.apache.jasper.servlet.TldScanner.scanJars At least one JAR was scanned for TLDs yet contained no TLDs. Enable debug logging for this logger for a complete list of JARs that were scanned but no TLDs were found in them. Skipping unneeded JARs during scanning can improve startup time and JSP compilation time.
22-Aug-2022 16:01:44.083 INFORMAÇÕES [http-nio-8080-exec-58] org.apache.catalina.core.StandardContext.reload Reloading Context with name [/PessoaWeb] is completed
22-Aug-2022 16:04:31.980 INFORMAÇÕES [http-nio-8080-exec-55] org.apache.catalina.core.StandardContext.reload Reloading Context with name [/PessoaWeb] has started
22-Aug-2022 16:04:32.249 INFORMAÇÕES [http-nio-8080-exec-55] org.apache.jasper.servlet.TldScanner.scanJars At least one JAR was scanned for TLDs yet contained no TLDs. Enable debug logging for this logger for a complete list of JARs that were scanned but no TLDs were found in them. Skipping unneeded JARs during scanning can improve startup time and JSP compilation time.
22-Aug-2022 16:04:32.251 INFORMAÇÕES [http-nio-8080-exec-55] org.apache.catalina.core.StandardContext.reload Reloading Context with name [/PessoaWeb] is completed
22-Aug-2022 16:04:56.137 INFORMAÇÕES [http-nio-8080-exec-60] org.apache.catalina.core.StandardContext.reload Reloading Context with name [/PessoaWeb] has started
22-Aug-2022 16:04:56.408 INFORMAÇÕES [http-nio-8080-exec-60] org.apache.jasper.servlet.TldScanner.scanJars At least one JAR was scanned for TLDs yet contained no TLDs. Enable debug logging for this logger for a complete list of JARs that were scanned but no TLDs were found in them. Skipping unneeded JARs during scanning can improve startup time and JSP compilation time.
22-Aug-2022 16:04:56.410 INFORMAÇÕES [http-nio-8080-exec-60] org.apache.catalina.core.StandardContext.reload Reloading Context with name [/PessoaWeb] is completed
22-Aug-2022 16:19:54.840 INFORMAÇÕES [http-nio-8080-exec-70] org.apache.catalina.core.StandardContext.reload Reloading Context with name [/PessoaWeb] has started
22-Aug-2022 16:19:55.128 INFORMAÇÕES [http-nio-8080-exec-70] org.apache.jasper.servlet.TldScanner.scanJars At least one JAR was scanned for TLDs yet contained no TLDs. Enable debug logging for this logger for a complete list of JARs that were scanned but no TLDs were found in them. Skipping unneeded JARs during scanning can improve startup time and JSP compilation time.
22-Aug-2022 16:19:55.129 INFORMAÇÕES [http-nio-8080-exec-70] org.apache.catalina.core.StandardContext.reload Reloading Context with name [/PessoaWeb] is completed
22-Aug-2022 16:19:59.019 INFORMAÇÕES [http-nio-8080-exec-67] org.apache.catalina.core.StandardContext.reload Reloading Context with name [/PessoaWeb] has started
22-Aug-2022 16:19:59.272 INFORMAÇÕES [http-nio-8080-exec-67] org.apache.jasper.servlet.TldScanner.scanJars At least one JAR was scanned for TLDs yet contained no TLDs. Enable debug logging for this logger for a complete list of JARs that were scanned but no TLDs were found in them. Skipping unneeded JARs during scanning can improve startup time and JSP compilation time.
22-Aug-2022 16:19:59.273 INFORMAÇÕES [http-nio-8080-exec-67] org.apache.catalina.core.StandardContext.reload Reloading Context with name [/PessoaWeb] is completed
22-Aug-2022 16:29:20.819 INFORMAÇÕES [main] org.apache.catalina.core.StandardServer.await A valid shutdown command was received via the shutdown port. Stopping the Server instance.
22-Aug-2022 16:29:20.820 INFORMAÇÕES [main] org.apache.coyote.AbstractProtocol.pause Pausing ProtocolHandler ["http-nio-8080"]
22-Aug-2022 16:29:20.902 INFORMAÇÕES [main] org.apache.catalina.core.StandardService.stopInternal Stopping service [Catalina]
22-Aug-2022 16:29:20.912 INFORMAÇÕES [main] org.apache.coyote.AbstractProtocol.stop Stopping ProtocolHandler ["http-nio-8080"]
22-Aug-2022 16:29:20.916 INFORMAÇÕES [main] org.apache.coyote.AbstractProtocol.destroy Destroying ProtocolHandler ["http-nio-8080"]
22-Aug-2022 18:17:36.829 INFORMAÇÕES [main] org.apache.catalina.startup.VersionLoggerListener.log Server version name:   Apache Tomcat/10.0.23
22-Aug-2022 18:17:36.831 INFORMAÇÕES [main] org.apache.catalina.startup.VersionLoggerListener.log Server built:          Jul 14 2022 08:16:11 UTC
22-Aug-2022 18:17:36.831 INFORMAÇÕES [main] org.apache.catalina.startup.VersionLoggerListener.log Server version number: 10.0.23.0
22-Aug-2022 18:17:36.831 INFORMAÇÕES [main] org.apache.catalina.startup.VersionLoggerListener.log OS Name:               Windows 10
22-Aug-2022 18:17:36.831 INFORMAÇÕES [main] org.apache.catalina.startup.VersionLoggerListener.log OS Version:            10.0
22-Aug-2022 18:17:36.831 INFORMAÇÕES [main] org.apache.catalina.startup.VersionLoggerListener.log Architecture:          amd64
22-Aug-2022 18:17:36.832 INFORMAÇÕES [main] org.apache.catalina.startup.VersionLoggerListener.log Java Home:             C:\Program Files\Java\jdk1.8.0_202\jre
22-Aug-2022 18:17:36.832 INFORMAÇÕES [main] org.apache.catalina.startup.VersionLoggerListener.log JVM Version:           1.8.0_202-b08
22-Aug-2022 18:17:36.832 INFORMAÇÕES [main] org.apache.catalina.startup.VersionLoggerListener.log JVM Vendor:            Oracle Corporation
22-Aug-2022 18:17:36.832 INFORMAÇÕES [main] org.apache.catalina.startup.VersionLoggerListener.log CATALINA_BASE:         C:\Users\User\OneDrive\Documentos\NetBeansProjects\apache-tomcat-10.0.23
22-Aug-2022 18:17:36.832 INFORMAÇÕES [main] org.apache.catalina.startup.VersionLoggerListener.log CATALINA_HOME:         C:\Users\User\OneDrive\Documentos\NetBeansProjects\apache-tomcat-10.0.23
22-Aug-2022 18:17:36.833 INFORMAÇÕES [main] org.apache.catalina.startup.VersionLoggerListener.log Command line argument: -Djava.util.logging.config.file=C:\Users\User\OneDrive\Documentos\NetBeansProjects\apache-tomcat-10.0.23\conf\logging.properties
22-Aug-2022 18:17:36.833 INFORMAÇÕES [main] org.apache.catalina.startup.VersionLoggerListener.log Command line argument: -Djava.util.logging.manager=org.apache.juli.ClassLoaderLogManager
22-Aug-2022 18:17:36.833 INFORMAÇÕES [main] org.apache.catalina.startup.VersionLoggerListener.log Command line argument: -Dhttp.nonProxyHosts=localhost|127.0.0.1|DESKTOP-2UF3N87
22-Aug-2022 18:17:36.833 INFORMAÇÕES [main] org.apache.catalina.startup.VersionLoggerListener.log Command line argument: -Djdk.tls.ephemeralDHKeySize=2048
22-Aug-2022 18:17:36.833 INFORMAÇÕES [main] org.apache.catalina.startup.VersionLoggerListener.log Command line argument: -Djava.protocol.handler.pkgs=org.apache.catalina.webresources
22-Aug-2022 18:17:36.833 INFORMAÇÕES [main] org.apache.catalina.startup.VersionLoggerListener.log Command line argument: -Dignore.endorsed.dirs=
22-Aug-2022 18:17:36.833 INFORMAÇÕES [main] org.apache.catalina.startup.VersionLoggerListener.log Command line argument: -Dcatalina.base=C:\Users\User\OneDrive\Documentos\NetBeansProjects\apache-tomcat-10.0.23
22-Aug-2022 18:17:36.833 INFORMAÇÕES [main] org.apache.catalina.startup.VersionLoggerListener.log Command line argument: -Dcatalina.home=C:\Users\User\OneDrive\Documentos\NetBeansProjects\apache-tomcat-10.0.23
22-Aug-2022 18:17:36.833 INFORMAÇÕES [main] org.apache.catalina.startup.VersionLoggerListener.log Command line argument: -Djava.io.tmpdir=C:\Users\User\OneDrive\Documentos\NetBeansProjects\apache-tomcat-10.0.23\temp
22-Aug-2022 18:17:36.842 INFORMAÇÕES [main] org.apache.catalina.core.AprLifecycleListener.lifecycleEvent The Apache Tomcat Native library which allows using OpenSSL was not found on the java.library.path: [C:\Program Files\Java\jdk1.8.0_202\bin;C:\WINDOWS\Sun\Java\bin;C:\WINDOWS\system32;C:\WINDOWS;C:\Program Files (x86)\Common Files\Oracle\Java\javapath;C:\WINDOWS\system32;C:\WINDOWS;C:\WINDOWS\System32\Wbem;C:\WINDOWS\System32\WindowsPowerShell\v1.0\;C:\WINDOWS\System32\OpenSSH\;C:\Program Files\Git\cmd;C:\Program Files (x86)\NVIDIA Corporation\PhysX\Common;C:\Program Files\NVIDIA Corporation\NVIDIA NvDLISR;C:\ProgramData\UNIVALI\Portugol Studio;C:\Program Files\wooting-analog-sdk\;C:\Program Files\nodejs\;C:\Program Files (x86)\dotnet\;C:\Users\User\AppData\Local\Microsoft\WindowsApps;C:\Users\User\AppData\Local\Programs\Microsoft VS Code\bin;C:\Users\User\AppData\Roaming\npm;.]
22-Aug-2022 18:17:37.059 INFORMAÇÕES [main] org.apache.coyote.AbstractProtocol.init Initializing ProtocolHandler ["http-nio-8080"]
22-Aug-2022 18:17:37.071 INFORMAÇÕES [main] org.apache.catalina.startup.Catalina.load Server initialization in [365] milliseconds
22-Aug-2022 18:17:37.094 INFORMAÇÕES [main] org.apache.catalina.core.StandardService.startInternal Starting service [Catalina]
22-Aug-2022 18:17:37.094 INFORMAÇÕES [main] org.apache.catalina.core.StandardEngine.startInternal Starting Servlet engine: [Apache Tomcat/10.0.23]
22-Aug-2022 18:17:37.101 INFORMAÇÕES [main] org.apache.catalina.startup.HostConfig.deployDescriptor Deploying deployment descriptor [C:\Users\User\OneDrive\Documentos\NetBeansProjects\apache-tomcat-10.0.23\conf\Catalina\localhost\PessoaWeb.xml]
22-Aug-2022 18:17:37.115 ADVERTÊNCIA [main] org.apache.catalina.startup.HostConfig.deployDescriptor The path attribute with value [/PessoaWeb] in deployment descriptor [C:\Users\User\OneDrive\Documentos\NetBeansProjects\apache-tomcat-10.0.23\conf\Catalina\localhost\PessoaWeb.xml] has been ignored
22-Aug-2022 18:17:37.738 INFORMAÇÕES [main] org.apache.jasper.servlet.TldScanner.scanJars At least one JAR was scanned for TLDs yet contained no TLDs. Enable debug logging for this logger for a complete list of JARs that were scanned but no TLDs were found in them. Skipping unneeded JARs during scanning can improve startup time and JSP compilation time.
22-Aug-2022 18:17:37.852 INFORMAÇÕES [main] org.apache.catalina.startup.HostConfig.deployDescriptor Deployment of deployment descriptor [C:\Users\User\OneDrive\Documentos\NetBeansProjects\apache-tomcat-10.0.23\conf\Catalina\localhost\PessoaWeb.xml] has finished in [749] ms
22-Aug-2022 18:17:37.852 INFORMAÇÕES [main] org.apache.catalina.startup.HostConfig.deployDirectory Diretório de instalação da aplicação web [C:\Users\User\OneDrive\Documentos\NetBeansProjects\apache-tomcat-10.0.23\webapps\docs]
22-Aug-2022 18:17:37.873 INFORMAÇÕES [main] org.apache.catalina.startup.HostConfig.deployDirectory Deployment of web application directory [C:\Users\User\OneDrive\Documentos\NetBeansProjects\apache-tomcat-10.0.23\webapps\docs] has finished in [21] ms
22-Aug-2022 18:17:37.873 INFORMAÇÕES [main] org.apache.catalina.startup.HostConfig.deployDirectory Diretório de instalação da aplicação web [C:\Users\User\OneDrive\Documentos\NetBeansProjects\apache-tomcat-10.0.23\webapps\examples]
22-Aug-2022 18:17:38.398 INFORMAÇÕES [main] org.apache.catalina.startup.HostConfig.deployDirectory Deployment of web application directory [C:\Users\User\OneDrive\Documentos\NetBeansProjects\apache-tomcat-10.0.23\webapps\examples] has finished in [525] ms
22-Aug-2022 18:17:38.398 INFORMAÇÕES [main] org.apache.catalina.startup.HostConfig.deployDirectory Diretório de instalação da aplicação web [C:\Users\User\OneDrive\Documentos\NetBeansProjects\apache-tomcat-10.0.23\webapps\host-manager]
22-Aug-2022 18:17:38.428 INFORMAÇÕES [main] org.apache.catalina.startup.HostConfig.deployDirectory Deployment of web application directory [C:\Users\User\OneDrive\Documentos\NetBeansProjects\apache-tomcat-10.0.23\webapps\host-manager] has finished in [29] ms
22-Aug-2022 18:17:38.428 INFORMAÇÕES [main] org.apache.catalina.startup.HostConfig.deployDirectory Diretório de instalação da aplicação web [C:\Users\User\OneDrive\Documentos\NetBeansProjects\apache-tomcat-10.0.23\webapps\manager]
22-Aug-2022 18:17:38.457 INFORMAÇÕES [main] org.apache.catalina.startup.HostConfig.deployDirectory Deployment of web application directory [C:\Users\User\OneDrive\Documentos\NetBeansProjects\apache-tomcat-10.0.23\webapps\manager] has finished in [29] ms
22-Aug-2022 18:17:38.457 INFORMAÇÕES [main] org.apache.catalina.startup.HostConfig.deployDirectory Diretório de instalação da aplicação web [C:\Users\User\OneDrive\Documentos\NetBeansProjects\apache-tomcat-10.0.23\webapps\ROOT]
22-Aug-2022 18:17:38.476 INFORMAÇÕES [main] org.apache.catalina.startup.HostConfig.deployDirectory Deployment of web application directory [C:\Users\User\OneDrive\Documentos\NetBeansProjects\apache-tomcat-10.0.23\webapps\ROOT] has finished in [19] ms
22-Aug-2022 18:17:38.478 INFORMAÇÕES [main] org.apache.coyote.AbstractProtocol.start Starting ProtocolHandler ["http-nio-8080"]
22-Aug-2022 18:17:38.492 INFORMAÇÕES [main] org.apache.catalina.startup.Catalina.start Server startup in [1421] milliseconds
22-Aug-2022 18:17:40.622 INFORMAÇÕES [http-nio-8080-exec-1] org.apache.catalina.core.StandardContext.reload Reloading Context with name [/PessoaWeb] has started
22-Aug-2022 18:17:40.911 INFORMAÇÕES [http-nio-8080-exec-1] org.apache.jasper.servlet.TldScanner.scanJars At least one JAR was scanned for TLDs yet contained no TLDs. Enable debug logging for this logger for a complete list of JARs that were scanned but no TLDs were found in them. Skipping unneeded JARs during scanning can improve startup time and JSP compilation time.
22-Aug-2022 18:17:40.913 INFORMAÇÕES [http-nio-8080-exec-1] org.apache.catalina.core.StandardContext.reload Reloading Context with name [/PessoaWeb] is completed
22-Aug-2022 19:50:34.570 INFORMAÇÕES [http-nio-8080-exec-17] org.apache.catalina.core.StandardContext.reload Reloading Context with name [/PessoaWeb] has started
22-Aug-2022 19:50:35.049 INFORMAÇÕES [http-nio-8080-exec-17] org.apache.jasper.servlet.TldScanner.scanJars At least one JAR was scanned for TLDs yet contained no TLDs. Enable debug logging for this logger for a complete list of JARs that were scanned but no TLDs were found in them. Skipping unneeded JARs during scanning can improve startup time and JSP compilation time.
22-Aug-2022 19:50:35.050 INFORMAÇÕES [http-nio-8080-exec-17] org.apache.catalina.core.StandardContext.reload Reloading Context with name [/PessoaWeb] is completed
22-Aug-2022 19:50:36.898 INFORMAÇÕES [http-nio-8080-exec-11] org.apache.catalina.core.StandardContext.reload Reloading Context with name [/PessoaWeb] has started
22-Aug-2022 19:50:37.166 INFORMAÇÕES [http-nio-8080-exec-11] org.apache.jasper.servlet.TldScanner.scanJars At least one JAR was scanned for TLDs yet contained no TLDs. Enable debug logging for this logger for a complete list of JARs that were scanned but no TLDs were found in them. Skipping unneeded JARs during scanning can improve startup time and JSP compilation time.
22-Aug-2022 19:50:37.167 INFORMAÇÕES [http-nio-8080-exec-11] org.apache.catalina.core.StandardContext.reload Reloading Context with name [/PessoaWeb] is completed
22-Aug-2022 19:50:46.850 INFORMAÇÕES [main] org.apache.catalina.core.StandardServer.await A valid shutdown command was received via the shutdown port. Stopping the Server instance.
22-Aug-2022 19:50:46.851 INFORMAÇÕES [main] org.apache.coyote.AbstractProtocol.pause Pausing ProtocolHandler ["http-nio-8080"]
22-Aug-2022 19:50:46.928 INFORMAÇÕES [main] org.apache.catalina.core.StandardService.stopInternal Stopping service [Catalina]
22-Aug-2022 19:50:46.937 INFORMAÇÕES [main] org.apache.coyote.AbstractProtocol.stop Stopping ProtocolHandler ["http-nio-8080"]
22-Aug-2022 19:50:46.940 INFORMAÇÕES [main] org.apache.coyote.AbstractProtocol.destroy Destroying ProtocolHandler ["http-nio-8080"]
