02-Sep-2022 12:00:01.276 INFORMAÇÕES [http-nio-8080-exec-5] org.apache.catalina.core.ApplicationContext.log Manager: init: Associated with Deployer 'Catalina:type=Deployer,host=localhost'
02-Sep-2022 12:00:01.276 INFORMAÇÕES [http-nio-8080-exec-5] org.apache.catalina.core.ApplicationContext.log Manager: init: Global resources are available
02-Sep-2022 12:00:01.292 INFORMAÇÕES [http-nio-8080-exec-4] org.apache.catalina.core.ApplicationContext.log Manager: list: Listing contexts for virtual host 'localhost'
02-Sep-2022 12:00:01.297 INFORMAÇÕES [http-nio-8080-exec-10] org.apache.catalina.core.ApplicationContext.log Manager: list: Listing contexts for virtual host 'localhost'
02-Sep-2022 12:00:01.326 INFORMAÇÕES [http-nio-8080-exec-2] org.apache.catalina.core.ApplicationContext.log Manager: restart: Reloading web application '/Back-End'
02-Sep-2022 12:01:52.686 INFORMAÇÕES [http-nio-8080-exec-13] org.apache.catalina.core.ApplicationContext.log Manager: list: Listing contexts for virtual host 'localhost'
02-Sep-2022 12:01:52.691 INFORMAÇÕES [http-nio-8080-exec-14] org.apache.catalina.core.ApplicationContext.log Manager: restart: Reloading web application '/Back-End'
02-Sep-2022 12:02:02.351 INFORMAÇÕES [http-nio-8080-exec-19] org.apache.catalina.core.ApplicationContext.log Manager: list: Listing contexts for virtual host 'localhost'
02-Sep-2022 12:02:02.353 INFORMAÇÕES [http-nio-8080-exec-16] org.apache.catalina.core.ApplicationContext.log Manager: list: Listing contexts for virtual host 'localhost'
02-Sep-2022 12:02:02.371 INFORMAÇÕES [http-nio-8080-exec-12] org.apache.catalina.core.ApplicationContext.log Manager: restart: Reloading web application '/Back-End'
02-Sep-2022 12:41:45.201 INFORMAÇÕES [http-nio-8080-exec-23] org.apache.catalina.core.ApplicationContext.log Manager: list: Listing contexts for virtual host 'localhost'
02-Sep-2022 12:41:45.206 INFORMAÇÕES [http-nio-8080-exec-22] org.apache.catalina.core.ApplicationContext.log Manager: restart: Reloading web application '/Back-End'
02-Sep-2022 12:42:49.644 INFORMAÇÕES [http-nio-8080-exec-21] org.apache.catalina.core.ApplicationContext.log Manager: list: Listing contexts for virtual host 'localhost'
02-Sep-2022 12:42:49.650 INFORMAÇÕES [http-nio-8080-exec-24] org.apache.catalina.core.ApplicationContext.log Manager: restart: Reloading web application '/Back-End'
02-Sep-2022 13:57:05.168 INFORMAÇÕES [http-nio-8080-exec-4] org.apache.catalina.core.ApplicationContext.log Manager: init: Associated with Deployer 'Catalina:type=Deployer,host=localhost'
02-Sep-2022 13:57:05.168 INFORMAÇÕES [http-nio-8080-exec-4] org.apache.catalina.core.ApplicationContext.log Manager: init: Global resources are available
02-Sep-2022 13:57:05.194 INFORMAÇÕES [http-nio-8080-exec-9] org.apache.catalina.core.ApplicationContext.log Manager: list: Listing contexts for virtual host 'localhost'
02-Sep-2022 13:57:05.198 INFORMAÇÕES [http-nio-8080-exec-10] org.apache.catalina.core.ApplicationContext.log Manager: list: Listing contexts for virtual host 'localhost'
02-Sep-2022 13:57:05.219 INFORMAÇÕES [http-nio-8080-exec-1] org.apache.catalina.core.ApplicationContext.log Manager: restart: Reloading web application '/Back-End'
02-Sep-2022 13:57:36.974 INFORMAÇÕES [http-nio-8080-exec-6] org.apache.catalina.core.ApplicationContext.log Manager: list: Listing contexts for virtual host 'localhost'
02-Sep-2022 13:57:36.981 INFORMAÇÕES [http-nio-8080-exec-2] org.apache.catalina.core.ApplicationContext.log Manager: undeploy: Undeploying web application at '/Back-End'
02-Sep-2022 13:57:37.494 INFORMAÇÕES [http-nio-8080-exec-11] org.apache.catalina.core.ApplicationContext.log Manager: install: Installing context configuration at 'file:/C:/Users/User/AppData/Local/Temp/context696664407343757119.xml'
02-Sep-2022 13:59:56.609 INFORMAÇÕES [http-nio-8080-exec-6] org.apache.catalina.core.ApplicationContext.log Manager: init: Associated with Deployer 'Catalina:type=Deployer,host=localhost'
02-Sep-2022 13:59:56.609 INFORMAÇÕES [http-nio-8080-exec-6] org.apache.catalina.core.ApplicationContext.log Manager: init: Global resources are available
02-Sep-2022 13:59:56.632 INFORMAÇÕES [http-nio-8080-exec-2] org.apache.catalina.core.ApplicationContext.log Manager: list: Listing contexts for virtual host 'localhost'
02-Sep-2022 13:59:56.636 INFORMAÇÕES [http-nio-8080-exec-1] org.apache.catalina.core.ApplicationContext.log Manager: list: Listing contexts for virtual host 'localhost'
02-Sep-2022 13:59:56.644 INFORMAÇÕES [http-nio-8080-exec-3] org.apache.catalina.core.ApplicationContext.log Manager: undeploy: Undeploying web application at '/Back-End'
02-Sep-2022 13:59:57.169 INFORMAÇÕES [http-nio-8080-exec-7] org.apache.catalina.core.ApplicationContext.log Manager: install: Installing context configuration at 'file:/C:/Users/User/AppData/Local/Temp/context5996530018335771153.xml'
02-Sep-2022 13:59:57.439 INFORMAÇÕES [http-nio-8080-exec-2] org.apache.catalina.core.ApplicationContext.log Manager: start: Starting web application '/Back-End/index.html'
02-Sep-2022 14:21:15.247 INFORMAÇÕES [http-nio-8080-exec-2] org.apache.catalina.core.ApplicationContext.log Manager: init: Associated with Deployer 'Catalina:type=Deployer,host=localhost'
02-Sep-2022 14:21:15.247 INFORMAÇÕES [http-nio-8080-exec-2] org.apache.catalina.core.ApplicationContext.log Manager: init: Global resources are available
02-Sep-2022 14:21:15.273 INFORMAÇÕES [http-nio-8080-exec-9] org.apache.catalina.core.ApplicationContext.log Manager: list: Listing contexts for virtual host 'localhost'
02-Sep-2022 14:21:15.278 INFORMAÇÕES [http-nio-8080-exec-10] org.apache.catalina.core.ApplicationContext.log Manager: list: Listing contexts for virtual host 'localhost'
